<?xml version="1.0" encoding="UTF-8"?>
<robot generator="Robot 7.3.2 (Python 3.14.0 on win32)" generated="2026-01-30T13:50:42.775575" rpa="false" schemaversion="5">
<suite id="s1" name="TC 5" source="C:\Users\Thithawat.t\Documents\GitHub\desktop-tutorial-test\lotus\Testcases\TC_5.robot">
<test id="s1-t1" name="Verify that the product name, category name, and quantity are displayed correctly and consistently across all relevant pages (PLP, PDP, and Cart)." line="7">
<kw name="Open Lotus Website" owner="Feature" type="SETUP">
<kw name="Open Browser" owner="SeleniumLibrary">
<msg time="2026-01-30T13:50:43.153838" level="INFO">Opening browser 'Chrome' to base url 'https://www.lotuss.com/th'.</msg>
<arg>${browser_settings.url}</arg>
<arg>${browser_settings.browser}</arg>
<doc>Opens a new browser instance to the optional ``url``.</doc>
<status status="PASS" start="2026-01-30T13:50:43.153146" elapsed="2.031678"/>
</kw>
<kw name="Accept cookies" owner="Page_home">
<kw name="Handle optional popup" owner="Common">
<kw name="Run Keyword And Return Status" owner="BuiltIn">
<kw name="Wait Until Element Is Visible" owner="SeleniumLibrary">
<arg>${locator}</arg>
<arg>${timeout}</arg>
<doc>Waits until the element ``locator`` is visible.</doc>
<status status="PASS" start="2026-01-30T13:50:45.187159" elapsed="5.459671"/>
</kw>
<msg time="2026-01-30T13:50:50.647059" level="INFO">${status} = True</msg>
<var>${status}</var>
<arg>SeleniumLibrary.Wait until element is visible</arg>
<arg>${locator}</arg>
<arg>${timeout}</arg>
<doc>Runs the given keyword with given arguments and returns the status as a Boolean value.</doc>
<status status="PASS" start="2026-01-30T13:50:45.186864" elapsed="5.460244"/>
</kw>
<if>
<branch type="IF" condition="${status}">
<kw name="Click Element" owner="SeleniumLibrary">
<msg time="2026-01-30T13:50:50.647954" level="INFO">Clicking element '//button[@id="onetrust-accept-btn-handler"]'.</msg>
<arg>${locator}</arg>
<doc>Click the element identified by ``locator``.</doc>
<status status="PASS" start="2026-01-30T13:50:50.647741" elapsed="0.615792"/>
</kw>
<kw name="Log To Console" owner="BuiltIn">
<arg>banner closed.</arg>
<doc>Logs the given message to the console.</doc>
<status status="PASS" start="2026-01-30T13:50:51.263709" elapsed="0.000393"/>
</kw>
<status status="PASS" start="2026-01-30T13:50:50.647264" elapsed="0.616914"/>
</branch>
<branch type="ELSE">
<kw name="Log To Console" owner="BuiltIn">
<arg>No banner.</arg>
<doc>Logs the given message to the console.</doc>
<status status="NOT RUN" start="2026-01-30T13:50:51.264405" elapsed="0.000030"/>
</kw>
<status status="NOT RUN" start="2026-01-30T13:50:51.264264" elapsed="0.000206"/>
</branch>
<status status="PASS" start="2026-01-30T13:50:50.647225" elapsed="0.617275"/>
</if>
<arg>${home_locator.btn_cookie}</arg>
<status status="PASS" start="2026-01-30T13:50:45.185862" elapsed="6.078716"/>
</kw>
<status status="PASS" start="2026-01-30T13:50:45.185270" elapsed="6.079390"/>
</kw>
<status status="PASS" start="2026-01-30T13:50:43.152696" elapsed="8.112006"/>
</kw>
<kw name="Verify All Categories" owner="Feature">
<kw name="Click category menu" owner="Page_home">
<kw name="Click Element" owner="SeleniumLibrary">
<msg time="2026-01-30T13:50:51.265975" level="INFO">Clicking element '//div[@class="mui-style-1w00pyg"]'.</msg>
<arg>${home_locator.btn_category}</arg>
<doc>Click the element identified by ``locator``.</doc>
<status status="PASS" start="2026-01-30T13:50:51.265590" elapsed="1.989512"/>
</kw>
<status status="PASS" start="2026-01-30T13:50:51.265426" elapsed="1.989916"/>
</kw>
<kw name="Get text list" owner="Common">
<kw name="Get WebElements" owner="SeleniumLibrary">
<msg time="2026-01-30T13:50:53.375697" level="INFO">@{all_elements} = [ &lt;selenium.webdriver.remote.webelement.WebElement (session="f9a6eaaf03ac7f0924d150839a7bd23d", element="f.13C8A9E844210074BDB1A35E1A428667.d.B5DFFB2A41FA24B9A0FD0C90F271FE11.e.137")&gt; | &lt;selenium.webd...</msg>
<var>@{all_elements}</var>
<arg>${locator}</arg>
<doc>Returns a list of WebElement objects matching the ``locator``.</doc>
<status status="PASS" start="2026-01-30T13:50:53.256888" elapsed="0.118883"/>
</kw>
<variable name="@{clean_list}">
<msg time="2026-01-30T13:50:53.376049" level="INFO">@{clean_list} = [ ]</msg>
<status status="PASS" start="2026-01-30T13:50:53.375896" elapsed="0.000192"/>
</variable>
<for flavor="IN">
<iter>
<kw name="Run Keyword And Ignore Error" owner="BuiltIn">
<kw name="Get Text" owner="SeleniumLibrary">
<arg>${elem}</arg>
<doc>Returns the text value of the element identified by ``locator``.</doc>
<status status="PASS" start="2026-01-30T13:50:53.377086" elapsed="0.036333"/>
</kw>
<msg time="2026-01-30T13:50:53.413679" level="INFO">${status} = PASS</msg>
<msg time="2026-01-30T13:50:53.413764" level="INFO">${text} = โปรเด็ก ผู้ใหญ่ และสัตว์เลี้ยง</msg>
<var>${status}</var>
<var>${text}</var>
<arg>SeleniumLibrary.Get text</arg>
<arg>${elem}</arg>
<doc>Runs the given keyword with the given arguments and ignores possible error.</doc>
<status status="PASS" start="2026-01-30T13:50:53.376837" elapsed="0.036970"/>
</kw>
<if>
<branch type="IF" condition="&quot;${status}&quot; == &quot;PASS&quot;">
<kw name="Evaluate" owner="BuiltIn">
<msg time="2026-01-30T13:50:53.414615" level="INFO">${clean_text} = โปรเด็ก ผู้ใหญ่ และสัตว์เลี้ยง</msg>
<var>${clean_text}</var>
<arg>"${text}".strip()</arg>
<doc>Evaluates the given expression in Python and returns the result.</doc>
<status status="PASS" start="2026-01-30T13:50:53.414311" elapsed="0.000423"/>
</kw>
<status status="PASS" start="2026-01-30T13:50:53.413974" elapsed="0.000849"/>
</branch>
<branch type="ELSE">
<kw name="Evaluate" owner="BuiltIn">
<var>${clean_text}</var>
<arg>"".strip()</arg>
<doc>Evaluates the given expression in Python and returns the result.</doc>
<status status="NOT RUN" start="2026-01-30T13:50:53.415033" elapsed="0.000047"/>
</kw>
<status status="NOT RUN" start="2026-01-30T13:50:53.414889" elapsed="0.000254"/>
</branch>
<status status="PASS" start="2026-01-30T13:50:53.413933" elapsed="0.001262"/>
</if>
<kw name="Log To Console" owner="BuiltIn">
<arg>${clean_text}</arg>
<doc>Logs the given message to the console.</doc>
<status status="PASS" start="2026-01-30T13:50:53.415300" elapsed="0.000483"/>
</kw>
<kw name="Run Keyword And Return Status" owner="BuiltIn">
<kw name="Element Should Be Visible" owner="SeleniumLibrary">
<msg time="2026-01-30T13:50:53.431007" level="INFO">Element '&lt;selenium.webdriver.remote.webelement.WebElement (session="f9a6eaaf03ac7f0924d150839a7bd23d", element="f.13C8A9E844210074BDB1A35E1A428667.d.B5DFFB2A41FA24B9A0FD0C90F271FE11.e.137")&gt;' is displayed.</msg>
<arg>${elem}</arg>
<doc>Verifies that the element identified by ``locator`` is visible.</doc>
<status status="PASS" start="2026-01-30T13:50:53.416064" elapsed="0.015138"/>
</kw>
<msg time="2026-01-30T13:50:53.431451" level="INFO">${is_visible} = True</msg>
<var>${is_visible}</var>
<arg>SeleniumLibrary.Element should be visible</arg>
<arg>${elem}</arg>
<doc>Runs the given keyword with given arguments and returns the status as a Boolean value.</doc>
<status status="PASS" start="2026-01-30T13:50:53.415933" elapsed="0.015572"/>
</kw>
<if>
<branch type="IF" condition="${is_visible} and '${clean_text}' != '${EMPTY}'">
<kw name="Run Keyword And Return Status" owner="BuiltIn">
<kw name="List Should Not Contain Value" owner="Collections">
<arg>${clean_list}</arg>
<arg>${clean_text}</arg>
<doc>Fails if the ``value`` is found from ``list``.</doc>
<status status="PASS" start="2026-01-30T13:50:53.433288" elapsed="0.000494"/>
</kw>
<msg time="2026-01-30T13:50:53.434052" level="INFO">${not_duplicate} = True</msg>
<var>${not_duplicate}</var>
<arg>Collections.List should not contain value</arg>
<arg>${clean_list}</arg>
<arg>${clean_text}</arg>
<doc>Runs the given keyword with given arguments and returns the status as a Boolean value.</doc>
<status status="PASS" start="2026-01-30T13:50:53.432757" elapsed="0.001342"/>
</kw>
<if>
<branch type="IF" condition="${not_duplicate}">
<kw name="Append To List" owner="Collections">
<arg>${clean_list}</arg>
<arg>${clean_text}</arg>
<doc>Adds ``values`` to the end of ``list``.</doc>
<status status="PASS" start="2026-01-30T13:50:53.434439" elapsed="0.000152"/>
</kw>
<status status="PASS" start="2026-01-30T13:50:53.434303" elapsed="0.000339"/>
</branch>
<status status="PASS" start="2026-01-30T13:50:53.434281" elapsed="0.000403"/>
</if>
<status status="PASS" start="2026-01-30T13:50:53.431703" elapsed="0.002999"/>
</branch>
<status status="PASS" start="2026-01-30T13:50:53.431658" elapsed="0.003074"/>
</if>
<kw name="Get Length" owner="BuiltIn">
<msg time="2026-01-30T13:50:53.434912" level="INFO">Length is 1.</msg>
<msg time="2026-01-30T13:50:53.434975" level="INFO">${count} = 1</msg>
<var>${count}</var>
<arg>${clean_list}</arg>
<doc>Returns and logs the length of the given item as an integer.</doc>
<status status="PASS" start="2026-01-30T13:50:53.434807" elapsed="0.000193"/>
</kw>
<var name="${elem}">&lt;selenium.webdriver.remote.webelement.WebElement (session="f9a6eaaf03ac7f0924d150839a7bd23d", element="f.13C8A9E844210074BDB1A35E1A428667.d.B5DFFB2A41FA24B9A0FD0C90F271FE11.e.137")&gt;</var>
<status status="PASS" start="2026-01-30T13:50:53.376595" elapsed="0.058451"/>
</iter>
<iter>
<kw name="Run Keyword And Ignore Error" owner="BuiltIn">
<kw name="Get Text" owner="SeleniumLibrary">
<arg>${elem}</arg>
<doc>Returns the text value of the element identified by ``locator``.</doc>
<status status="PASS" start="2026-01-30T13:50:53.435781" elapsed="0.015443"/>
</kw>
<msg time="2026-01-30T13:50:53.451581" level="INFO">${status} = PASS</msg>
<msg time="2026-01-30T13:50:53.451703" level="INFO">${text} = เนื้อสัตว์</msg>
<var>${status}</var>
<var>${text}</var>
<arg>SeleniumLibrary.Get text</arg>
<arg>${elem}</arg>
<doc>Runs the given keyword with the given arguments and ignores possible error.</doc>
<status status="PASS" start="2026-01-30T13:50:53.435520" elapsed="0.016237"/>
</kw>
<if>
<branch type="IF" condition="&quot;${status}&quot; == &quot;PASS&quot;">
<kw name="Evaluate" owner="BuiltIn">
<msg time="2026-01-30T13:50:53.454251" level="INFO">${clean_text} = เนื้อสัตว์</msg>
<var>${clean_text}</var>
<arg>"${text}".strip()</arg>
<doc>Evaluates the given expression in Python and returns the result.</doc>
<status status="PASS" start="2026-01-30T13:50:53.453218" elapsed="0.001199"/>
</kw>
<status status="PASS" start="2026-01-30T13:50:53.452115" elapsed="0.002456"/>
</branch>
<branch type="ELSE">
<kw name="Evaluate" owner="BuiltIn">
<var>${clean_text}</var>
<arg>"".strip()</arg>
<doc>Evaluates the given expression in Python and returns the result.</doc>
<status status="NOT RUN" start="2026-01-30T13:50:53.455181" elapsed="0.000088"/>
</kw>
<status status="NOT RUN" start="2026-01-30T13:50:53.454694" elapsed="0.000684"/>
</branch>
<status status="PASS" start="2026-01-30T13:50:53.452043" elapsed="0.003421"/>
</if>
<kw name="Log To Console" owner="BuiltIn">
<arg>${clean_text}</arg>
<doc>Logs the given message to the console.</doc>
<status status="PASS" start="2026-01-30T13:50:53.455633" elapsed="0.000586"/>
</kw>
<kw name="Run Keyword And Return Status" owner="BuiltIn">
<kw name="Element Should Be Visible" owner="SeleniumLibrary">
<msg time="2026-01-30T13:50:53.470965" level="INFO">Element '&lt;selenium.webdriver.remote.webelement.WebElement (session="f9a6eaaf03ac7f0924d150839a7bd23d", element="f.13C8A9E844210074BDB1A35E1A428667.d.B5DFFB2A41FA24B9A0FD0C90F271FE11.e.138")&gt;' is displayed.</msg>
<arg>${elem}</arg>
<doc>Verifies that the element identified by ``locator`` is visible.</doc>
<status status="PASS" start="2026-01-30T13:50:53.456866" elapsed="0.014309"/>
</kw>
<msg time="2026-01-30T13:50:53.471492" level="INFO">${is_visible} = True</msg>
<var>${is_visible}</var>
<arg>SeleniumLibrary.Element should be visible</arg>
<arg>${elem}</arg>
<doc>Runs the given keyword with given arguments and returns the status as a Boolean value.</doc>
<status status="PASS" start="2026-01-30T13:50:53.456491" elapsed="0.015047"/>
</kw>
<if>
<branch type="IF" condition="${is_visible} and '${clean_text}' != '${EMPTY}'">
<kw name="Run Keyword And Return Status" owner="BuiltIn">
<kw name="List Should Not Contain Value" owner="Collections">
<arg>${clean_list}</arg>
<arg>${clean_text}</arg>
<doc>Fails if the ``value`` is found from ``list``.</doc>
<status status="PASS" start="2026-01-30T13:50:53.472647" elapsed="0.000247"/>
</kw>
<msg time="2026-01-30T13:50:53.473037" level="INFO">${not_duplicate} = True</msg>
<var>${not_duplicate}</var>
<arg>Collections.List should not contain value</arg>
<arg>${clean_list}</arg>
<arg>${clean_text}</arg>
<doc>Runs the given keyword with given arguments and returns the status as a Boolean value.</doc>
<status status="PASS" start="2026-01-30T13:50:53.472441" elapsed="0.000670"/>
</kw>
<if>
<branch type="IF" condition="${not_duplicate}">
<kw name="Append To List" owner="Collections">
<arg>${clean_list}</arg>
<arg>${clean_text}</arg>
<doc>Adds ``values`` to the end of ``list``.</doc>
<status status="PASS" start="2026-01-30T13:50:53.473424" elapsed="0.000208"/>
</kw>
<status status="PASS" start="2026-01-30T13:50:53.473243" elapsed="0.000467"/>
</branch>
<status status="PASS" start="2026-01-30T13:50:53.473218" elapsed="0.000558"/>
</if>
<status status="PASS" start="2026-01-30T13:50:53.471683" elapsed="0.002125"/>
</branch>
<status status="PASS" start="2026-01-30T13:50:53.471652" elapsed="0.002207"/>
</if>
<kw name="Get Length" owner="BuiltIn">
<msg time="2026-01-30T13:50:53.474101" level="INFO">Length is 2.</msg>
<msg time="2026-01-30T13:50:53.474189" level="INFO">${count} = 2</msg>
<var>${count}</var>
<arg>${clean_list}</arg>
<doc>Returns and logs the length of the given item as an integer.</doc>
<status status="PASS" start="2026-01-30T13:50:53.473962" elapsed="0.000261"/>
</kw>
<var name="${elem}">&lt;selenium.webdriver.remote.webelement.WebElement (session="f9a6eaaf03ac7f0924d150839a7bd23d", element="f.13C8A9E844210074BDB1A35E1A428667.d.B5DFFB2A41FA24B9A0FD0C90F271FE11.e.138")&gt;</var>
<status status="PASS" start="2026-01-30T13:50:53.435374" elapsed="0.038913"/>
</iter>
<iter>
<kw name="Run Keyword And Ignore Error" owner="BuiltIn">
<kw name="Get Text" owner="SeleniumLibrary">
<arg>${elem}</arg>
<doc>Returns the text value of the element identified by ``locator``.</doc>
<status status="PASS" start="2026-01-30T13:50:53.474873" elapsed="0.017184"/>
</kw>
<msg time="2026-01-30T13:50:53.492284" level="INFO">${status} = PASS</msg>
<msg time="2026-01-30T13:50:53.492354" level="INFO">${text} = โปรเด็ดประจำสัปดาห์</msg>
<var>${status}</var>
<var>${text}</var>
<arg>SeleniumLibrary.Get text</arg>
<arg>${elem}</arg>
<doc>Runs the given keyword with the given arguments and ignores possible error.</doc>
<status status="PASS" start="2026-01-30T13:50:53.474710" elapsed="0.017686"/>
</kw>
<if>
<branch type="IF" condition="&quot;${status}&quot; == &quot;PASS&quot;">
<kw name="Evaluate" owner="BuiltIn">
<msg time="2026-01-30T13:50:53.493404" level="INFO">${clean_text} = โปรเด็ดประจำสัปดาห์</msg>
<var>${clean_text}</var>
<arg>"${text}".strip()</arg>
<doc>Evaluates the given expression in Python and returns the result.</doc>
<status status="PASS" start="2026-01-30T13:50:53.493077" elapsed="0.000388"/>
</kw>
<status status="PASS" start="2026-01-30T13:50:53.492649" elapsed="0.000907"/>
</branch>
<branch type="ELSE">
<kw name="Evaluate" owner="BuiltIn">
<var>${clean_text}</var>
<arg>"".strip()</arg>
<doc>Evaluates the given expression in Python and returns the result.</doc>
<status status="NOT RUN" start="2026-01-30T13:50:53.493828" elapsed="0.000055"/>
</kw>
<status status="NOT RUN" start="2026-01-30T13:50:53.493646" elapsed="0.000306"/>
</branch>
<status status="PASS" start="2026-01-30T13:50:53.492609" elapsed="0.001399"/>
</if>
<kw name="Log To Console" owner="BuiltIn">
<arg>${clean_text}</arg>
<doc>Logs the given message to the console.</doc>
<status status="PASS" start="2026-01-30T13:50:53.494180" elapsed="0.000534"/>
</kw>
<kw name="Run Keyword And Return Status" owner="BuiltIn">
<kw name="Element Should Be Visible" owner="SeleniumLibrary">
<msg time="2026-01-30T13:50:53.509348" level="INFO">Element '&lt;selenium.webdriver.remote.webelement.WebElement (session="f9a6eaaf03ac7f0924d150839a7bd23d", element="f.13C8A9E844210074BDB1A35E1A428667.d.B5DFFB2A41FA24B9A0FD0C90F271FE11.e.139")&gt;' is displayed.</msg>
<arg>${elem}</arg>
<doc>Verifies that the element identified by ``locator`` is visible.</doc>
<status status="PASS" start="2026-01-30T13:50:53.494973" elapsed="0.014531"/>
</kw>
<msg time="2026-01-30T13:50:53.509717" level="INFO">${is_visible} = True</msg>
<var>${is_visible}</var>
<arg>SeleniumLibrary.Element should be visible</arg>
<arg>${elem}</arg>
<doc>Runs the given keyword with given arguments and returns the status as a Boolean value.</doc>
<status status="PASS" start="2026-01-30T13:50:53.494854" elapsed="0.014909"/>
</kw>
<if>
<branch type="IF" condition="${is_visible} and '${clean_text}' != '${EMPTY}'">
<kw name="Run Keyword And Return Status" owner="BuiltIn">
<kw name="List Should Not Contain Value" owner="Collections">
<arg>${clean_list}</arg>
<arg>${clean_text}</arg>
<doc>Fails if the ``value`` is found from ``list``.</doc>
<status status="PASS" start="2026-01-30T13:50:53.511534" elapsed="0.000262"/>
</kw>
<msg time="2026-01-30T13:50:53.511941" level="INFO">${not_duplicate} = True</msg>
<var>${not_duplicate}</var>
<arg>Collections.List should not contain value</arg>
<arg>${clean_list}</arg>
<arg>${clean_text}</arg>
<doc>Runs the given keyword with given arguments and returns the status as a Boolean value.</doc>
<status status="PASS" start="2026-01-30T13:50:53.511272" elapsed="0.000708"/>
</kw>
<if>
<branch type="IF" condition="${not_duplicate}">
<kw name="Append To List" owner="Collections">
<arg>${clean_list}</arg>
<arg>${clean_text}</arg>
<doc>Adds ``values`` to the end of ``list``.</doc>
<status status="PASS" start="2026-01-30T13:50:53.512314" elapsed="0.000200"/>
</kw>
<status status="PASS" start="2026-01-30T13:50:53.512136" elapsed="0.000454"/>
</branch>
<status status="PASS" start="2026-01-30T13:50:53.512110" elapsed="0.000542"/>
</if>
<status status="PASS" start="2026-01-30T13:50:53.510046" elapsed="0.002638"/>
</branch>
<status status="PASS" start="2026-01-30T13:50:53.510002" elapsed="0.002735"/>
</if>
<kw name="Get Length" owner="BuiltIn">
<msg time="2026-01-30T13:50:53.513038" level="INFO">Length is 3.</msg>
<msg time="2026-01-30T13:50:53.513230" level="INFO">${count} = 3</msg>
<var>${count}</var>
<arg>${clean_list}</arg>
<doc>Returns and logs the length of the given item as an integer.</doc>
<status status="PASS" start="2026-01-30T13:50:53.512849" elapsed="0.000448"/>
</kw>
<var name="${elem}">&lt;selenium.webdriver.remote.webelement.WebElement (session="f9a6eaaf03ac7f0924d150839a7bd23d", element="f.13C8A9E844210074BDB1A35E1A428667.d.B5DFFB2A41FA24B9A0FD0C90F271FE11.e.139")&gt;</var>
<status status="PASS" start="2026-01-30T13:50:53.474586" elapsed="0.038844"/>
</iter>
<iter>
<kw name="Run Keyword And Ignore Error" owner="BuiltIn">
<kw name="Get Text" owner="SeleniumLibrary">
<arg>${elem}</arg>
<doc>Returns the text value of the element identified by ``locator``.</doc>
<status status="PASS" start="2026-01-30T13:50:53.514619" elapsed="0.035673"/>
</kw>
<msg time="2026-01-30T13:50:53.550510" level="INFO">${status} = PASS</msg>
<msg time="2026-01-30T13:50:53.550578" level="INFO">${text} = ผักและผลไม้</msg>
<var>${status}</var>
<var>${text}</var>
<arg>SeleniumLibrary.Get text</arg>
<arg>${elem}</arg>
<doc>Runs the given keyword with the given arguments and ignores possible error.</doc>
<status status="PASS" start="2026-01-30T13:50:53.514290" elapsed="0.036327"/>
</kw>
<if>
<branch type="IF" condition="&quot;${status}&quot; == &quot;PASS&quot;">
<kw name="Evaluate" owner="BuiltIn">
<msg time="2026-01-30T13:50:53.551529" level="INFO">${clean_text} = ผักและผลไม้</msg>
<var>${clean_text}</var>
<arg>"${text}".strip()</arg>
<doc>Evaluates the given expression in Python and returns the result.</doc>
<status status="PASS" start="2026-01-30T13:50:53.551226" elapsed="0.000335"/>
</kw>
<status status="PASS" start="2026-01-30T13:50:53.550763" elapsed="0.000852"/>
</branch>
<branch type="ELSE">
<kw name="Evaluate" owner="BuiltIn">
<var>${clean_text}</var>
<arg>"".strip()</arg>
<doc>Evaluates the given expression in Python and returns the result.</doc>
<status status="NOT RUN" start="2026-01-30T13:50:53.551849" elapsed="0.000030"/>
</kw>
<status status="NOT RUN" start="2026-01-30T13:50:53.551656" elapsed="0.000258"/>
</branch>
<status status="PASS" start="2026-01-30T13:50:53.550730" elapsed="0.001212"/>
</if>
<kw name="Log To Console" owner="BuiltIn">
<arg>${clean_text}</arg>
<doc>Logs the given message to the console.</doc>
<status status="PASS" start="2026-01-30T13:50:53.552007" elapsed="0.000632"/>
</kw>
<kw name="Run Keyword And Return Status" owner="BuiltIn">
<kw name="Element Should Be Visible" owner="SeleniumLibrary">
<msg time="2026-01-30T13:50:53.566811" level="INFO">Element '&lt;selenium.webdriver.remote.webelement.WebElement (session="f9a6eaaf03ac7f0924d150839a7bd23d", element="f.13C8A9E844210074BDB1A35E1A428667.d.B5DFFB2A41FA24B9A0FD0C90F271FE11.e.140")&gt;' is displayed.</msg>
<arg>${elem}</arg>
<doc>Verifies that the element identified by ``locator`` is visible.</doc>
<status status="PASS" start="2026-01-30T13:50:53.552901" elapsed="0.014070"/>
</kw>
<msg time="2026-01-30T13:50:53.567202" level="INFO">${is_visible} = True</msg>
<var>${is_visible}</var>
<arg>SeleniumLibrary.Element should be visible</arg>
<arg>${elem}</arg>
<doc>Runs the given keyword with given arguments and returns the status as a Boolean value.</doc>
<status status="PASS" start="2026-01-30T13:50:53.552776" elapsed="0.014474"/>
</kw>
<if>
<branch type="IF" condition="${is_visible} and '${clean_text}' != '${EMPTY}'">
<kw name="Run Keyword And Return Status" owner="BuiltIn">
<kw name="List Should Not Contain Value" owner="Collections">
<arg>${clean_list}</arg>
<arg>${clean_text}</arg>
<doc>Fails if the ``value`` is found from ``list``.</doc>
<status status="PASS" start="2026-01-30T13:50:53.569515" elapsed="0.000331"/>
</kw>
<msg time="2026-01-30T13:50:53.570049" level="INFO">${not_duplicate} = True</msg>
<var>${not_duplicate}</var>
<arg>Collections.List should not contain value</arg>
<arg>${clean_list}</arg>
<arg>${clean_text}</arg>
<doc>Runs the given keyword with given arguments and returns the status as a Boolean value.</doc>
<status status="PASS" start="2026-01-30T13:50:53.569199" elapsed="0.000902"/>
</kw>
<if>
<branch type="IF" condition="${not_duplicate}">
<kw name="Append To List" owner="Collections">
<arg>${clean_list}</arg>
<arg>${clean_text}</arg>
<doc>Adds ``values`` to the end of ``list``.</doc>
<status status="PASS" start="2026-01-30T13:50:53.570538" elapsed="0.000301"/>
</kw>
<status status="PASS" start="2026-01-30T13:50:53.570281" elapsed="0.000655"/>
</branch>
<status status="PASS" start="2026-01-30T13:50:53.570243" elapsed="0.000785"/>
</if>
<status status="PASS" start="2026-01-30T13:50:53.567492" elapsed="0.003580"/>
</branch>
<status status="PASS" start="2026-01-30T13:50:53.567445" elapsed="0.003690"/>
</if>
<kw name="Get Length" owner="BuiltIn">
<msg time="2026-01-30T13:50:53.571506" level="INFO">Length is 4.</msg>
<msg time="2026-01-30T13:50:53.571630" level="INFO">${count} = 4</msg>
<var>${count}</var>
<arg>${clean_list}</arg>
<doc>Returns and logs the length of the given item as an integer.</doc>
<status status="PASS" start="2026-01-30T13:50:53.571298" elapsed="0.000378"/>
</kw>
<var name="${elem}">&lt;selenium.webdriver.remote.webelement.WebElement (session="f9a6eaaf03ac7f0924d150839a7bd23d", element="f.13C8A9E844210074BDB1A35E1A428667.d.B5DFFB2A41FA24B9A0FD0C90F271FE11.e.140")&gt;</var>
<status status="PASS" start="2026-01-30T13:50:53.513984" elapsed="0.057782"/>
</iter>
<iter>
<kw name="Run Keyword And Ignore Error" owner="BuiltIn">
<kw name="Get Text" owner="SeleniumLibrary">
<arg>${elem}</arg>
<doc>Returns the text value of the element identified by ``locator``.</doc>
<status status="PASS" start="2026-01-30T13:50:53.572714" elapsed="0.019997"/>
</kw>
<msg time="2026-01-30T13:50:53.592883" level="INFO">${status} = PASS</msg>
<msg time="2026-01-30T13:50:53.592930" level="INFO">${text} = ลดหนักประหยัดจริง</msg>
<var>${status}</var>
<var>${text}</var>
<arg>SeleniumLibrary.Get text</arg>
<arg>${elem}</arg>
<doc>Runs the given keyword with the given arguments and ignores possible error.</doc>
<status status="PASS" start="2026-01-30T13:50:53.572436" elapsed="0.020518"/>
</kw>
<if>
<branch type="IF" condition="&quot;${status}&quot; == &quot;PASS&quot;">
<kw name="Evaluate" owner="BuiltIn">
<msg time="2026-01-30T13:50:53.593597" level="INFO">${clean_text} = ลดหนักประหยัดจริง</msg>
<var>${clean_text}</var>
<arg>"${text}".strip()</arg>
<doc>Evaluates the given expression in Python and returns the result.</doc>
<status status="PASS" start="2026-01-30T13:50:53.593328" elapsed="0.000302"/>
</kw>
<status status="PASS" start="2026-01-30T13:50:53.593066" elapsed="0.000620"/>
</branch>
<branch type="ELSE">
<kw name="Evaluate" owner="BuiltIn">
<var>${clean_text}</var>
<arg>"".strip()</arg>
<doc>Evaluates the given expression in Python and returns the result.</doc>
<status status="NOT RUN" start="2026-01-30T13:50:53.593851" elapsed="0.000036"/>
</kw>
<status status="NOT RUN" start="2026-01-30T13:50:53.593735" elapsed="0.000199"/>
</branch>
<status status="PASS" start="2026-01-30T13:50:53.593040" elapsed="0.000932"/>
</if>
<kw name="Log To Console" owner="BuiltIn">
<arg>${clean_text}</arg>
<doc>Logs the given message to the console.</doc>
<status status="PASS" start="2026-01-30T13:50:53.594053" elapsed="0.000515"/>
</kw>
<kw name="Run Keyword And Return Status" owner="BuiltIn">
<kw name="Element Should Be Visible" owner="SeleniumLibrary">
<msg time="2026-01-30T13:50:53.610430" level="INFO">Element '&lt;selenium.webdriver.remote.webelement.WebElement (session="f9a6eaaf03ac7f0924d150839a7bd23d", element="f.13C8A9E844210074BDB1A35E1A428667.d.B5DFFB2A41FA24B9A0FD0C90F271FE11.e.141")&gt;' is displayed.</msg>
<arg>${elem}</arg>
<doc>Verifies that the element identified by ``locator`` is visible.</doc>
<status status="PASS" start="2026-01-30T13:50:53.594937" elapsed="0.015605"/>
</kw>
<msg time="2026-01-30T13:50:53.610697" level="INFO">${is_visible} = True</msg>
<var>${is_visible}</var>
<arg>SeleniumLibrary.Element should be visible</arg>
<arg>${elem}</arg>
<doc>Runs the given keyword with given arguments and returns the status as a Boolean value.</doc>
<status status="PASS" start="2026-01-30T13:50:53.594753" elapsed="0.015970"/>
</kw>
<if>
<branch type="IF" condition="${is_visible} and '${clean_text}' != '${EMPTY}'">
<kw name="Run Keyword And Return Status" owner="BuiltIn">
<kw name="List Should Not Contain Value" owner="Collections">
<arg>${clean_list}</arg>
<arg>${clean_text}</arg>
<doc>Fails if the ``value`` is found from ``list``.</doc>
<status status="PASS" start="2026-01-30T13:50:53.611659" elapsed="0.000204"/>
</kw>
<msg time="2026-01-30T13:50:53.611975" level="INFO">${not_duplicate} = True</msg>
<var>${not_duplicate}</var>
<arg>Collections.List should not contain value</arg>
<arg>${clean_list}</arg>
<arg>${clean_text}</arg>
<doc>Runs the given keyword with given arguments and returns the status as a Boolean value.</doc>
<status status="PASS" start="2026-01-30T13:50:53.611477" elapsed="0.000527"/>
</kw>
<if>
<branch type="IF" condition="${not_duplicate}">
<kw name="Append To List" owner="Collections">
<arg>${clean_list}</arg>
<arg>${clean_text}</arg>
<doc>Adds ``values`` to the end of ``list``.</doc>
<status status="PASS" start="2026-01-30T13:50:53.612243" elapsed="0.000155"/>
</kw>
<status status="PASS" start="2026-01-30T13:50:53.612100" elapsed="0.000356"/>
</branch>
<status status="PASS" start="2026-01-30T13:50:53.612077" elapsed="0.000429"/>
</if>
<status status="PASS" start="2026-01-30T13:50:53.610832" elapsed="0.001698"/>
</branch>
<status status="PASS" start="2026-01-30T13:50:53.610804" elapsed="0.001760"/>
</if>
<kw name="Get Length" owner="BuiltIn">
<msg time="2026-01-30T13:50:53.612765" level="INFO">Length is 5.</msg>
<msg time="2026-01-30T13:50:53.612829" level="INFO">${count} = 5</msg>
<var>${count}</var>
<arg>${clean_list}</arg>
<doc>Returns and logs the length of the given item as an integer.</doc>
<status status="PASS" start="2026-01-30T13:50:53.612647" elapsed="0.000205"/>
</kw>
<var name="${elem}">&lt;selenium.webdriver.remote.webelement.WebElement (session="f9a6eaaf03ac7f0924d150839a7bd23d", element="f.13C8A9E844210074BDB1A35E1A428667.d.B5DFFB2A41FA24B9A0FD0C90F271FE11.e.141")&gt;</var>
<status status="PASS" start="2026-01-30T13:50:53.572239" elapsed="0.040659"/>
</iter>
<iter>
<kw name="Run Keyword And Ignore Error" owner="BuiltIn">
<kw name="Get Text" owner="SeleniumLibrary">
<arg>${elem}</arg>
<doc>Returns the text value of the element identified by ``locator``.</doc>
<status status="PASS" start="2026-01-30T13:50:53.613366" elapsed="0.016008"/>
</kw>
<msg time="2026-01-30T13:50:53.629557" level="INFO">${status} = PASS</msg>
<msg time="2026-01-30T13:50:53.629605" level="INFO">${text} = อาหารแห้งและเครื่องปรุง</msg>
<var>${status}</var>
<var>${text}</var>
<arg>SeleniumLibrary.Get text</arg>
<arg>${elem}</arg>
<doc>Runs the given keyword with the given arguments and ignores possible error.</doc>
<status status="PASS" start="2026-01-30T13:50:53.613236" elapsed="0.016397"/>
</kw>
<if>
<branch type="IF" condition="&quot;${status}&quot; == &quot;PASS&quot;">
<kw name="Evaluate" owner="BuiltIn">
<msg time="2026-01-30T13:50:53.630246" level="INFO">${clean_text} = อาหารแห้งและเครื่องปรุง</msg>
<var>${clean_text}</var>
<arg>"${text}".strip()</arg>
<doc>Evaluates the given expression in Python and returns the result.</doc>
<status status="PASS" start="2026-01-30T13:50:53.630009" elapsed="0.000267"/>
</kw>
<status status="PASS" start="2026-01-30T13:50:53.629751" elapsed="0.000587"/>
</branch>
<branch type="ELSE">
<kw name="Evaluate" owner="BuiltIn">
<var>${clean_text}</var>
<arg>"".strip()</arg>
<doc>Evaluates the given expression in Python and returns the result.</doc>
<status status="NOT RUN" start="2026-01-30T13:50:53.630498" elapsed="0.000029"/>
</kw>
<status status="NOT RUN" start="2026-01-30T13:50:53.630385" elapsed="0.000184"/>
</branch>
<status status="PASS" start="2026-01-30T13:50:53.629719" elapsed="0.000884"/>
</if>
<kw name="Log To Console" owner="BuiltIn">
<arg>${clean_text}</arg>
<doc>Logs the given message to the console.</doc>
<status status="PASS" start="2026-01-30T13:50:53.630676" elapsed="0.000525"/>
</kw>
<kw name="Run Keyword And Return Status" owner="BuiltIn">
<kw name="Element Should Be Visible" owner="SeleniumLibrary">
<msg time="2026-01-30T13:50:53.644905" level="INFO">Element '&lt;selenium.webdriver.remote.webelement.WebElement (session="f9a6eaaf03ac7f0924d150839a7bd23d", element="f.13C8A9E844210074BDB1A35E1A428667.d.B5DFFB2A41FA24B9A0FD0C90F271FE11.e.142")&gt;' is displayed.</msg>
<arg>${elem}</arg>
<doc>Verifies that the element identified by ``locator`` is visible.</doc>
<status status="PASS" start="2026-01-30T13:50:53.631528" elapsed="0.013532"/>
</kw>
<msg time="2026-01-30T13:50:53.645286" level="INFO">${is_visible} = True</msg>
<var>${is_visible}</var>
<arg>SeleniumLibrary.Element should be visible</arg>
<arg>${elem}</arg>
<doc>Runs the given keyword with given arguments and returns the status as a Boolean value.</doc>
<status status="PASS" start="2026-01-30T13:50:53.631368" elapsed="0.013966"/>
</kw>
<if>
<branch type="IF" condition="${is_visible} and '${clean_text}' != '${EMPTY}'">
<kw name="Run Keyword And Return Status" owner="BuiltIn">
<kw name="List Should Not Contain Value" owner="Collections">
<arg>${clean_list}</arg>
<arg>${clean_text}</arg>
<doc>Fails if the ``value`` is found from ``list``.</doc>
<status status="PASS" start="2026-01-30T13:50:53.646553" elapsed="0.000175"/>
</kw>
<msg time="2026-01-30T13:50:53.646832" level="INFO">${not_duplicate} = True</msg>
<var>${not_duplicate}</var>
<arg>Collections.List should not contain value</arg>
<arg>${clean_list}</arg>
<arg>${clean_text}</arg>
<doc>Runs the given keyword with given arguments and returns the status as a Boolean value.</doc>
<status status="PASS" start="2026-01-30T13:50:53.646379" elapsed="0.000477"/>
</kw>
<if>
<branch type="IF" condition="${not_duplicate}">
<kw name="Append To List" owner="Collections">
<arg>${clean_list}</arg>
<arg>${clean_text}</arg>
<doc>Adds ``values`` to the end of ``list``.</doc>
<status status="PASS" start="2026-01-30T13:50:53.647054" elapsed="0.000122"/>
</kw>
<status status="PASS" start="2026-01-30T13:50:53.646935" elapsed="0.000287"/>
</branch>
<status status="PASS" start="2026-01-30T13:50:53.646918" elapsed="0.000343"/>
</if>
<status status="PASS" start="2026-01-30T13:50:53.645536" elapsed="0.001744"/>
</branch>
<status status="PASS" start="2026-01-30T13:50:53.645494" elapsed="0.001813"/>
</if>
<kw name="Get Length" owner="BuiltIn">
<msg time="2026-01-30T13:50:53.647468" level="INFO">Length is 6.</msg>
<msg time="2026-01-30T13:50:53.647521" level="INFO">${count} = 6</msg>
<var>${count}</var>
<arg>${clean_list}</arg>
<doc>Returns and logs the length of the given item as an integer.</doc>
<status status="PASS" start="2026-01-30T13:50:53.647374" elapsed="0.000167"/>
</kw>
<var name="${elem}">&lt;selenium.webdriver.remote.webelement.WebElement (session="f9a6eaaf03ac7f0924d150839a7bd23d", element="f.13C8A9E844210074BDB1A35E1A428667.d.B5DFFB2A41FA24B9A0FD0C90F271FE11.e.142")&gt;</var>
<status status="PASS" start="2026-01-30T13:50:53.613140" elapsed="0.034441"/>
</iter>
<iter>
<kw name="Run Keyword And Ignore Error" owner="BuiltIn">
<kw name="Get Text" owner="SeleniumLibrary">
<arg>${elem}</arg>
<doc>Returns the text value of the element identified by ``locator``.</doc>
<status status="PASS" start="2026-01-30T13:50:53.647985" elapsed="0.013117"/>
</kw>
<msg time="2026-01-30T13:50:53.661371" level="INFO">${status} = PASS</msg>
<msg time="2026-01-30T13:50:53.661447" level="INFO">${text} = ตรุษจีนม้าไฟ เฮงไวที่โลตัส</msg>
<var>${status}</var>
<var>${text}</var>
<arg>SeleniumLibrary.Get text</arg>
<arg>${elem}</arg>
<doc>Runs the given keyword with the given arguments and ignores possible error.</doc>
<status status="PASS" start="2026-01-30T13:50:53.647866" elapsed="0.013626"/>
</kw>
<if>
<branch type="IF" condition="&quot;${status}&quot; == &quot;PASS&quot;">
<kw name="Evaluate" owner="BuiltIn">
<msg time="2026-01-30T13:50:53.662397" level="INFO">${clean_text} = ตรุษจีนม้าไฟ เฮงไวที่โลตัส</msg>
<var>${clean_text}</var>
<arg>"${text}".strip()</arg>
<doc>Evaluates the given expression in Python and returns the result.</doc>
<status status="PASS" start="2026-01-30T13:50:53.662020" elapsed="0.000432"/>
</kw>
<status status="PASS" start="2026-01-30T13:50:53.661664" elapsed="0.000883"/>
</branch>
<branch type="ELSE">
<kw name="Evaluate" owner="BuiltIn">
<var>${clean_text}</var>
<arg>"".strip()</arg>
<doc>Evaluates the given expression in Python and returns the result.</doc>
<status status="NOT RUN" start="2026-01-30T13:50:53.662811" elapsed="0.000058"/>
</kw>
<status status="NOT RUN" start="2026-01-30T13:50:53.662629" elapsed="0.000328"/>
</branch>
<status status="PASS" start="2026-01-30T13:50:53.661624" elapsed="0.001400"/>
</if>
<kw name="Log To Console" owner="BuiltIn">
<arg>${clean_text}</arg>
<doc>Logs the given message to the console.</doc>
<status status="PASS" start="2026-01-30T13:50:53.663160" elapsed="0.000694"/>
</kw>
<kw name="Run Keyword And Return Status" owner="BuiltIn">
<kw name="Element Should Be Visible" owner="SeleniumLibrary">
<msg time="2026-01-30T13:50:53.679554" level="INFO">Element '&lt;selenium.webdriver.remote.webelement.WebElement (session="f9a6eaaf03ac7f0924d150839a7bd23d", element="f.13C8A9E844210074BDB1A35E1A428667.d.B5DFFB2A41FA24B9A0FD0C90F271FE11.e.143")&gt;' is displayed.</msg>
<arg>${elem}</arg>
<doc>Verifies that the element identified by ``locator`` is visible.</doc>
<status status="PASS" start="2026-01-30T13:50:53.664276" elapsed="0.015378"/>
</kw>
<msg time="2026-01-30T13:50:53.679809" level="INFO">${is_visible} = True</msg>
<var>${is_visible}</var>
<arg>SeleniumLibrary.Element should be visible</arg>
<arg>${elem}</arg>
<doc>Runs the given keyword with given arguments and returns the status as a Boolean value.</doc>
<status status="PASS" start="2026-01-30T13:50:53.664090" elapsed="0.015745"/>
</kw>
<if>
<branch type="IF" condition="${is_visible} and '${clean_text}' != '${EMPTY}'">
<kw name="Run Keyword And Return Status" owner="BuiltIn">
<kw name="List Should Not Contain Value" owner="Collections">
<arg>${clean_list}</arg>
<arg>${clean_text}</arg>
<doc>Fails if the ``value`` is found from ``list``.</doc>
<status status="PASS" start="2026-01-30T13:50:53.680786" elapsed="0.000192"/>
</kw>
<msg time="2026-01-30T13:50:53.681075" level="INFO">${not_duplicate} = True</msg>
<var>${not_duplicate}</var>
<arg>Collections.List should not contain value</arg>
<arg>${clean_list}</arg>
<arg>${clean_text}</arg>
<doc>Runs the given keyword with given arguments and returns the status as a Boolean value.</doc>
<status status="PASS" start="2026-01-30T13:50:53.680611" elapsed="0.000729"/>
</kw>
<if>
<branch type="IF" condition="${not_duplicate}">
<kw name="Append To List" owner="Collections">
<arg>${clean_list}</arg>
<arg>${clean_text}</arg>
<doc>Adds ``values`` to the end of ``list``.</doc>
<status status="PASS" start="2026-01-30T13:50:53.681776" elapsed="0.000239"/>
</kw>
<status status="PASS" start="2026-01-30T13:50:53.681517" elapsed="0.000581"/>
</branch>
<status status="PASS" start="2026-01-30T13:50:53.681487" elapsed="0.000680"/>
</if>
<status status="PASS" start="2026-01-30T13:50:53.679938" elapsed="0.002264"/>
</branch>
<status status="PASS" start="2026-01-30T13:50:53.679913" elapsed="0.002345"/>
</if>
<kw name="Get Length" owner="BuiltIn">
<msg time="2026-01-30T13:50:53.682542" level="INFO">Length is 7.</msg>
<msg time="2026-01-30T13:50:53.682649" level="INFO">${count} = 7</msg>
<var>${count}</var>
<arg>${clean_list}</arg>
<doc>Returns and logs the length of the given item as an integer.</doc>
<status status="PASS" start="2026-01-30T13:50:53.682381" elapsed="0.000307"/>
</kw>
<var name="${elem}">&lt;selenium.webdriver.remote.webelement.WebElement (session="f9a6eaaf03ac7f0924d150839a7bd23d", element="f.13C8A9E844210074BDB1A35E1A428667.d.B5DFFB2A41FA24B9A0FD0C90F271FE11.e.143")&gt;</var>
<status status="PASS" start="2026-01-30T13:50:53.647783" elapsed="0.035034"/>
</iter>
<iter>
<kw name="Run Keyword And Ignore Error" owner="BuiltIn">
<kw name="Get Text" owner="SeleniumLibrary">
<arg>${elem}</arg>
<doc>Returns the text value of the element identified by ``locator``.</doc>
<status status="PASS" start="2026-01-30T13:50:53.683678" elapsed="0.018193"/>
</kw>
<msg time="2026-01-30T13:50:53.702254" level="INFO">${status} = PASS</msg>
<msg time="2026-01-30T13:50:53.702436" level="INFO">${text} = น้ำ เครื่องดื่มและผงชงดื่ม</msg>
<var>${status}</var>
<var>${text}</var>
<arg>SeleniumLibrary.Get text</arg>
<arg>${elem}</arg>
<doc>Runs the given keyword with the given arguments and ignores possible error.</doc>
<status status="PASS" start="2026-01-30T13:50:53.683421" elapsed="0.019082"/>
</kw>
<if>
<branch type="IF" condition="&quot;${status}&quot; == &quot;PASS&quot;">
<kw name="Evaluate" owner="BuiltIn">
<msg time="2026-01-30T13:50:53.703330" level="INFO">${clean_text} = น้ำ เครื่องดื่มและผงชงดื่ม</msg>
<var>${clean_text}</var>
<arg>"${text}".strip()</arg>
<doc>Evaluates the given expression in Python and returns the result.</doc>
<status status="PASS" start="2026-01-30T13:50:53.703082" elapsed="0.000299"/>
</kw>
<status status="PASS" start="2026-01-30T13:50:53.702738" elapsed="0.000705"/>
</branch>
<branch type="ELSE">
<kw name="Evaluate" owner="BuiltIn">
<var>${clean_text}</var>
<arg>"".strip()</arg>
<doc>Evaluates the given expression in Python and returns the result.</doc>
<status status="NOT RUN" start="2026-01-30T13:50:53.703614" elapsed="0.000036"/>
</kw>
<status status="NOT RUN" start="2026-01-30T13:50:53.703496" elapsed="0.000202"/>
</branch>
<status status="PASS" start="2026-01-30T13:50:53.702689" elapsed="0.001047"/>
</if>
<kw name="Log To Console" owner="BuiltIn">
<arg>${clean_text}</arg>
<doc>Logs the given message to the console.</doc>
<status status="PASS" start="2026-01-30T13:50:53.703819" elapsed="0.000527"/>
</kw>
<kw name="Run Keyword And Return Status" owner="BuiltIn">
<kw name="Element Should Be Visible" owner="SeleniumLibrary">
<msg time="2026-01-30T13:50:53.723298" level="INFO">Element '&lt;selenium.webdriver.remote.webelement.WebElement (session="f9a6eaaf03ac7f0924d150839a7bd23d", element="f.13C8A9E844210074BDB1A35E1A428667.d.B5DFFB2A41FA24B9A0FD0C90F271FE11.e.144")&gt;' is displayed.</msg>
<arg>${elem}</arg>
<doc>Verifies that the element identified by ``locator`` is visible.</doc>
<status status="PASS" start="2026-01-30T13:50:53.704825" elapsed="0.018599"/>
</kw>
<msg time="2026-01-30T13:50:53.723610" level="INFO">${is_visible} = True</msg>
<var>${is_visible}</var>
<arg>SeleniumLibrary.Element should be visible</arg>
<arg>${elem}</arg>
<doc>Runs the given keyword with given arguments and returns the status as a Boolean value.</doc>
<status status="PASS" start="2026-01-30T13:50:53.704590" elapsed="0.019058"/>
</kw>
<if>
<branch type="IF" condition="${is_visible} and '${clean_text}' != '${EMPTY}'">
<kw name="Run Keyword And Return Status" owner="BuiltIn">
<kw name="List Should Not Contain Value" owner="Collections">
<arg>${clean_list}</arg>
<arg>${clean_text}</arg>
<doc>Fails if the ``value`` is found from ``list``.</doc>
<status status="PASS" start="2026-01-30T13:50:53.724702" elapsed="0.000240"/>
</kw>
<msg time="2026-01-30T13:50:53.725081" level="INFO">${not_duplicate} = True</msg>
<var>${not_duplicate}</var>
<arg>Collections.List should not contain value</arg>
<arg>${clean_list}</arg>
<arg>${clean_text}</arg>
<doc>Runs the given keyword with given arguments and returns the status as a Boolean value.</doc>
<status status="PASS" start="2026-01-30T13:50:53.724482" elapsed="0.000638"/>
</kw>
<if>
<branch type="IF" condition="${not_duplicate}">
<kw name="Append To List" owner="Collections">
<arg>${clean_list}</arg>
<arg>${clean_text}</arg>
<doc>Adds ``values`` to the end of ``list``.</doc>
<status status="PASS" start="2026-01-30T13:50:53.725416" elapsed="0.000196"/>
</kw>
<status status="PASS" start="2026-01-30T13:50:53.725243" elapsed="0.000445"/>
</branch>
<status status="PASS" start="2026-01-30T13:50:53.725219" elapsed="0.000535"/>
</if>
<status status="PASS" start="2026-01-30T13:50:53.723792" elapsed="0.001996"/>
</branch>
<status status="PASS" start="2026-01-30T13:50:53.723758" elapsed="0.002089"/>
</if>
<kw name="Get Length" owner="BuiltIn">
<msg time="2026-01-30T13:50:53.726111" level="INFO">Length is 8.</msg>
<msg time="2026-01-30T13:50:53.726208" level="INFO">${count} = 8</msg>
<var>${count}</var>
<arg>${clean_list}</arg>
<doc>Returns and logs the length of the given item as an integer.</doc>
<status status="PASS" start="2026-01-30T13:50:53.725961" elapsed="0.000285"/>
</kw>
<var name="${elem}">&lt;selenium.webdriver.remote.webelement.WebElement (session="f9a6eaaf03ac7f0924d150839a7bd23d", element="f.13C8A9E844210074BDB1A35E1A428667.d.B5DFFB2A41FA24B9A0FD0C90F271FE11.e.144")&gt;</var>
<status status="PASS" start="2026-01-30T13:50:53.683230" elapsed="0.043087"/>
</iter>
<iter>
<kw name="Run Keyword And Ignore Error" owner="BuiltIn">
<kw name="Get Text" owner="SeleniumLibrary">
<arg>${elem}</arg>
<doc>Returns the text value of the element identified by ``locator``.</doc>
<status status="PASS" start="2026-01-30T13:50:53.727012" elapsed="0.030619"/>
</kw>
<msg time="2026-01-30T13:50:53.757933" level="INFO">${status} = PASS</msg>
<msg time="2026-01-30T13:50:53.758024" level="INFO">${text} = เจอแล้วต้องจัด</msg>
<var>${status}</var>
<var>${text}</var>
<arg>SeleniumLibrary.Get text</arg>
<arg>${elem}</arg>
<doc>Runs the given keyword with the given arguments and ignores possible error.</doc>
<status status="PASS" start="2026-01-30T13:50:53.726830" elapsed="0.031240"/>
</kw>
<if>
<branch type="IF" condition="&quot;${status}&quot; == &quot;PASS&quot;">
<kw name="Evaluate" owner="BuiltIn">
<msg time="2026-01-30T13:50:53.759475" level="INFO">${clean_text} = เจอแล้วต้องจัด</msg>
<var>${clean_text}</var>
<arg>"${text}".strip()</arg>
<doc>Evaluates the given expression in Python and returns the result.</doc>
<status status="PASS" start="2026-01-30T13:50:53.758693" elapsed="0.000871"/>
</kw>
<status status="PASS" start="2026-01-30T13:50:53.758269" elapsed="0.001440"/>
</branch>
<branch type="ELSE">
<kw name="Evaluate" owner="BuiltIn">
<var>${clean_text}</var>
<arg>"".strip()</arg>
<doc>Evaluates the given expression in Python and returns the result.</doc>
<status status="NOT RUN" start="2026-01-30T13:50:53.760081" elapsed="0.000076"/>
</kw>
<status status="NOT RUN" start="2026-01-30T13:50:53.759829" elapsed="0.000443"/>
</branch>
<status status="PASS" start="2026-01-30T13:50:53.758222" elapsed="0.002140"/>
</if>
<kw name="Log To Console" owner="BuiltIn">
<arg>${clean_text}</arg>
<doc>Logs the given message to the console.</doc>
<status status="PASS" start="2026-01-30T13:50:53.760545" elapsed="0.000825"/>
</kw>
<kw name="Run Keyword And Return Status" owner="BuiltIn">
<kw name="Element Should Be Visible" owner="SeleniumLibrary">
<msg time="2026-01-30T13:50:53.780878" level="INFO">Element '&lt;selenium.webdriver.remote.webelement.WebElement (session="f9a6eaaf03ac7f0924d150839a7bd23d", element="f.13C8A9E844210074BDB1A35E1A428667.d.B5DFFB2A41FA24B9A0FD0C90F271FE11.e.145")&gt;' is displayed.</msg>
<arg>${elem}</arg>
<doc>Verifies that the element identified by ``locator`` is visible.</doc>
<status status="PASS" start="2026-01-30T13:50:53.762039" elapsed="0.018955"/>
</kw>
<msg time="2026-01-30T13:50:53.781147" level="INFO">${is_visible} = True</msg>
<var>${is_visible}</var>
<arg>SeleniumLibrary.Element should be visible</arg>
<arg>${elem}</arg>
<doc>Runs the given keyword with given arguments and returns the status as a Boolean value.</doc>
<status status="PASS" start="2026-01-30T13:50:53.761739" elapsed="0.019434"/>
</kw>
<if>
<branch type="IF" condition="${is_visible} and '${clean_text}' != '${EMPTY}'">
<kw name="Run Keyword And Return Status" owner="BuiltIn">
<kw name="List Should Not Contain Value" owner="Collections">
<arg>${clean_list}</arg>
<arg>${clean_text}</arg>
<doc>Fails if the ``value`` is found from ``list``.</doc>
<status status="PASS" start="2026-01-30T13:50:53.781991" elapsed="0.000151"/>
</kw>
<msg time="2026-01-30T13:50:53.782226" level="INFO">${not_duplicate} = True</msg>
<var>${not_duplicate}</var>
<arg>Collections.List should not contain value</arg>
<arg>${clean_list}</arg>
<arg>${clean_text}</arg>
<doc>Runs the given keyword with given arguments and returns the status as a Boolean value.</doc>
<status status="PASS" start="2026-01-30T13:50:53.781844" elapsed="0.000404"/>
</kw>
<if>
<branch type="IF" condition="${not_duplicate}">
<kw name="Append To List" owner="Collections">
<arg>${clean_list}</arg>
<arg>${clean_text}</arg>
<doc>Adds ``values`` to the end of ``list``.</doc>
<status status="PASS" start="2026-01-30T13:50:53.782446" elapsed="0.000116"/>
</kw>
<status status="PASS" start="2026-01-30T13:50:53.782336" elapsed="0.000270"/>
</branch>
<status status="PASS" start="2026-01-30T13:50:53.782320" elapsed="0.000324"/>
</if>
<status status="PASS" start="2026-01-30T13:50:53.781278" elapsed="0.001401"/>
</branch>
<status status="PASS" start="2026-01-30T13:50:53.781252" elapsed="0.001456"/>
</if>
<kw name="Get Length" owner="BuiltIn">
<msg time="2026-01-30T13:50:53.782859" level="INFO">Length is 9.</msg>
<msg time="2026-01-30T13:50:53.782910" level="INFO">${count} = 9</msg>
<var>${count}</var>
<arg>${clean_list}</arg>
<doc>Returns and logs the length of the given item as an integer.</doc>
<status status="PASS" start="2026-01-30T13:50:53.782776" elapsed="0.000152"/>
</kw>
<var name="${elem}">&lt;selenium.webdriver.remote.webelement.WebElement (session="f9a6eaaf03ac7f0924d150839a7bd23d", element="f.13C8A9E844210074BDB1A35E1A428667.d.B5DFFB2A41FA24B9A0FD0C90F271FE11.e.145")&gt;</var>
<status status="PASS" start="2026-01-30T13:50:53.726683" elapsed="0.056279"/>
</iter>
<iter>
<kw name="Run Keyword And Ignore Error" owner="BuiltIn">
<kw name="Get Text" owner="SeleniumLibrary">
<arg>${elem}</arg>
<doc>Returns the text value of the element identified by ``locator``.</doc>
<status status="PASS" start="2026-01-30T13:50:53.783312" elapsed="0.011339"/>
</kw>
<msg time="2026-01-30T13:50:53.794818" level="INFO">${status} = PASS</msg>
<msg time="2026-01-30T13:50:53.794860" level="INFO">${text} = นมสด และ นมยูเอชที</msg>
<var>${status}</var>
<var>${text}</var>
<arg>SeleniumLibrary.Get text</arg>
<arg>${elem}</arg>
<doc>Runs the given keyword with the given arguments and ignores possible error.</doc>
<status status="PASS" start="2026-01-30T13:50:53.783210" elapsed="0.011669"/>
</kw>
<if>
<branch type="IF" condition="&quot;${status}&quot; == &quot;PASS&quot;">
<kw name="Evaluate" owner="BuiltIn">
<msg time="2026-01-30T13:50:53.795410" level="INFO">${clean_text} = นมสด และ นมยูเอชที</msg>
<var>${clean_text}</var>
<arg>"${text}".strip()</arg>
<doc>Evaluates the given expression in Python and returns the result.</doc>
<status status="PASS" start="2026-01-30T13:50:53.795207" elapsed="0.000227"/>
</kw>
<status status="PASS" start="2026-01-30T13:50:53.794980" elapsed="0.000496"/>
</branch>
<branch type="ELSE">
<kw name="Evaluate" owner="BuiltIn">
<var>${clean_text}</var>
<arg>"".strip()</arg>
<doc>Evaluates the given expression in Python and returns the result.</doc>
<status status="NOT RUN" start="2026-01-30T13:50:53.795603" elapsed="0.000025"/>
</kw>
<status status="NOT RUN" start="2026-01-30T13:50:53.795518" elapsed="0.000144"/>
</branch>
<status status="PASS" start="2026-01-30T13:50:53.794954" elapsed="0.000758"/>
</if>
<kw name="Log To Console" owner="BuiltIn">
<arg>${clean_text}</arg>
<doc>Logs the given message to the console.</doc>
<status status="PASS" start="2026-01-30T13:50:53.795786" elapsed="0.000368"/>
</kw>
<kw name="Run Keyword And Return Status" owner="BuiltIn">
<kw name="Element Should Be Visible" owner="SeleniumLibrary">
<msg time="2026-01-30T13:50:53.806716" level="INFO">Element '&lt;selenium.webdriver.remote.webelement.WebElement (session="f9a6eaaf03ac7f0924d150839a7bd23d", element="f.13C8A9E844210074BDB1A35E1A428667.d.B5DFFB2A41FA24B9A0FD0C90F271FE11.e.146")&gt;' is displayed.</msg>
<arg>${elem}</arg>
<doc>Verifies that the element identified by ``locator`` is visible.</doc>
<status status="PASS" start="2026-01-30T13:50:53.796422" elapsed="0.010383"/>
</kw>
<msg time="2026-01-30T13:50:53.806929" level="INFO">${is_visible} = True</msg>
<var>${is_visible}</var>
<arg>SeleniumLibrary.Element should be visible</arg>
<arg>${elem}</arg>
<doc>Runs the given keyword with given arguments and returns the status as a Boolean value.</doc>
<status status="PASS" start="2026-01-30T13:50:53.796293" elapsed="0.010657"/>
</kw>
<if>
<branch type="IF" condition="${is_visible} and '${clean_text}' != '${EMPTY}'">
<kw name="Run Keyword And Return Status" owner="BuiltIn">
<kw name="List Should Not Contain Value" owner="Collections">
<arg>${clean_list}</arg>
<arg>${clean_text}</arg>
<doc>Fails if the ``value`` is found from ``list``.</doc>
<status status="PASS" start="2026-01-30T13:50:53.807800" elapsed="0.000217"/>
</kw>
<msg time="2026-01-30T13:50:53.808118" level="INFO">${not_duplicate} = True</msg>
<var>${not_duplicate}</var>
<arg>Collections.List should not contain value</arg>
<arg>${clean_list}</arg>
<arg>${clean_text}</arg>
<doc>Runs the given keyword with given arguments and returns the status as a Boolean value.</doc>
<status status="PASS" start="2026-01-30T13:50:53.807557" elapsed="0.000584"/>
</kw>
<if>
<branch type="IF" condition="${not_duplicate}">
<kw name="Append To List" owner="Collections">
<arg>${clean_list}</arg>
<arg>${clean_text}</arg>
<doc>Adds ``values`` to the end of ``list``.</doc>
<status status="PASS" start="2026-01-30T13:50:53.808338" elapsed="0.000112"/>
</kw>
<status status="PASS" start="2026-01-30T13:50:53.808218" elapsed="0.000273"/>
</branch>
<status status="PASS" start="2026-01-30T13:50:53.808199" elapsed="0.000329"/>
</if>
<status status="PASS" start="2026-01-30T13:50:53.807041" elapsed="0.001503"/>
</branch>
<status status="PASS" start="2026-01-30T13:50:53.807019" elapsed="0.001549"/>
</if>
<kw name="Get Length" owner="BuiltIn">
<msg time="2026-01-30T13:50:53.808718" level="INFO">Length is 10.</msg>
<msg time="2026-01-30T13:50:53.808796" level="INFO">${count} = 10</msg>
<var>${count}</var>
<arg>${clean_list}</arg>
<doc>Returns and logs the length of the given item as an integer.</doc>
<status status="PASS" start="2026-01-30T13:50:53.808631" elapsed="0.000188"/>
</kw>
<var name="${elem}">&lt;selenium.webdriver.remote.webelement.WebElement (session="f9a6eaaf03ac7f0924d150839a7bd23d", element="f.13C8A9E844210074BDB1A35E1A428667.d.B5DFFB2A41FA24B9A0FD0C90F271FE11.e.146")&gt;</var>
<status status="PASS" start="2026-01-30T13:50:53.783129" elapsed="0.025730"/>
</iter>
<iter>
<kw name="Run Keyword And Ignore Error" owner="BuiltIn">
<kw name="Get Text" owner="SeleniumLibrary">
<arg>${elem}</arg>
<doc>Returns the text value of the element identified by ``locator``.</doc>
<status status="PASS" start="2026-01-30T13:50:53.809287" elapsed="0.012779"/>
</kw>
<msg time="2026-01-30T13:50:53.822234" level="INFO">${status} = PASS</msg>
<msg time="2026-01-30T13:50:53.822273" level="INFO">${text} = อาหารพร้อมทาน</msg>
<var>${status}</var>
<var>${text}</var>
<arg>SeleniumLibrary.Get text</arg>
<arg>${elem}</arg>
<doc>Runs the given keyword with the given arguments and ignores possible error.</doc>
<status status="PASS" start="2026-01-30T13:50:53.809162" elapsed="0.013131"/>
</kw>
<if>
<branch type="IF" condition="&quot;${status}&quot; == &quot;PASS&quot;">
<kw name="Evaluate" owner="BuiltIn">
<msg time="2026-01-30T13:50:53.822784" level="INFO">${clean_text} = อาหารพร้อมทาน</msg>
<var>${clean_text}</var>
<arg>"${text}".strip()</arg>
<doc>Evaluates the given expression in Python and returns the result.</doc>
<status status="PASS" start="2026-01-30T13:50:53.822591" elapsed="0.000216"/>
</kw>
<status status="PASS" start="2026-01-30T13:50:53.822384" elapsed="0.000463"/>
</branch>
<branch type="ELSE">
<kw name="Evaluate" owner="BuiltIn">
<var>${clean_text}</var>
<arg>"".strip()</arg>
<doc>Evaluates the given expression in Python and returns the result.</doc>
<status status="NOT RUN" start="2026-01-30T13:50:53.822968" elapsed="0.000024"/>
</kw>
<status status="NOT RUN" start="2026-01-30T13:50:53.822884" elapsed="0.000140"/>
</branch>
<status status="PASS" start="2026-01-30T13:50:53.822360" elapsed="0.000691"/>
</if>
<kw name="Log To Console" owner="BuiltIn">
<arg>${clean_text}</arg>
<doc>Logs the given message to the console.</doc>
<status status="PASS" start="2026-01-30T13:50:53.823111" elapsed="0.000287"/>
</kw>
<kw name="Run Keyword And Return Status" owner="BuiltIn">
<kw name="Element Should Be Visible" owner="SeleniumLibrary">
<msg time="2026-01-30T13:50:53.838893" level="INFO">Element '&lt;selenium.webdriver.remote.webelement.WebElement (session="f9a6eaaf03ac7f0924d150839a7bd23d", element="f.13C8A9E844210074BDB1A35E1A428667.d.B5DFFB2A41FA24B9A0FD0C90F271FE11.e.147")&gt;' is displayed.</msg>
<arg>${elem}</arg>
<doc>Verifies that the element identified by ``locator`` is visible.</doc>
<status status="PASS" start="2026-01-30T13:50:53.823727" elapsed="0.015285"/>
</kw>
<msg time="2026-01-30T13:50:53.839255" level="INFO">${is_visible} = True</msg>
<var>${is_visible}</var>
<arg>SeleniumLibrary.Element should be visible</arg>
<arg>${elem}</arg>
<doc>Runs the given keyword with given arguments and returns the status as a Boolean value.</doc>
<status status="PASS" start="2026-01-30T13:50:53.823577" elapsed="0.015711"/>
</kw>
<if>
<branch type="IF" condition="${is_visible} and '${clean_text}' != '${EMPTY}'">
<kw name="Run Keyword And Return Status" owner="BuiltIn">
<kw name="List Should Not Contain Value" owner="Collections">
<arg>${clean_list}</arg>
<arg>${clean_text}</arg>
<doc>Fails if the ``value`` is found from ``list``.</doc>
<status status="PASS" start="2026-01-30T13:50:53.840084" elapsed="0.000156"/>
</kw>
<msg time="2026-01-30T13:50:53.840326" level="INFO">${not_duplicate} = True</msg>
<var>${not_duplicate}</var>
<arg>Collections.List should not contain value</arg>
<arg>${clean_list}</arg>
<arg>${clean_text}</arg>
<doc>Runs the given keyword with given arguments and returns the status as a Boolean value.</doc>
<status status="PASS" start="2026-01-30T13:50:53.839934" elapsed="0.000415"/>
</kw>
<if>
<branch type="IF" condition="${not_duplicate}">
<kw name="Append To List" owner="Collections">
<arg>${clean_list}</arg>
<arg>${clean_text}</arg>
<doc>Adds ``values`` to the end of ``list``.</doc>
<status status="PASS" start="2026-01-30T13:50:53.840542" elapsed="0.000119"/>
</kw>
<status status="PASS" start="2026-01-30T13:50:53.840430" elapsed="0.000275"/>
</branch>
<status status="PASS" start="2026-01-30T13:50:53.840409" elapsed="0.000337"/>
</if>
<status status="PASS" start="2026-01-30T13:50:53.839401" elapsed="0.001367"/>
</branch>
<status status="PASS" start="2026-01-30T13:50:53.839375" elapsed="0.001425"/>
</if>
<kw name="Get Length" owner="BuiltIn">
<msg time="2026-01-30T13:50:53.840985" level="INFO">Length is 11.</msg>
<msg time="2026-01-30T13:50:53.841047" level="INFO">${count} = 11</msg>
<var>${count}</var>
<arg>${clean_list}</arg>
<doc>Returns and logs the length of the given item as an integer.</doc>
<status status="PASS" start="2026-01-30T13:50:53.840883" elapsed="0.000183"/>
</kw>
<var name="${elem}">&lt;selenium.webdriver.remote.webelement.WebElement (session="f9a6eaaf03ac7f0924d150839a7bd23d", element="f.13C8A9E844210074BDB1A35E1A428667.d.B5DFFB2A41FA24B9A0FD0C90F271FE11.e.147")&gt;</var>
<status status="PASS" start="2026-01-30T13:50:53.809068" elapsed="0.032038"/>
</iter>
<iter>
<kw name="Run Keyword And Ignore Error" owner="BuiltIn">
<kw name="Get Text" owner="SeleniumLibrary">
<arg>${elem}</arg>
<doc>Returns the text value of the element identified by ``locator``.</doc>
<status status="PASS" start="2026-01-30T13:50:53.841530" elapsed="0.014028"/>
</kw>
<msg time="2026-01-30T13:50:53.855718" level="INFO">${status} = PASS</msg>
<msg time="2026-01-30T13:50:53.855760" level="INFO">${text} = เบเกอรี่</msg>
<var>${status}</var>
<var>${text}</var>
<arg>SeleniumLibrary.Get text</arg>
<arg>${elem}</arg>
<doc>Runs the given keyword with the given arguments and ignores possible error.</doc>
<status status="PASS" start="2026-01-30T13:50:53.841397" elapsed="0.014383"/>
</kw>
<if>
<branch type="IF" condition="&quot;${status}&quot; == &quot;PASS&quot;">
<kw name="Evaluate" owner="BuiltIn">
<msg time="2026-01-30T13:50:53.856276" level="INFO">${clean_text} = เบเกอรี่</msg>
<var>${clean_text}</var>
<arg>"${text}".strip()</arg>
<doc>Evaluates the given expression in Python and returns the result.</doc>
<status status="PASS" start="2026-01-30T13:50:53.856083" elapsed="0.000216"/>
</kw>
<status status="PASS" start="2026-01-30T13:50:53.855869" elapsed="0.000471"/>
</branch>
<branch type="ELSE">
<kw name="Evaluate" owner="BuiltIn">
<var>${clean_text}</var>
<arg>"".strip()</arg>
<doc>Evaluates the given expression in Python and returns the result.</doc>
<status status="NOT RUN" start="2026-01-30T13:50:53.856469" elapsed="0.000023"/>
</kw>
<status status="NOT RUN" start="2026-01-30T13:50:53.856378" elapsed="0.000147"/>
</branch>
<status status="PASS" start="2026-01-30T13:50:53.855846" elapsed="0.000706"/>
</if>
<kw name="Log To Console" owner="BuiltIn">
<arg>${clean_text}</arg>
<doc>Logs the given message to the console.</doc>
<status status="PASS" start="2026-01-30T13:50:53.856612" elapsed="0.000471"/>
</kw>
<kw name="Run Keyword And Return Status" owner="BuiltIn">
<kw name="Element Should Be Visible" owner="SeleniumLibrary">
<msg time="2026-01-30T13:50:53.872592" level="INFO">Element '&lt;selenium.webdriver.remote.webelement.WebElement (session="f9a6eaaf03ac7f0924d150839a7bd23d", element="f.13C8A9E844210074BDB1A35E1A428667.d.B5DFFB2A41FA24B9A0FD0C90F271FE11.e.148")&gt;' is displayed.</msg>
<arg>${elem}</arg>
<doc>Verifies that the element identified by ``locator`` is visible.</doc>
<status status="PASS" start="2026-01-30T13:50:53.857398" elapsed="0.015316"/>
</kw>
<msg time="2026-01-30T13:50:53.872844" level="INFO">${is_visible} = True</msg>
<var>${is_visible}</var>
<arg>SeleniumLibrary.Element should be visible</arg>
<arg>${elem}</arg>
<doc>Runs the given keyword with given arguments and returns the status as a Boolean value.</doc>
<status status="PASS" start="2026-01-30T13:50:53.857258" elapsed="0.015608"/>
</kw>
<if>
<branch type="IF" condition="${is_visible} and '${clean_text}' != '${EMPTY}'">
<kw name="Run Keyword And Return Status" owner="BuiltIn">
<kw name="List Should Not Contain Value" owner="Collections">
<arg>${clean_list}</arg>
<arg>${clean_text}</arg>
<doc>Fails if the ``value`` is found from ``list``.</doc>
<status status="PASS" start="2026-01-30T13:50:53.873575" elapsed="0.000147"/>
</kw>
<msg time="2026-01-30T13:50:53.873809" level="INFO">${not_duplicate} = True</msg>
<var>${not_duplicate}</var>
<arg>Collections.List should not contain value</arg>
<arg>${clean_list}</arg>
<arg>${clean_text}</arg>
<doc>Runs the given keyword with given arguments and returns the status as a Boolean value.</doc>
<status status="PASS" start="2026-01-30T13:50:53.873441" elapsed="0.000392"/>
</kw>
<if>
<branch type="IF" condition="${not_duplicate}">
<kw name="Append To List" owner="Collections">
<arg>${clean_list}</arg>
<arg>${clean_text}</arg>
<doc>Adds ``values`` to the end of ``list``.</doc>
<status status="PASS" start="2026-01-30T13:50:53.874034" elapsed="0.000132"/>
</kw>
<status status="PASS" start="2026-01-30T13:50:53.873905" elapsed="0.000309"/>
</branch>
<status status="PASS" start="2026-01-30T13:50:53.873889" elapsed="0.000366"/>
</if>
<status status="PASS" start="2026-01-30T13:50:53.872955" elapsed="0.001318"/>
</branch>
<status status="PASS" start="2026-01-30T13:50:53.872932" elapsed="0.001367"/>
</if>
<kw name="Get Length" owner="BuiltIn">
<msg time="2026-01-30T13:50:53.874468" level="INFO">Length is 12.</msg>
<msg time="2026-01-30T13:50:53.874527" level="INFO">${count} = 12</msg>
<var>${count}</var>
<arg>${clean_list}</arg>
<doc>Returns and logs the length of the given item as an integer.</doc>
<status status="PASS" start="2026-01-30T13:50:53.874370" elapsed="0.000177"/>
</kw>
<var name="${elem}">&lt;selenium.webdriver.remote.webelement.WebElement (session="f9a6eaaf03ac7f0924d150839a7bd23d", element="f.13C8A9E844210074BDB1A35E1A428667.d.B5DFFB2A41FA24B9A0FD0C90F271FE11.e.148")&gt;</var>
<status status="PASS" start="2026-01-30T13:50:53.841301" elapsed="0.033288"/>
</iter>
<iter>
<kw name="Run Keyword And Ignore Error" owner="BuiltIn">
<kw name="Get Text" owner="SeleniumLibrary">
<arg>${elem}</arg>
<doc>Returns the text value of the element identified by ``locator``.</doc>
<status status="PASS" start="2026-01-30T13:50:53.875000" elapsed="0.014887"/>
</kw>
<msg time="2026-01-30T13:50:53.890055" level="INFO">${status} = PASS</msg>
<msg time="2026-01-30T13:50:53.890105" level="INFO">${text} = อาหารพร้อมปรุง</msg>
<var>${status}</var>
<var>${text}</var>
<arg>SeleniumLibrary.Get text</arg>
<arg>${elem}</arg>
<doc>Runs the given keyword with the given arguments and ignores possible error.</doc>
<status status="PASS" start="2026-01-30T13:50:53.874882" elapsed="0.015264"/>
</kw>
<if>
<branch type="IF" condition="&quot;${status}&quot; == &quot;PASS&quot;">
<kw name="Evaluate" owner="BuiltIn">
<msg time="2026-01-30T13:50:53.890727" level="INFO">${clean_text} = อาหารพร้อมปรุง</msg>
<var>${clean_text}</var>
<arg>"${text}".strip()</arg>
<doc>Evaluates the given expression in Python and returns the result.</doc>
<status status="PASS" start="2026-01-30T13:50:53.890503" elapsed="0.000253"/>
</kw>
<status status="PASS" start="2026-01-30T13:50:53.890258" elapsed="0.000550"/>
</branch>
<branch type="ELSE">
<kw name="Evaluate" owner="BuiltIn">
<var>${clean_text}</var>
<arg>"".strip()</arg>
<doc>Evaluates the given expression in Python and returns the result.</doc>
<status status="NOT RUN" start="2026-01-30T13:50:53.890961" elapsed="0.000029"/>
</kw>
<status status="NOT RUN" start="2026-01-30T13:50:53.890856" elapsed="0.000178"/>
</branch>
<status status="PASS" start="2026-01-30T13:50:53.890229" elapsed="0.000841"/>
</if>
<kw name="Log To Console" owner="BuiltIn">
<arg>${clean_text}</arg>
<doc>Logs the given message to the console.</doc>
<status status="PASS" start="2026-01-30T13:50:53.891143" elapsed="0.000518"/>
</kw>
<kw name="Run Keyword And Return Status" owner="BuiltIn">
<kw name="Element Should Be Visible" owner="SeleniumLibrary">
<msg time="2026-01-30T13:50:53.908271" level="INFO">Element '&lt;selenium.webdriver.remote.webelement.WebElement (session="f9a6eaaf03ac7f0924d150839a7bd23d", element="f.13C8A9E844210074BDB1A35E1A428667.d.B5DFFB2A41FA24B9A0FD0C90F271FE11.e.149")&gt;' is displayed.</msg>
<arg>${elem}</arg>
<doc>Verifies that the element identified by ``locator`` is visible.</doc>
<status status="PASS" start="2026-01-30T13:50:53.891990" elapsed="0.016392"/>
</kw>
<msg time="2026-01-30T13:50:53.908537" level="INFO">${is_visible} = True</msg>
<var>${is_visible}</var>
<arg>SeleniumLibrary.Element should be visible</arg>
<arg>${elem}</arg>
<doc>Runs the given keyword with given arguments and returns the status as a Boolean value.</doc>
<status status="PASS" start="2026-01-30T13:50:53.891829" elapsed="0.016738"/>
</kw>
<if>
<branch type="IF" condition="${is_visible} and '${clean_text}' != '${EMPTY}'">
<kw name="Run Keyword And Return Status" owner="BuiltIn">
<kw name="List Should Not Contain Value" owner="Collections">
<arg>${clean_list}</arg>
<arg>${clean_text}</arg>
<doc>Fails if the ``value`` is found from ``list``.</doc>
<status status="PASS" start="2026-01-30T13:50:53.909462" elapsed="0.000172"/>
</kw>
<msg time="2026-01-30T13:50:53.909746" level="INFO">${not_duplicate} = True</msg>
<var>${not_duplicate}</var>
<arg>Collections.List should not contain value</arg>
<arg>${clean_list}</arg>
<arg>${clean_text}</arg>
<doc>Runs the given keyword with given arguments and returns the status as a Boolean value.</doc>
<status status="PASS" start="2026-01-30T13:50:53.909304" elapsed="0.000468"/>
</kw>
<if>
<branch type="IF" condition="${not_duplicate}">
<kw name="Append To List" owner="Collections">
<arg>${clean_list}</arg>
<arg>${clean_text}</arg>
<doc>Adds ``values`` to the end of ``list``.</doc>
<status status="PASS" start="2026-01-30T13:50:53.909975" elapsed="0.000119"/>
</kw>
<status status="PASS" start="2026-01-30T13:50:53.909858" elapsed="0.000280"/>
</branch>
<status status="PASS" start="2026-01-30T13:50:53.909836" elapsed="0.000342"/>
</if>
<status status="PASS" start="2026-01-30T13:50:53.908681" elapsed="0.001514"/>
</branch>
<status status="PASS" start="2026-01-30T13:50:53.908653" elapsed="0.001569"/>
</if>
<kw name="Get Length" owner="BuiltIn">
<msg time="2026-01-30T13:50:53.910386" level="INFO">Length is 13.</msg>
<msg time="2026-01-30T13:50:53.910441" level="INFO">${count} = 13</msg>
<var>${count}</var>
<arg>${clean_list}</arg>
<doc>Returns and logs the length of the given item as an integer.</doc>
<status status="PASS" start="2026-01-30T13:50:53.910289" elapsed="0.000172"/>
</kw>
<var name="${elem}">&lt;selenium.webdriver.remote.webelement.WebElement (session="f9a6eaaf03ac7f0924d150839a7bd23d", element="f.13C8A9E844210074BDB1A35E1A428667.d.B5DFFB2A41FA24B9A0FD0C90F271FE11.e.149")&gt;</var>
<status status="PASS" start="2026-01-30T13:50:53.874789" elapsed="0.035710"/>
</iter>
<iter>
<kw name="Run Keyword And Ignore Error" owner="BuiltIn">
<kw name="Get Text" owner="SeleniumLibrary">
<arg>${elem}</arg>
<doc>Returns the text value of the element identified by ``locator``.</doc>
<status status="PASS" start="2026-01-30T13:50:53.910886" elapsed="0.013234"/>
</kw>
<msg time="2026-01-30T13:50:53.924271" level="INFO">${status} = PASS</msg>
<msg time="2026-01-30T13:50:53.924310" level="INFO">${text} = ไข่ ชีส เนยและโยเกิร์ต</msg>
<var>${status}</var>
<var>${text}</var>
<arg>SeleniumLibrary.Get text</arg>
<arg>${elem}</arg>
<doc>Runs the given keyword with the given arguments and ignores possible error.</doc>
<status status="PASS" start="2026-01-30T13:50:53.910777" elapsed="0.013553"/>
</kw>
<if>
<branch type="IF" condition="&quot;${status}&quot; == &quot;PASS&quot;">
<kw name="Evaluate" owner="BuiltIn">
<msg time="2026-01-30T13:50:53.924797" level="INFO">${clean_text} = ไข่ ชีส เนยและโยเกิร์ต</msg>
<var>${clean_text}</var>
<arg>"${text}".strip()</arg>
<doc>Evaluates the given expression in Python and returns the result.</doc>
<status status="PASS" start="2026-01-30T13:50:53.924616" elapsed="0.000203"/>
</kw>
<status status="PASS" start="2026-01-30T13:50:53.924418" elapsed="0.000441"/>
</branch>
<branch type="ELSE">
<kw name="Evaluate" owner="BuiltIn">
<var>${clean_text}</var>
<arg>"".strip()</arg>
<doc>Evaluates the given expression in Python and returns the result.</doc>
<status status="NOT RUN" start="2026-01-30T13:50:53.924980" elapsed="0.000023"/>
</kw>
<status status="NOT RUN" start="2026-01-30T13:50:53.924895" elapsed="0.000143"/>
</branch>
<status status="PASS" start="2026-01-30T13:50:53.924395" elapsed="0.000671"/>
</if>
<kw name="Log To Console" owner="BuiltIn">
<arg>${clean_text}</arg>
<doc>Logs the given message to the console.</doc>
<status status="PASS" start="2026-01-30T13:50:53.925125" elapsed="0.000474"/>
</kw>
<kw name="Run Keyword And Return Status" owner="BuiltIn">
<kw name="Element Should Be Visible" owner="SeleniumLibrary">
<msg time="2026-01-30T13:50:53.941749" level="INFO">Element '&lt;selenium.webdriver.remote.webelement.WebElement (session="f9a6eaaf03ac7f0924d150839a7bd23d", element="f.13C8A9E844210074BDB1A35E1A428667.d.B5DFFB2A41FA24B9A0FD0C90F271FE11.e.150")&gt;' is displayed.</msg>
<arg>${elem}</arg>
<doc>Verifies that the element identified by ``locator`` is visible.</doc>
<status status="PASS" start="2026-01-30T13:50:53.925873" elapsed="0.016001"/>
</kw>
<msg time="2026-01-30T13:50:53.942057" level="INFO">${is_visible} = True</msg>
<var>${is_visible}</var>
<arg>SeleniumLibrary.Element should be visible</arg>
<arg>${elem}</arg>
<doc>Runs the given keyword with given arguments and returns the status as a Boolean value.</doc>
<status status="PASS" start="2026-01-30T13:50:53.925738" elapsed="0.016353"/>
</kw>
<if>
<branch type="IF" condition="${is_visible} and '${clean_text}' != '${EMPTY}'">
<kw name="Run Keyword And Return Status" owner="BuiltIn">
<kw name="List Should Not Contain Value" owner="Collections">
<arg>${clean_list}</arg>
<arg>${clean_text}</arg>
<doc>Fails if the ``value`` is found from ``list``.</doc>
<status status="PASS" start="2026-01-30T13:50:53.943307" elapsed="0.000406"/>
</kw>
<msg time="2026-01-30T13:50:53.943931" level="INFO">${not_duplicate} = True</msg>
<var>${not_duplicate}</var>
<arg>Collections.List should not contain value</arg>
<arg>${clean_list}</arg>
<arg>${clean_text}</arg>
<doc>Runs the given keyword with given arguments and returns the status as a Boolean value.</doc>
<status status="PASS" start="2026-01-30T13:50:53.942951" elapsed="0.001039"/>
</kw>
<if>
<branch type="IF" condition="${not_duplicate}">
<kw name="Append To List" owner="Collections">
<arg>${clean_list}</arg>
<arg>${clean_text}</arg>
<doc>Adds ``values`` to the end of ``list``.</doc>
<status status="PASS" start="2026-01-30T13:50:53.944506" elapsed="0.000320"/>
</kw>
<status status="PASS" start="2026-01-30T13:50:53.944220" elapsed="0.000787"/>
</branch>
<status status="PASS" start="2026-01-30T13:50:53.944179" elapsed="0.000941"/>
</if>
<status status="PASS" start="2026-01-30T13:50:53.942224" elapsed="0.002949"/>
</branch>
<status status="PASS" start="2026-01-30T13:50:53.942193" elapsed="0.003069"/>
</if>
<kw name="Get Length" owner="BuiltIn">
<msg time="2026-01-30T13:50:53.945799" level="INFO">Length is 14.</msg>
<msg time="2026-01-30T13:50:53.945955" level="INFO">${count} = 14</msg>
<var>${count}</var>
<arg>${clean_list}</arg>
<doc>Returns and logs the length of the given item as an integer.</doc>
<status status="PASS" start="2026-01-30T13:50:53.945463" elapsed="0.000529"/>
</kw>
<var name="${elem}">&lt;selenium.webdriver.remote.webelement.WebElement (session="f9a6eaaf03ac7f0924d150839a7bd23d", element="f.13C8A9E844210074BDB1A35E1A428667.d.B5DFFB2A41FA24B9A0FD0C90F271FE11.e.150")&gt;</var>
<status status="PASS" start="2026-01-30T13:50:53.910689" elapsed="0.035392"/>
</iter>
<iter>
<kw name="Run Keyword And Ignore Error" owner="BuiltIn">
<kw name="Get Text" owner="SeleniumLibrary">
<arg>${elem}</arg>
<doc>Returns the text value of the element identified by ``locator``.</doc>
<status status="PASS" start="2026-01-30T13:50:53.946629" elapsed="0.015772"/>
</kw>
<msg time="2026-01-30T13:50:53.962601" level="INFO">${status} = PASS</msg>
<msg time="2026-01-30T13:50:53.962654" level="INFO">${text} = ขนมและของหวาน</msg>
<var>${status}</var>
<var>${text}</var>
<arg>SeleniumLibrary.Get text</arg>
<arg>${elem}</arg>
<doc>Runs the given keyword with the given arguments and ignores possible error.</doc>
<status status="PASS" start="2026-01-30T13:50:53.946507" elapsed="0.016174"/>
</kw>
<if>
<branch type="IF" condition="&quot;${status}&quot; == &quot;PASS&quot;">
<kw name="Evaluate" owner="BuiltIn">
<msg time="2026-01-30T13:50:53.963331" level="INFO">${clean_text} = ขนมและของหวาน</msg>
<var>${clean_text}</var>
<arg>"${text}".strip()</arg>
<doc>Evaluates the given expression in Python and returns the result.</doc>
<status status="PASS" start="2026-01-30T13:50:53.963073" elapsed="0.000297"/>
</kw>
<status status="PASS" start="2026-01-30T13:50:53.962802" elapsed="0.000633"/>
</branch>
<branch type="ELSE">
<kw name="Evaluate" owner="BuiltIn">
<var>${clean_text}</var>
<arg>"".strip()</arg>
<doc>Evaluates the given expression in Python and returns the result.</doc>
<status status="NOT RUN" start="2026-01-30T13:50:53.963618" elapsed="0.000037"/>
</kw>
<status status="NOT RUN" start="2026-01-30T13:50:53.963492" elapsed="0.000217"/>
</branch>
<status status="PASS" start="2026-01-30T13:50:53.962772" elapsed="0.000998"/>
</if>
<kw name="Log To Console" owner="BuiltIn">
<arg>${clean_text}</arg>
<doc>Logs the given message to the console.</doc>
<status status="PASS" start="2026-01-30T13:50:53.963872" elapsed="0.000558"/>
</kw>
<kw name="Run Keyword And Return Status" owner="BuiltIn">
<kw name="Element Should Be Visible" owner="SeleniumLibrary">
<msg time="2026-01-30T13:50:53.982860" level="INFO">Element '&lt;selenium.webdriver.remote.webelement.WebElement (session="f9a6eaaf03ac7f0924d150839a7bd23d", element="f.13C8A9E844210074BDB1A35E1A428667.d.B5DFFB2A41FA24B9A0FD0C90F271FE11.e.151")&gt;' is displayed.</msg>
<arg>${elem}</arg>
<doc>Verifies that the element identified by ``locator`` is visible.</doc>
<status status="PASS" start="2026-01-30T13:50:53.964850" elapsed="0.018097"/>
</kw>
<msg time="2026-01-30T13:50:53.983071" level="INFO">${is_visible} = True</msg>
<var>${is_visible}</var>
<arg>SeleniumLibrary.Element should be visible</arg>
<arg>${elem}</arg>
<doc>Runs the given keyword with given arguments and returns the status as a Boolean value.</doc>
<status status="PASS" start="2026-01-30T13:50:53.964645" elapsed="0.018447"/>
</kw>
<if>
<branch type="IF" condition="${is_visible} and '${clean_text}' != '${EMPTY}'">
<kw name="Run Keyword And Return Status" owner="BuiltIn">
<kw name="List Should Not Contain Value" owner="Collections">
<arg>${clean_list}</arg>
<arg>${clean_text}</arg>
<doc>Fails if the ``value`` is found from ``list``.</doc>
<status status="PASS" start="2026-01-30T13:50:53.983790" elapsed="0.000138"/>
</kw>
<msg time="2026-01-30T13:50:53.984004" level="INFO">${not_duplicate} = True</msg>
<var>${not_duplicate}</var>
<arg>Collections.List should not contain value</arg>
<arg>${clean_list}</arg>
<arg>${clean_text}</arg>
<doc>Runs the given keyword with given arguments and returns the status as a Boolean value.</doc>
<status status="PASS" start="2026-01-30T13:50:53.983657" elapsed="0.000368"/>
</kw>
<if>
<branch type="IF" condition="${not_duplicate}">
<kw name="Append To List" owner="Collections">
<arg>${clean_list}</arg>
<arg>${clean_text}</arg>
<doc>Adds ``values`` to the end of ``list``.</doc>
<status status="PASS" start="2026-01-30T13:50:53.984193" elapsed="0.000106"/>
</kw>
<status status="PASS" start="2026-01-30T13:50:53.984091" elapsed="0.000411"/>
</branch>
<status status="PASS" start="2026-01-30T13:50:53.984076" elapsed="0.000503"/>
</if>
<status status="PASS" start="2026-01-30T13:50:53.983182" elapsed="0.001432"/>
</branch>
<status status="PASS" start="2026-01-30T13:50:53.983161" elapsed="0.001506"/>
</if>
<kw name="Get Length" owner="BuiltIn">
<msg time="2026-01-30T13:50:53.984960" level="INFO">Length is 15.</msg>
<msg time="2026-01-30T13:50:53.985056" level="INFO">${count} = 15</msg>
<var>${count}</var>
<arg>${clean_list}</arg>
<doc>Returns and logs the length of the given item as an integer.</doc>
<status status="PASS" start="2026-01-30T13:50:53.984792" elapsed="0.000300"/>
</kw>
<var name="${elem}">&lt;selenium.webdriver.remote.webelement.WebElement (session="f9a6eaaf03ac7f0924d150839a7bd23d", element="f.13C8A9E844210074BDB1A35E1A428667.d.B5DFFB2A41FA24B9A0FD0C90F271FE11.e.151")&gt;</var>
<status status="PASS" start="2026-01-30T13:50:53.946414" elapsed="0.038754"/>
</iter>
<iter>
<kw name="Run Keyword And Ignore Error" owner="BuiltIn">
<kw name="Get Text" owner="SeleniumLibrary">
<arg>${elem}</arg>
<doc>Returns the text value of the element identified by ``locator``.</doc>
<status status="PASS" start="2026-01-30T13:50:53.985801" elapsed="0.018004"/>
</kw>
<msg time="2026-01-30T13:50:54.003980" level="INFO">${status} = PASS</msg>
<msg time="2026-01-30T13:50:54.004026" level="INFO">${text} = ห้องครัว</msg>
<var>${status}</var>
<var>${text}</var>
<arg>SeleniumLibrary.Get text</arg>
<arg>${elem}</arg>
<doc>Runs the given keyword with the given arguments and ignores possible error.</doc>
<status status="PASS" start="2026-01-30T13:50:53.985674" elapsed="0.018376"/>
</kw>
<if>
<branch type="IF" condition="&quot;${status}&quot; == &quot;PASS&quot;">
<kw name="Evaluate" owner="BuiltIn">
<msg time="2026-01-30T13:50:54.004753" level="INFO">${clean_text} = ห้องครัว</msg>
<var>${clean_text}</var>
<arg>"${text}".strip()</arg>
<doc>Evaluates the given expression in Python and returns the result.</doc>
<status status="PASS" start="2026-01-30T13:50:54.004420" elapsed="0.000374"/>
</kw>
<status status="PASS" start="2026-01-30T13:50:54.004166" elapsed="0.000684"/>
</branch>
<branch type="ELSE">
<kw name="Evaluate" owner="BuiltIn">
<var>${clean_text}</var>
<arg>"".strip()</arg>
<doc>Evaluates the given expression in Python and returns the result.</doc>
<status status="NOT RUN" start="2026-01-30T13:50:54.005022" elapsed="0.000028"/>
</kw>
<status status="NOT RUN" start="2026-01-30T13:50:54.004898" elapsed="0.000194"/>
</branch>
<status status="PASS" start="2026-01-30T13:50:54.004140" elapsed="0.000985"/>
</if>
<kw name="Log To Console" owner="BuiltIn">
<arg>${clean_text}</arg>
<doc>Logs the given message to the console.</doc>
<status status="PASS" start="2026-01-30T13:50:54.005226" elapsed="0.000478"/>
</kw>
<kw name="Run Keyword And Return Status" owner="BuiltIn">
<kw name="Element Should Be Visible" owner="SeleniumLibrary">
[...]
<status status="PASS" start="2026-01-30T13:50:58.280461" elapsed="0.039142"/>
</iter>
<iter>
<kw name="Run Keyword And Ignore Error" owner="BuiltIn">
<kw name="Get Text" owner="SeleniumLibrary">
<arg>${elem}</arg>
<doc>Returns the text value of the element identified by ``locator``.</doc>
<status status="PASS" start="2026-01-30T13:50:58.320111" elapsed="0.014508"/>
</kw>
<msg time="2026-01-30T13:50:58.334774" level="INFO">${status} = PASS</msg>
<msg time="2026-01-30T13:50:58.334813" level="INFO">${text} = ซีพี ไข่ขาวเหลวพาสเจอร์ไรซ์ 430 มล.</msg>
<var>${status}</var>
<var>${text}</var>
<arg>SeleniumLibrary.Get text</arg>
<arg>${elem}</arg>
<doc>Runs the given keyword with the given arguments and ignores possible error.</doc>
<status status="PASS" start="2026-01-30T13:50:58.319943" elapsed="0.014890"/>
</kw>
<if>
<branch type="IF" condition="&quot;${status}&quot; == &quot;PASS&quot;">
<kw name="Evaluate" owner="BuiltIn">
<msg time="2026-01-30T13:50:58.335524" level="INFO">${clean_text} = ซีพี ไข่ขาวเหลวพาสเจอร์ไรซ์ 430 มล.</msg>
<var>${clean_text}</var>
<arg>"${text}".strip()</arg>
<doc>Evaluates the given expression in Python and returns the result.</doc>
<status status="PASS" start="2026-01-30T13:50:58.335137" elapsed="0.000476"/>
</kw>
<status status="PASS" start="2026-01-30T13:50:58.334920" elapsed="0.000839"/>
</branch>
<branch type="ELSE">
<kw name="Evaluate" owner="BuiltIn">
<var>${clean_text}</var>
<arg>"".strip()</arg>
<doc>Evaluates the given expression in Python and returns the result.</doc>
<status status="NOT RUN" start="2026-01-30T13:50:58.336012" elapsed="0.000049"/>
</kw>
<status status="NOT RUN" start="2026-01-30T13:50:58.335839" elapsed="0.000293"/>
</branch>
<status status="PASS" start="2026-01-30T13:50:58.334899" elapsed="0.001291"/>
</if>
<kw name="Log To Console" owner="BuiltIn">
<arg>${clean_text}</arg>
<doc>Logs the given message to the console.</doc>
<status status="PASS" start="2026-01-30T13:50:58.336306" elapsed="0.000576"/>
</kw>
<kw name="Run Keyword And Return Status" owner="BuiltIn">
<kw name="Element Should Be Visible" owner="SeleniumLibrary">
<msg time="2026-01-30T13:50:58.350259" level="INFO">Element '&lt;selenium.webdriver.remote.webelement.WebElement (session="f9a6eaaf03ac7f0924d150839a7bd23d", element="f.13C8A9E844210074BDB1A35E1A428667.d.CD02478B0C1E51F2244FE5F95D0E0F74.e.210")&gt;' is displayed.</msg>
<arg>${elem}</arg>
<doc>Verifies that the element identified by ``locator`` is visible.</doc>
<status status="PASS" start="2026-01-30T13:50:58.337132" elapsed="0.013231"/>
</kw>
<msg time="2026-01-30T13:50:58.350507" level="INFO">${is_visible} = True</msg>
<var>${is_visible}</var>
<arg>SeleniumLibrary.Element should be visible</arg>
<arg>${elem}</arg>
<doc>Runs the given keyword with given arguments and returns the status as a Boolean value.</doc>
<status status="PASS" start="2026-01-30T13:50:58.337009" elapsed="0.013521"/>
</kw>
<if>
<branch type="IF" condition="${is_visible} and '${clean_text}' != '${EMPTY}'">
<kw name="Run Keyword And Return Status" owner="BuiltIn">
<kw name="List Should Not Contain Value" owner="Collections">
<arg>${clean_list}</arg>
<arg>${clean_text}</arg>
<doc>Fails if the ``value`` is found from ``list``.</doc>
<status status="PASS" start="2026-01-30T13:50:58.351396" elapsed="0.000325"/>
</kw>
<msg time="2026-01-30T13:50:58.352142" level="INFO">${not_duplicate} = True</msg>
<var>${not_duplicate}</var>
<arg>Collections.List should not contain value</arg>
<arg>${clean_list}</arg>
<arg>${clean_text}</arg>
<doc>Runs the given keyword with given arguments and returns the status as a Boolean value.</doc>
<status status="PASS" start="2026-01-30T13:50:58.351226" elapsed="0.000993"/>
</kw>
<if>
<branch type="IF" condition="${not_duplicate}">
<kw name="Append To List" owner="Collections">
<arg>${clean_list}</arg>
<arg>${clean_text}</arg>
<doc>Adds ``values`` to the end of ``list``.</doc>
<status status="PASS" start="2026-01-30T13:50:58.352731" elapsed="0.000356"/>
</kw>
<status status="PASS" start="2026-01-30T13:50:58.352419" elapsed="0.000770"/>
</branch>
<status status="PASS" start="2026-01-30T13:50:58.352378" elapsed="0.000852"/>
</if>
<status status="PASS" start="2026-01-30T13:50:58.350629" elapsed="0.002622"/>
</branch>
<status status="PASS" start="2026-01-30T13:50:58.350603" elapsed="0.002691"/>
</if>
<kw name="Get Length" owner="BuiltIn">
<msg time="2026-01-30T13:50:58.353491" level="INFO">Length is 13.</msg>
<msg time="2026-01-30T13:50:58.353549" level="INFO">${count} = 13</msg>
<var>${count}</var>
<arg>${clean_list}</arg>
<doc>Returns and logs the length of the given item as an integer.</doc>
<status status="PASS" start="2026-01-30T13:50:58.353371" elapsed="0.000209"/>
</kw>
<var name="${elem}">&lt;selenium.webdriver.remote.webelement.WebElement (session="f9a6eaaf03ac7f0924d150839a7bd23d", element="f.13C8A9E844210074BDB1A35E1A428667.d.CD02478B0C1E51F2244FE5F95D0E0F74.e.210")&gt;</var>
<status status="PASS" start="2026-01-30T13:50:58.319843" elapsed="0.033780"/>
</iter>
<iter>
<kw name="Run Keyword And Ignore Error" owner="BuiltIn">
<kw name="Get Text" owner="SeleniumLibrary">
<arg>${elem}</arg>
<doc>Returns the text value of the element identified by ``locator``.</doc>
<status status="PASS" start="2026-01-30T13:50:58.354102" elapsed="0.015541"/>
</kw>
<msg time="2026-01-30T13:50:58.369889" level="INFO">${status} = PASS</msg>
<msg time="2026-01-30T13:50:58.369966" level="INFO">${text} = ฮิลไทรบ์ ไข่ไก่ออร์แกนิค แพ็ค 6 ฟอง</msg>
<var>${status}</var>
<var>${text}</var>
<arg>SeleniumLibrary.Get text</arg>
<arg>${elem}</arg>
<doc>Runs the given keyword with the given arguments and ignores possible error.</doc>
<status status="PASS" start="2026-01-30T13:50:58.353953" elapsed="0.016057"/>
</kw>
<if>
<branch type="IF" condition="&quot;${status}&quot; == &quot;PASS&quot;">
<kw name="Evaluate" owner="BuiltIn">
<msg time="2026-01-30T13:50:58.371209" level="INFO">${clean_text} = ฮิลไทรบ์ ไข่ไก่ออร์แกนิค แพ็ค 6 ฟอง</msg>
<var>${clean_text}</var>
<arg>"${text}".strip()</arg>
<doc>Evaluates the given expression in Python and returns the result.</doc>
<status status="PASS" start="2026-01-30T13:50:58.370626" elapsed="0.000657"/>
</kw>
<status status="PASS" start="2026-01-30T13:50:58.370169" elapsed="0.001232"/>
</branch>
<branch type="ELSE">
<kw name="Evaluate" owner="BuiltIn">
<var>${clean_text}</var>
<arg>"".strip()</arg>
<doc>Evaluates the given expression in Python and returns the result.</doc>
<status status="NOT RUN" start="2026-01-30T13:50:58.371726" elapsed="0.000069"/>
</kw>
<status status="NOT RUN" start="2026-01-30T13:50:58.371498" elapsed="0.000395"/>
</branch>
<status status="PASS" start="2026-01-30T13:50:58.370132" elapsed="0.001841"/>
</if>
<kw name="Log To Console" owner="BuiltIn">
<arg>${clean_text}</arg>
<doc>Logs the given message to the console.</doc>
<status status="PASS" start="2026-01-30T13:50:58.372159" elapsed="0.000694"/>
</kw>
<kw name="Run Keyword And Return Status" owner="BuiltIn">
<kw name="Element Should Be Visible" owner="SeleniumLibrary">
<msg time="2026-01-30T13:50:58.386677" level="INFO">Element '&lt;selenium.webdriver.remote.webelement.WebElement (session="f9a6eaaf03ac7f0924d150839a7bd23d", element="f.13C8A9E844210074BDB1A35E1A428667.d.CD02478B0C1E51F2244FE5F95D0E0F74.e.211")&gt;' is displayed.</msg>
<arg>${elem}</arg>
<doc>Verifies that the element identified by ``locator`` is visible.</doc>
<status status="PASS" start="2026-01-30T13:50:58.373200" elapsed="0.013624"/>
</kw>
<msg time="2026-01-30T13:50:58.387023" level="INFO">${is_visible} = True</msg>
<var>${is_visible}</var>
<arg>SeleniumLibrary.Element should be visible</arg>
<arg>${elem}</arg>
<doc>Runs the given keyword with given arguments and returns the status as a Boolean value.</doc>
<status status="PASS" start="2026-01-30T13:50:58.373022" elapsed="0.014041"/>
</kw>
<if>
<branch type="IF" condition="${is_visible} and '${clean_text}' != '${EMPTY}'">
<kw name="Run Keyword And Return Status" owner="BuiltIn">
<kw name="List Should Not Contain Value" owner="Collections">
<arg>${clean_list}</arg>
<arg>${clean_text}</arg>
<doc>Fails if the ``value`` is found from ``list``.</doc>
<status status="PASS" start="2026-01-30T13:50:58.387956" elapsed="0.000140"/>
</kw>
<msg time="2026-01-30T13:50:58.388188" level="INFO">${not_duplicate} = True</msg>
<var>${not_duplicate}</var>
<arg>Collections.List should not contain value</arg>
<arg>${clean_list}</arg>
<arg>${clean_text}</arg>
<doc>Runs the given keyword with given arguments and returns the status as a Boolean value.</doc>
<status status="PASS" start="2026-01-30T13:50:58.387811" elapsed="0.000398"/>
</kw>
<if>
<branch type="IF" condition="${not_duplicate}">
<kw name="Append To List" owner="Collections">
<arg>${clean_list}</arg>
<arg>${clean_text}</arg>
<doc>Adds ``values`` to the end of ``list``.</doc>
<status status="PASS" start="2026-01-30T13:50:58.388375" elapsed="0.000101"/>
</kw>
<status status="PASS" start="2026-01-30T13:50:58.388277" elapsed="0.000237"/>
</branch>
<status status="PASS" start="2026-01-30T13:50:58.388262" elapsed="0.000287"/>
</if>
<status status="PASS" start="2026-01-30T13:50:58.387279" elapsed="0.001287"/>
</branch>
<status status="PASS" start="2026-01-30T13:50:58.387234" elapsed="0.001356"/>
</if>
<kw name="Get Length" owner="BuiltIn">
<msg time="2026-01-30T13:50:58.388734" level="INFO">Length is 14.</msg>
<msg time="2026-01-30T13:50:58.388783" level="INFO">${count} = 14</msg>
<var>${count}</var>
<arg>${clean_list}</arg>
<doc>Returns and logs the length of the given item as an integer.</doc>
<status status="PASS" start="2026-01-30T13:50:58.388651" elapsed="0.000149"/>
</kw>
<var name="${elem}">&lt;selenium.webdriver.remote.webelement.WebElement (session="f9a6eaaf03ac7f0924d150839a7bd23d", element="f.13C8A9E844210074BDB1A35E1A428667.d.CD02478B0C1E51F2244FE5F95D0E0F74.e.211")&gt;</var>
<status status="PASS" start="2026-01-30T13:50:58.353861" elapsed="0.034976"/>
</iter>
<iter>
<kw name="Run Keyword And Ignore Error" owner="BuiltIn">
<kw name="Get Text" owner="SeleniumLibrary">
<arg>${elem}</arg>
<doc>Returns the text value of the element identified by ``locator``.</doc>
<status status="PASS" start="2026-01-30T13:50:58.389217" elapsed="0.013472"/>
</kw>
<msg time="2026-01-30T13:50:58.403222" level="INFO">${status} = PASS</msg>
<msg time="2026-01-30T13:50:58.403406" level="INFO">${text} = ซีพี ซีเล็คชั่น ไข่ไก่ เบอร์ 2 แพ็ค 10 ฟอง</msg>
<var>${status}</var>
<var>${text}</var>
<arg>SeleniumLibrary.Get text</arg>
<arg>${elem}</arg>
<doc>Runs the given keyword with the given arguments and ignores possible error.</doc>
<status status="PASS" start="2026-01-30T13:50:58.389107" elapsed="0.014386"/>
</kw>
<if>
<branch type="IF" condition="&quot;${status}&quot; == &quot;PASS&quot;">
<kw name="Evaluate" owner="BuiltIn">
<msg time="2026-01-30T13:50:58.405080" level="INFO">${clean_text} = ซีพี ซีเล็คชั่น ไข่ไก่ เบอร์ 2 แพ็ค 10 ฟอง</msg>
<var>${clean_text}</var>
<arg>"${text}".strip()</arg>
<doc>Evaluates the given expression in Python and returns the result.</doc>
<status status="PASS" start="2026-01-30T13:50:58.404593" elapsed="0.000536"/>
</kw>
<status status="PASS" start="2026-01-30T13:50:58.404057" elapsed="0.001142"/>
</branch>
<branch type="ELSE">
<kw name="Evaluate" owner="BuiltIn">
<var>${clean_text}</var>
<arg>"".strip()</arg>
<doc>Evaluates the given expression in Python and returns the result.</doc>
<status status="NOT RUN" start="2026-01-30T13:50:58.405368" elapsed="0.000031"/>
</kw>
<status status="NOT RUN" start="2026-01-30T13:50:58.405248" elapsed="0.000194"/>
</branch>
<status status="PASS" start="2026-01-30T13:50:58.403995" elapsed="0.001483"/>
</if>
<kw name="Log To Console" owner="BuiltIn">
<arg>${clean_text}</arg>
<doc>Logs the given message to the console.</doc>
<status status="PASS" start="2026-01-30T13:50:58.405553" elapsed="0.000491"/>
</kw>
<kw name="Run Keyword And Return Status" owner="BuiltIn">
<kw name="Element Should Be Visible" owner="SeleniumLibrary">
<msg time="2026-01-30T13:50:58.419025" level="INFO">Element '&lt;selenium.webdriver.remote.webelement.WebElement (session="f9a6eaaf03ac7f0924d150839a7bd23d", element="f.13C8A9E844210074BDB1A35E1A428667.d.CD02478B0C1E51F2244FE5F95D0E0F74.e.212")&gt;' is displayed.</msg>
<arg>${elem}</arg>
<doc>Verifies that the element identified by ``locator`` is visible.</doc>
<status status="PASS" start="2026-01-30T13:50:58.406373" elapsed="0.012833"/>
</kw>
<msg time="2026-01-30T13:50:58.419469" level="INFO">${is_visible} = True</msg>
<var>${is_visible}</var>
<arg>SeleniumLibrary.Element should be visible</arg>
<arg>${elem}</arg>
<doc>Runs the given keyword with given arguments and returns the status as a Boolean value.</doc>
<status status="PASS" start="2026-01-30T13:50:58.406213" elapsed="0.013303"/>
</kw>
<if>
<branch type="IF" condition="${is_visible} and '${clean_text}' != '${EMPTY}'">
<kw name="Run Keyword And Return Status" owner="BuiltIn">
<kw name="List Should Not Contain Value" owner="Collections">
<arg>${clean_list}</arg>
<arg>${clean_text}</arg>
<doc>Fails if the ``value`` is found from ``list``.</doc>
<status status="PASS" start="2026-01-30T13:50:58.420854" elapsed="0.000386"/>
</kw>
<msg time="2026-01-30T13:50:58.421479" level="INFO">${not_duplicate} = True</msg>
<var>${not_duplicate}</var>
<arg>Collections.List should not contain value</arg>
<arg>${clean_list}</arg>
<arg>${clean_text}</arg>
<doc>Runs the given keyword with given arguments and returns the status as a Boolean value.</doc>
<status status="PASS" start="2026-01-30T13:50:58.420530" elapsed="0.000999"/>
</kw>
<if>
<branch type="IF" condition="${not_duplicate}">
<kw name="Append To List" owner="Collections">
<arg>${clean_list}</arg>
<arg>${clean_text}</arg>
<doc>Adds ``values`` to the end of ``list``.</doc>
<status status="PASS" start="2026-01-30T13:50:58.421972" elapsed="0.000190"/>
</kw>
<status status="PASS" start="2026-01-30T13:50:58.421685" elapsed="0.000532"/>
</branch>
<status status="PASS" start="2026-01-30T13:50:58.421654" elapsed="0.000607"/>
</if>
<status status="PASS" start="2026-01-30T13:50:58.419629" elapsed="0.002652"/>
</branch>
<status status="PASS" start="2026-01-30T13:50:58.419603" elapsed="0.002707"/>
</if>
<kw name="Get Length" owner="BuiltIn">
<msg time="2026-01-30T13:50:58.422514" level="INFO">Length is 15.</msg>
<msg time="2026-01-30T13:50:58.422580" level="INFO">${count} = 15</msg>
<var>${count}</var>
<arg>${clean_list}</arg>
<doc>Returns and logs the length of the given item as an integer.</doc>
<status status="PASS" start="2026-01-30T13:50:58.422392" elapsed="0.000256"/>
</kw>
<var name="${elem}">&lt;selenium.webdriver.remote.webelement.WebElement (session="f9a6eaaf03ac7f0924d150839a7bd23d", element="f.13C8A9E844210074BDB1A35E1A428667.d.CD02478B0C1E51F2244FE5F95D0E0F74.e.212")&gt;</var>
<status status="PASS" start="2026-01-30T13:50:58.389024" elapsed="0.033672"/>
</iter>
<var>${elem}</var>
<value>@{all_elements}</value>
<status status="PASS" start="2026-01-30T13:50:57.886787" elapsed="0.536234"/>
</for>
<kw name="Log To Console" owner="BuiltIn">
<arg>จำนวนที่พบ: ${clean_list.__len__()} ตัว</arg>
<doc>Logs the given message to the console.</doc>
<status status="PASS" start="2026-01-30T13:50:58.423187" elapsed="0.001038"/>
</kw>
<return>
<value>${clean_list}</value>
<status status="PASS" start="2026-01-30T13:50:58.424323" elapsed="0.000066"/>
</return>
<msg time="2026-01-30T13:50:58.424573" level="INFO">${all_names} = ['โลตัส ไข่ไก่อนามัย ขนาดกลาง (M) 30 ฟอง', 'อัครา ไข่ไก่ เคจฟรี แพ็ค 10 ฟอง', 'ซีพี ซีเล็คชั่น ไข่ไก่ เบอร์ 1 แพ็ค 10 ฟอง', 'โลตัส ไข่ไก่อนามัย ขนาดใหญ่ (L) 30 ฟอง', 'ซีพี ซีเล็คชั่น ไข่ไก่ เบอร์ 1 แพ...</msg>
<var>${all_names}</var>
<arg>${plp_locator.lbl_product_name}</arg>
<status status="PASS" start="2026-01-30T13:50:57.874558" elapsed="0.550047"/>
</kw>
<variable name="${expected_name}">
<msg time="2026-01-30T13:50:58.424806" level="INFO">${expected_name} = โลตัส ไข่ไก่อนามัย ขนาดกลาง (M) 30 ฟอง</msg>
<var>${all_names}[${index}]</var>
<status status="PASS" start="2026-01-30T13:50:58.424668" elapsed="0.000165"/>
</variable>
<kw name="Log To Console" owner="BuiltIn">
<arg>คุณเลือกสินค้าลำดับที่ ${index+1}: ${expected_name}</arg>
<doc>Logs the given message to the console.</doc>
<status status="PASS" start="2026-01-30T13:50:58.424957" elapsed="0.000932"/>
</kw>
<kw name="Select Product By Index" owner="Page_plp">
<kw name="Get WebElements" owner="SeleniumLibrary">
<msg time="2026-01-30T13:50:58.462606" level="INFO">@{elements} = [ &lt;selenium.webdriver.remote.webelement.WebElement (session="f9a6eaaf03ac7f0924d150839a7bd23d", element="f.13C8A9E844210074BDB1A35E1A428667.d.CD02478B0C1E51F2244FE5F95D0E0F74.e.198")&gt; | &lt;selenium.webd...</msg>
<var>@{elements}</var>
<arg>${plp_locator.lbl_product_name}</arg>
<doc>Returns a list of WebElement objects matching the ``locator``.</doc>
<status status="PASS" start="2026-01-30T13:50:58.427045" elapsed="0.035695"/>
</kw>
<kw name="Click Element" owner="SeleniumLibrary">
<msg time="2026-01-30T13:50:58.463902" level="INFO">Clicking element '&lt;selenium.webdriver.remote.webelement.WebElement (session="f9a6eaaf03ac7f0924d150839a7bd23d", element="f.13C8A9E844210074BDB1A35E1A428667.d.CD02478B0C1E51F2244FE5F95D0E0F74.e.198")&gt;'.</msg>
<arg>${elements}[${index}]</arg>
<doc>Click the element identified by ``locator``.</doc>
<status status="PASS" start="2026-01-30T13:50:58.463176" elapsed="2.111253"/>
</kw>
<kw name="Sleep" owner="BuiltIn">
<msg time="2026-01-30T13:51:05.575876" level="INFO">Slept 5 seconds.</msg>
<arg>${browser_settings.delay_long}</arg>
<doc>Pauses the test executed for the given time.</doc>
<status status="PASS" start="2026-01-30T13:51:00.574676" elapsed="5.001436"/>
</kw>
<arg>${index}</arg>
<status status="PASS" start="2026-01-30T13:50:58.426443" elapsed="7.149888"/>
</kw>
<kw name="Wait Until Element Is Visible" owner="SeleniumLibrary">
<arg>${pdp_locator.lbl_detail_name}</arg>
<doc>Waits until the element ``locator`` is visible.</doc>
<status status="PASS" start="2026-01-30T13:51:05.576647" elapsed="0.039069"/>
</kw>
<kw name="Get Text" owner="SeleniumLibrary">
<msg time="2026-01-30T13:51:05.651987" level="INFO">${actual_name} = โลตัส ไข่ไก่อนามัย ขนาดกลาง (M) 30 ฟอง</msg>
<var>${actual_name}</var>
<arg>${pdp_locator.lbl_detail_name}</arg>
<doc>Returns the text value of the element identified by ``locator``.</doc>
<status status="PASS" start="2026-01-30T13:51:05.616047" elapsed="0.036017"/>
</kw>
<kw name="Should Be Equal" owner="BuiltIn">
<arg>${actual_name.strip()}</arg>
<arg>${expected_name}</arg>
<doc>Fails if the given objects are unequal.</doc>
<status status="PASS" start="2026-01-30T13:51:05.652330" elapsed="0.000756"/>
</kw>
<kw name="Log To Console" owner="BuiltIn">
<arg>Success! ชื่อสินค้าตรงกัน: ${actual_name.strip()}</arg>
<doc>Logs the given message to the console.</doc>
<status status="PASS" start="2026-01-30T13:51:05.653526" elapsed="0.001100"/>
</kw>
<arg>${Product.product_1st}</arg>
<status status="PASS" start="2026-01-30T13:50:56.959002" elapsed="8.695784"/>
</kw>
<kw name="Close Browser" owner="SeleniumLibrary" type="TEARDOWN">
<doc>Closes the current browser.</doc>
<status status="PASS" start="2026-01-30T13:51:05.655450" elapsed="2.260058"/>
</kw>
<tag>END-END</tag>
<tag>TC5</tag>
<tag>TH</tag>
<status status="PASS" start="2026-01-30T13:50:43.151785" elapsed="24.764584"/>
</test>
<status status="PASS" start="2026-01-30T13:50:42.776782" elapsed="25.141366"/>
</suite>
<statistics>
<total>
<stat pass="1" fail="0" skip="0">All Tests</stat>
</total>
<tag>
<stat pass="1" fail="0" skip="0">END-END</stat>
<stat pass="1" fail="0" skip="0">TC5</stat>
<stat pass="1" fail="0" skip="0">TH</stat>
</tag>
<suite>
<stat name="TC 5" id="s1" pass="1" fail="0" skip="0">TC 5</stat>
</suite>
</statistics>
<errors>
</errors>
</robot>
