<?xml version="1.0" encoding="UTF-8"?>
<robot generator="Robot 7.3.2 (Python 3.14.0 on win32)" generated="2026-01-29T18:55:23.676680" rpa="false" schemaversion="5">
<suite id="s1" name="TC 6" source="C:\Users\Thithawat.t\Desktop\lotus\robot1\testcases\TC_6.robot">
<test id="s1-t1" name="Verify that the product name displayed in the search results matches on the product detail page exactly when select 1st product on search in ENG" line="7">
<kw name="Open Lotus Website" owner="Feature" type="SETUP">
<kw name="Open Browser" owner="SeleniumLibrary">
<msg time="2026-01-29T18:55:24.242735" level="INFO">Opening browser 'Chrome' to base url 'https://www.lotuss.com/th'.</msg>
<arg>${browser_settings.url}</arg>
<arg>${browser_settings.browser}</arg>
<doc>Opens a new browser instance to the optional ``url``.</doc>
<status status="PASS" start="2026-01-29T18:55:24.241574" elapsed="5.376148"/>
</kw>
<kw name="Accept cookies" owner="Page_home">
<kw name="Handle optional popup" owner="Common">
<kw name="Run Keyword And Return Status" owner="BuiltIn">
<kw name="Wait Until Element Is Visible" owner="SeleniumLibrary">
<arg>${locator}</arg>
<arg>${timeout}</arg>
<doc>Waits until the element ``locator`` is visible.</doc>
<status status="PASS" start="2026-01-29T18:55:29.623403" elapsed="7.857283"/>
</kw>
<msg time="2026-01-29T18:55:37.481177" level="INFO">${status} = True</msg>
<var>${status}</var>
<arg>SeleniumLibrary.Wait until element is visible</arg>
<arg>${locator}</arg>
<arg>${timeout}</arg>
<doc>Runs the given keyword with given arguments and returns the status as a Boolean value.</doc>
<status status="PASS" start="2026-01-29T18:55:29.622425" elapsed="7.858832"/>
</kw>
<if>
<branch type="IF" condition="${status}">
<kw name="Click Element" owner="SeleniumLibrary">
<msg time="2026-01-29T18:55:37.482488" level="INFO">Clicking element '//button[@id="onetrust-accept-btn-handler"]'.</msg>
<arg>${locator}</arg>
<doc>Click the element identified by ``locator``.</doc>
<status status="PASS" start="2026-01-29T18:55:37.482005" elapsed="0.919563"/>
</kw>
<kw name="Log To Console" owner="BuiltIn">
<arg>banner closed.</arg>
<doc>Logs the given message to the console.</doc>
<status status="PASS" start="2026-01-29T18:55:38.401979" elapsed="0.000627"/>
</kw>
<status status="PASS" start="2026-01-29T18:55:37.481568" elapsed="0.921168"/>
</branch>
<branch type="ELSE">
<kw name="Log To Console" owner="BuiltIn">
<arg>No banner.</arg>
<doc>Logs the given message to the console.</doc>
<status status="NOT RUN" start="2026-01-29T18:55:38.403071" elapsed="0.000052"/>
</kw>
<status status="NOT RUN" start="2026-01-29T18:55:38.402831" elapsed="0.000354"/>
</branch>
<status status="PASS" start="2026-01-29T18:55:37.481489" elapsed="0.921754"/>
</if>
<arg>${home_locator.btn_cookie}</arg>
<status status="PASS" start="2026-01-29T18:55:29.619361" elapsed="8.783986"/>
</kw>
<status status="PASS" start="2026-01-29T18:55:29.618209" elapsed="8.785242"/>
</kw>
<status status="PASS" start="2026-01-29T18:55:24.240811" elapsed="14.162720"/>
</kw>
<kw name="Change language to ENG" owner="Page_home">
<kw name="Wait Until Element Is Visible" owner="SeleniumLibrary">
<arg>${home_locator.img_element}</arg>
<doc>Waits until the element ``locator`` is visible.</doc>
<status status="PASS" start="2026-01-29T18:55:38.404358" elapsed="1.636465"/>
</kw>
<kw name="Click Element" owner="SeleniumLibrary">
<msg time="2026-01-29T18:55:40.041694" level="INFO">Clicking element '//a[@class="MuiTypography-root MuiTypography-inherit MuiLink-root MuiLink-underlineAlways mui-style-1m8egem"]'.</msg>
<arg>${home_locator.btn_eng}</arg>
<doc>Click the element identified by ``locator``.</doc>
<status status="PASS" start="2026-01-29T18:55:40.041071" elapsed="1.305586"/>
</kw>
<kw name="Wait Until Element Is Visible" owner="SeleniumLibrary">
<arg>${home_locator.img_element}</arg>
<doc>Waits until the element ``locator`` is visible.</doc>
<status status="PASS" start="2026-01-29T18:55:41.346893" elapsed="0.308450"/>
</kw>
<status status="PASS" start="2026-01-29T18:55:38.403917" elapsed="3.251708"/>
</kw>
<kw name="Search for product" owner="Page_home">
<kw name="Press Keys" owner="SeleniumLibrary">
<msg time="2026-01-29T18:55:41.659662" level="INFO">Sending key(s) ('Egg+ENTER',) to //input[@id="search-bar-input"] element.</msg>
<msg time="2026-01-29T18:55:55.215901" level="INFO">Sending keys Egg</msg>
<msg time="2026-01-29T18:55:55.216085" level="INFO">Pressing special key ENTER down.</msg>
<msg time="2026-01-29T18:55:55.216164" level="INFO">Releasing special key ENTER.</msg>
<arg>${home_locator.txt_search}</arg>
<arg>${keyword}+ENTER</arg>
<doc>Simulates the user pressing key(s) to an element or on the active browser.</doc>
<status status="PASS" start="2026-01-29T18:55:41.657971" elapsed="15.658662"/>
</kw>
<arg>${search_info.name2}</arg>
<status status="PASS" start="2026-01-29T18:55:41.656304" elapsed="15.660615"/>
</kw>
<kw name="Close delivery popup" owner="Page_plp">
<kw name="Wait Until Element Is Visible" owner="SeleniumLibrary">
<arg>${plp_locator.img_delivery}</arg>
<arg>timeout=10s</arg>
<doc>Waits until the element ``locator`` is visible.</doc>
<status status="PASS" start="2026-01-29T18:55:57.318619" elapsed="0.614172"/>
</kw>
<kw name="Handle optional popup" owner="Common">
<kw name="Run Keyword And Return Status" owner="BuiltIn">
<kw name="Wait Until Element Is Visible" owner="SeleniumLibrary">
<arg>${locator}</arg>
<arg>${timeout}</arg>
<doc>Waits until the element ``locator`` is visible.</doc>
<status status="PASS" start="2026-01-29T18:55:57.935620" elapsed="0.147674"/>
</kw>
<msg time="2026-01-29T18:55:58.083707" level="INFO">${status} = True</msg>
<var>${status}</var>
<arg>SeleniumLibrary.Wait until element is visible</arg>
<arg>${locator}</arg>
<arg>${timeout}</arg>
<doc>Runs the given keyword with given arguments and returns the status as a Boolean value.</doc>
<status status="PASS" start="2026-01-29T18:55:57.935237" elapsed="0.148586"/>
</kw>
<if>
<branch type="IF" condition="${status}">
<kw name="Click Element" owner="SeleniumLibrary">
<msg time="2026-01-29T18:55:58.085089" level="INFO">Clicking element '//img[@class="mui-style-1stx66s"]'.</msg>
<arg>${locator}</arg>
<doc>Click the element identified by ``locator``.</doc>
<status status="PASS" start="2026-01-29T18:55:58.084572" elapsed="0.201482"/>
</kw>
<kw name="Log To Console" owner="BuiltIn">
<arg>banner closed.</arg>
<doc>Logs the given message to the console.</doc>
<status status="PASS" start="2026-01-29T18:55:58.286480" elapsed="0.000670"/>
</kw>
<status status="PASS" start="2026-01-29T18:55:58.084106" elapsed="0.203168"/>
</branch>
<branch type="ELSE">
<kw name="Log To Console" owner="BuiltIn">
<arg>No banner.</arg>
<doc>Logs the given message to the console.</doc>
<status status="NOT RUN" start="2026-01-29T18:55:58.287540" elapsed="0.000050"/>
</kw>
<status status="NOT RUN" start="2026-01-29T18:55:58.287354" elapsed="0.000309"/>
</branch>
<status status="PASS" start="2026-01-29T18:55:58.084047" elapsed="0.203674"/>
</if>
<arg>${plp_locator.img_delivery}</arg>
<status status="PASS" start="2026-01-29T18:55:57.933739" elapsed="0.354061"/>
</kw>
<status status="PASS" start="2026-01-29T18:55:57.317850" elapsed="0.970033"/>
</kw>
<kw name="Pick Product And Verify" owner="Feature">
<kw name="Wait Until Element Is Visible" owner="SeleniumLibrary">
<arg>${plp_locator.img_prodct}</arg>
<doc>Waits until the element ``locator`` is visible.</doc>
<status status="PASS" start="2026-01-29T18:55:58.290171" elapsed="0.702828"/>
</kw>
<kw name="Get text list" owner="Common">
<kw name="Get WebElements" owner="SeleniumLibrary">
<msg time="2026-01-29T18:55:59.009384" level="INFO">@{all_elements} = [ &lt;selenium.webdriver.remote.webelement.WebElement (session="91baa7bab2b72164617575a10ad86788", element="f.0872BBD304622278081B7045AE6185B1.d.86CED06124A842C4E01CD5FC910A16CA.e.125")&gt; | &lt;selenium.webd...</msg>
<var>@{all_elements}</var>
<arg>${locator}</arg>
<doc>Returns a list of WebElement objects matching the ``locator``.</doc>
<status status="PASS" start="2026-01-29T18:55:58.994652" elapsed="0.014791"/>
</kw>
<variable name="@{clean_list}">
<msg time="2026-01-29T18:55:59.009904" level="INFO">@{clean_list} = [ ]</msg>
<status status="PASS" start="2026-01-29T18:55:59.009703" elapsed="0.000251"/>
</variable>
<for flavor="IN">
<iter>
<kw name="Run Keyword And Ignore Error" owner="BuiltIn">
<kw name="Get Text" owner="SeleniumLibrary">
<arg>${elem}</arg>
<doc>Returns the text value of the element identified by ``locator``.</doc>
<status status="PASS" start="2026-01-29T18:55:59.010865" elapsed="0.019864"/>
</kw>
<msg time="2026-01-29T18:55:59.030959" level="INFO">${status} = PASS</msg>
<msg time="2026-01-29T18:55:59.031015" level="INFO">${text} = LOTUSS HYGIENIC EGG MEDIUM SIZE M 30 PCS.</msg>
<var>${status}</var>
<var>${text}</var>
<arg>SeleniumLibrary.Get text</arg>
<arg>${elem}</arg>
<doc>Runs the given keyword with the given arguments and ignores possible error.</doc>
<status status="PASS" start="2026-01-29T18:55:59.010623" elapsed="0.020419"/>
</kw>
<if>
<branch type="IF" condition="&quot;${status}&quot; == &quot;PASS&quot;">
<kw name="Evaluate" owner="BuiltIn">
<msg time="2026-01-29T18:55:59.031918" level="INFO">${clean_text} = LOTUSS HYGIENIC EGG MEDIUM SIZE M 30 PCS.</msg>
<var>${clean_text}</var>
<arg>"${text}".strip()</arg>
<doc>Evaluates the given expression in Python and returns the result.</doc>
<status status="PASS" start="2026-01-29T18:55:59.031497" elapsed="0.000463"/>
</kw>
<status status="PASS" start="2026-01-29T18:55:59.031174" elapsed="0.000853"/>
</branch>
<branch type="ELSE">
<kw name="Evaluate" owner="BuiltIn">
<var>${clean_text}</var>
<arg>"".strip()</arg>
<doc>Evaluates the given expression in Python and returns the result.</doc>
<status status="NOT RUN" start="2026-01-29T18:55:59.032232" elapsed="0.000110"/>
</kw>
<status status="NOT RUN" start="2026-01-29T18:55:59.032080" elapsed="0.000367"/>
</branch>
<status status="PASS" start="2026-01-29T18:55:59.031141" elapsed="0.001348"/>
</if>
<kw name="Log To Console" owner="BuiltIn">
<arg>${clean_text}</arg>
<doc>Logs the given message to the console.</doc>
<status status="PASS" start="2026-01-29T18:55:59.032592" elapsed="0.000416"/>
</kw>
<kw name="Run Keyword And Return Status" owner="BuiltIn">
<kw name="Element Should Be Visible" owner="SeleniumLibrary">
<msg time="2026-01-29T18:55:59.045176" level="INFO">Element '&lt;selenium.webdriver.remote.webelement.WebElement (session="91baa7bab2b72164617575a10ad86788", element="f.0872BBD304622278081B7045AE6185B1.d.86CED06124A842C4E01CD5FC910A16CA.e.125")&gt;' is displayed.</msg>
<arg>${elem}</arg>
<doc>Verifies that the element identified by ``locator`` is visible.</doc>
<status status="PASS" start="2026-01-29T18:55:59.033519" elapsed="0.011876"/>
</kw>
<msg time="2026-01-29T18:55:59.045816" level="INFO">${is_visible} = True</msg>
<var>${is_visible}</var>
<arg>SeleniumLibrary.Element should be visible</arg>
<arg>${elem}</arg>
<doc>Runs the given keyword with given arguments and returns the status as a Boolean value.</doc>
<status status="PASS" start="2026-01-29T18:55:59.033254" elapsed="0.012630"/>
</kw>
<if>
<branch type="IF" condition="${is_visible} and '${clean_text}' != '${EMPTY}'">
<kw name="Run Keyword And Return Status" owner="BuiltIn">
<kw name="List Should Not Contain Value" owner="Collections">
<arg>${clean_list}</arg>
<arg>${clean_text}</arg>
<doc>Fails if the ``value`` is found from ``list``.</doc>
<status status="PASS" start="2026-01-29T18:55:59.047519" elapsed="0.000228"/>
</kw>
<msg time="2026-01-29T18:55:59.047876" level="INFO">${not_duplicate} = True</msg>
<var>${not_duplicate}</var>
<arg>Collections.List should not contain value</arg>
<arg>${clean_list}</arg>
<arg>${clean_text}</arg>
<doc>Runs the given keyword with given arguments and returns the status as a Boolean value.</doc>
<status status="PASS" start="2026-01-29T18:55:59.047297" elapsed="0.000610"/>
</kw>
<if>
<branch type="IF" condition="${not_duplicate}">
<kw name="Append To List" owner="Collections">
<arg>${clean_list}</arg>
<arg>${clean_text}</arg>
<doc>Adds ``values`` to the end of ``list``.</doc>
<status status="PASS" start="2026-01-29T18:55:59.048158" elapsed="0.000173"/>
</kw>
<status status="PASS" start="2026-01-29T18:55:59.048007" elapsed="0.000380"/>
</branch>
<status status="PASS" start="2026-01-29T18:55:59.047984" elapsed="0.000453"/>
</if>
<status status="PASS" start="2026-01-29T18:55:59.046195" elapsed="0.002265"/>
</branch>
<status status="PASS" start="2026-01-29T18:55:59.046113" elapsed="0.002382"/>
</if>
<kw name="Get Length" owner="BuiltIn">
<msg time="2026-01-29T18:55:59.048703" level="INFO">Length is 1.</msg>
<msg time="2026-01-29T18:55:59.048973" level="INFO">${count} = 1</msg>
<var>${count}</var>
<arg>${clean_list}</arg>
<doc>Returns and logs the length of the given item as an integer.</doc>
<status status="PASS" start="2026-01-29T18:55:59.048580" elapsed="0.000456"/>
</kw>
<var name="${elem}">&lt;selenium.webdriver.remote.webelement.WebElement (session="91baa7bab2b72164617575a10ad86788", element="f.0872BBD304622278081B7045AE6185B1.d.86CED06124A842C4E01CD5FC910A16CA.e.125")&gt;</var>
<status status="PASS" start="2026-01-29T18:55:59.010423" elapsed="0.038768"/>
</iter>
<iter>
<kw name="Run Keyword And Ignore Error" owner="BuiltIn">
<kw name="Get Text" owner="SeleniumLibrary">
<arg>${elem}</arg>
<doc>Returns the text value of the element identified by ``locator``.</doc>
<status status="PASS" start="2026-01-29T18:55:59.050293" elapsed="0.027351"/>
</kw>
<msg time="2026-01-29T18:55:59.077962" level="INFO">${status} = PASS</msg>
<msg time="2026-01-29T18:55:59.078062" level="INFO">${text} = AKARA CAGE FREE EGG PACK 10</msg>
<var>${status}</var>
<var>${text}</var>
<arg>SeleniumLibrary.Get text</arg>
<arg>${elem}</arg>
<doc>Runs the given keyword with the given arguments and ignores possible error.</doc>
<status status="PASS" start="2026-01-29T18:55:59.049925" elapsed="0.028191"/>
</kw>
<if>
<branch type="IF" condition="&quot;${status}&quot; == &quot;PASS&quot;">
<kw name="Evaluate" owner="BuiltIn">
<msg time="2026-01-29T18:55:59.079424" level="INFO">${clean_text} = AKARA CAGE FREE EGG PACK 10</msg>
<var>${clean_text}</var>
<arg>"${text}".strip()</arg>
<doc>Evaluates the given expression in Python and returns the result.</doc>
<status status="PASS" start="2026-01-29T18:55:59.078783" elapsed="0.000716"/>
</kw>
<status status="PASS" start="2026-01-29T18:55:59.078333" elapsed="0.001298"/>
</branch>
<branch type="ELSE">
<kw name="Evaluate" owner="BuiltIn">
<var>${clean_text}</var>
<arg>"".strip()</arg>
<doc>Evaluates the given expression in Python and returns the result.</doc>
<status status="NOT RUN" start="2026-01-29T18:55:59.080003" elapsed="0.000082"/>
</kw>
<status status="NOT RUN" start="2026-01-29T18:55:59.079743" elapsed="0.000468"/>
</branch>
<status status="PASS" start="2026-01-29T18:55:59.078285" elapsed="0.002024"/>
</if>
<kw name="Log To Console" owner="BuiltIn">
<arg>${clean_text}</arg>
<doc>Logs the given message to the console.</doc>
<status status="PASS" start="2026-01-29T18:55:59.080503" elapsed="0.000782"/>
</kw>
<kw name="Run Keyword And Return Status" owner="BuiltIn">
<kw name="Element Should Be Visible" owner="SeleniumLibrary">
<msg time="2026-01-29T18:55:59.099051" level="INFO">Element '&lt;selenium.webdriver.remote.webelement.WebElement (session="91baa7bab2b72164617575a10ad86788", element="f.0872BBD304622278081B7045AE6185B1.d.86CED06124A842C4E01CD5FC910A16CA.e.126")&gt;' is displayed.</msg>
<arg>${elem}</arg>
<doc>Verifies that the element identified by ``locator`` is visible.</doc>
<status status="PASS" start="2026-01-29T18:55:59.082173" elapsed="0.017088"/>
</kw>
<msg time="2026-01-29T18:55:59.099596" level="INFO">${is_visible} = True</msg>
<var>${is_visible}</var>
<arg>SeleniumLibrary.Element should be visible</arg>
<arg>${elem}</arg>
<doc>Runs the given keyword with given arguments and returns the status as a Boolean value.</doc>
<status status="PASS" start="2026-01-29T18:55:59.081719" elapsed="0.017951"/>
</kw>
<if>
<branch type="IF" condition="${is_visible} and '${clean_text}' != '${EMPTY}'">
<kw name="Run Keyword And Return Status" owner="BuiltIn">
<kw name="List Should Not Contain Value" owner="Collections">
<arg>${clean_list}</arg>
<arg>${clean_text}</arg>
<doc>Fails if the ``value`` is found from ``list``.</doc>
<status status="PASS" start="2026-01-29T18:55:59.101923" elapsed="0.000463"/>
</kw>
<msg time="2026-01-29T18:55:59.102572" level="INFO">${not_duplicate} = True</msg>
<var>${not_duplicate}</var>
<arg>Collections.List should not contain value</arg>
<arg>${clean_list}</arg>
<arg>${clean_text}</arg>
<doc>Runs the given keyword with given arguments and returns the status as a Boolean value.</doc>
<status status="PASS" start="2026-01-29T18:55:59.101554" elapsed="0.001078"/>
</kw>
<if>
<branch type="IF" condition="${not_duplicate}">
<kw name="Append To List" owner="Collections">
<arg>${clean_list}</arg>
<arg>${clean_text}</arg>
<doc>Adds ``values`` to the end of ``list``.</doc>
<status status="PASS" start="2026-01-29T18:55:59.103088" elapsed="0.000186"/>
</kw>
<status status="PASS" start="2026-01-29T18:55:59.102820" elapsed="0.000525"/>
</branch>
<status status="PASS" start="2026-01-29T18:55:59.102776" elapsed="0.000630"/>
</if>
<status status="PASS" start="2026-01-29T18:55:59.100001" elapsed="0.003432"/>
</branch>
<status status="PASS" start="2026-01-29T18:55:59.099941" elapsed="0.003533"/>
</if>
<kw name="Get Length" owner="BuiltIn">
<msg time="2026-01-29T18:55:59.103735" level="INFO">Length is 2.</msg>
<msg time="2026-01-29T18:55:59.103829" level="INFO">${count} = 2</msg>
<var>${count}</var>
<arg>${clean_list}</arg>
<doc>Returns and logs the length of the given item as an integer.</doc>
<status status="PASS" start="2026-01-29T18:55:59.103586" elapsed="0.000557"/>
</kw>
<var name="${elem}">&lt;selenium.webdriver.remote.webelement.WebElement (session="91baa7bab2b72164617575a10ad86788", element="f.0872BBD304622278081B7045AE6185B1.d.86CED06124A842C4E01CD5FC910A16CA.e.126")&gt;</var>
<status status="PASS" start="2026-01-29T18:55:59.049646" elapsed="0.054665"/>
</iter>
<iter>
<kw name="Run Keyword And Ignore Error" owner="BuiltIn">
<kw name="Get Text" owner="SeleniumLibrary">
<arg>${elem}</arg>
<doc>Returns the text value of the element identified by ``locator``.</doc>
<status status="PASS" start="2026-01-29T18:55:59.105678" elapsed="0.019583"/>
</kw>
<msg time="2026-01-29T18:55:59.125480" level="INFO">${status} = PASS</msg>
<msg time="2026-01-29T18:55:59.125542" level="INFO">${text} = CP SELECTION EGG NO.1 PACK 10</msg>
<var>${status}</var>
<var>${text}</var>
<arg>SeleniumLibrary.Get text</arg>
<arg>${elem}</arg>
<doc>Runs the given keyword with the given arguments and ignores possible error.</doc>
<status status="PASS" start="2026-01-29T18:55:59.105284" elapsed="0.020287"/>
</kw>
<if>
<branch type="IF" condition="&quot;${status}&quot; == &quot;PASS&quot;">
<kw name="Evaluate" owner="BuiltIn">
<msg time="2026-01-29T18:55:59.126342" level="INFO">${clean_text} = CP SELECTION EGG NO.1 PACK 10</msg>
<var>${clean_text}</var>
<arg>"${text}".strip()</arg>
<doc>Evaluates the given expression in Python and returns the result.</doc>
<status status="PASS" start="2026-01-29T18:55:59.126026" elapsed="0.000356"/>
</kw>
<status status="PASS" start="2026-01-29T18:55:59.125708" elapsed="0.000747"/>
</branch>
<branch type="ELSE">
<kw name="Evaluate" owner="BuiltIn">
<var>${clean_text}</var>
<arg>"".strip()</arg>
<doc>Evaluates the given expression in Python and returns the result.</doc>
<status status="NOT RUN" start="2026-01-29T18:55:59.126698" elapsed="0.000043"/>
</kw>
<status status="NOT RUN" start="2026-01-29T18:55:59.126519" elapsed="0.000284"/>
</branch>
<status status="PASS" start="2026-01-29T18:55:59.125674" elapsed="0.001180"/>
</if>
<kw name="Log To Console" owner="BuiltIn">
<arg>${clean_text}</arg>
<doc>Logs the given message to the console.</doc>
<status status="PASS" start="2026-01-29T18:55:59.126964" elapsed="0.000589"/>
</kw>
<kw name="Run Keyword And Return Status" owner="BuiltIn">
<kw name="Element Should Be Visible" owner="SeleniumLibrary">
<msg time="2026-01-29T18:55:59.147149" level="INFO">Element '&lt;selenium.webdriver.remote.webelement.WebElement (session="91baa7bab2b72164617575a10ad86788", element="f.0872BBD304622278081B7045AE6185B1.d.86CED06124A842C4E01CD5FC910A16CA.e.127")&gt;' is displayed.</msg>
<arg>${elem}</arg>
<doc>Verifies that the element identified by ``locator`` is visible.</doc>
<status status="PASS" start="2026-01-29T18:55:59.128038" elapsed="0.019224"/>
</kw>
<msg time="2026-01-29T18:55:59.147440" level="INFO">${is_visible} = True</msg>
<var>${is_visible}</var>
<arg>SeleniumLibrary.Element should be visible</arg>
<arg>${elem}</arg>
<doc>Runs the given keyword with given arguments and returns the status as a Boolean value.</doc>
<status status="PASS" start="2026-01-29T18:55:59.127797" elapsed="0.019670"/>
</kw>
<if>
<branch type="IF" condition="${is_visible} and '${clean_text}' != '${EMPTY}'">
<kw name="Run Keyword And Return Status" owner="BuiltIn">
<kw name="List Should Not Contain Value" owner="Collections">
<arg>${clean_list}</arg>
<arg>${clean_text}</arg>
<doc>Fails if the ``value`` is found from ``list``.</doc>
<status status="PASS" start="2026-01-29T18:55:59.148573" elapsed="0.001201"/>
</kw>
<msg time="2026-01-29T18:55:59.149919" level="INFO">${not_duplicate} = True</msg>
<var>${not_duplicate}</var>
<arg>Collections.List should not contain value</arg>
<arg>${clean_list}</arg>
<arg>${clean_text}</arg>
<doc>Runs the given keyword with given arguments and returns the status as a Boolean value.</doc>
<status status="PASS" start="2026-01-29T18:55:59.148218" elapsed="0.001732"/>
</kw>
<if>
<branch type="IF" condition="${not_duplicate}">
<kw name="Append To List" owner="Collections">
<arg>${clean_list}</arg>
<arg>${clean_text}</arg>
<doc>Adds ``values`` to the end of ``list``.</doc>
<status status="PASS" start="2026-01-29T18:55:59.150224" elapsed="0.000165"/>
</kw>
<status status="PASS" start="2026-01-29T18:55:59.150054" elapsed="0.000392"/>
</branch>
<status status="PASS" start="2026-01-29T18:55:59.150029" elapsed="0.000468"/>
</if>
<status status="PASS" start="2026-01-29T18:55:59.147586" elapsed="0.002933"/>
</branch>
<status status="PASS" start="2026-01-29T18:55:59.147554" elapsed="0.002997"/>
</if>
<kw name="Get Length" owner="BuiltIn">
<msg time="2026-01-29T18:55:59.150760" level="INFO">Length is 3.</msg>
<msg time="2026-01-29T18:55:59.150830" level="INFO">${count} = 3</msg>
<var>${count}</var>
<arg>${clean_list}</arg>
<doc>Returns and logs the length of the given item as an integer.</doc>
<status status="PASS" start="2026-01-29T18:55:59.150639" elapsed="0.000215"/>
</kw>
<var name="${elem}">&lt;selenium.webdriver.remote.webelement.WebElement (session="91baa7bab2b72164617575a10ad86788", element="f.0872BBD304622278081B7045AE6185B1.d.86CED06124A842C4E01CD5FC910A16CA.e.127")&gt;</var>
<status status="PASS" start="2026-01-29T18:55:59.104952" elapsed="0.045953"/>
</iter>
<iter>
<kw name="Run Keyword And Ignore Error" owner="BuiltIn">
<kw name="Get Text" owner="SeleniumLibrary">
<arg>${elem}</arg>
<doc>Returns the text value of the element identified by ``locator``.</doc>
<status status="PASS" start="2026-01-29T18:55:59.151406" elapsed="0.014148"/>
</kw>
<msg time="2026-01-29T18:55:59.165832" level="INFO">${status} = PASS</msg>
<msg time="2026-01-29T18:55:59.165925" level="INFO">${text} = LOTUSS HYGIENIC EGG LARGE (L) 30 PCS.</msg>
<var>${status}</var>
<var>${text}</var>
<arg>SeleniumLibrary.Get text</arg>
<arg>${elem}</arg>
<doc>Runs the given keyword with the given arguments and ignores possible error.</doc>
<status status="PASS" start="2026-01-29T18:55:59.151247" elapsed="0.014729"/>
</kw>
<if>
<branch type="IF" condition="&quot;${status}&quot; == &quot;PASS&quot;">
<kw name="Evaluate" owner="BuiltIn">
<msg time="2026-01-29T18:55:59.167110" level="INFO">${clean_text} = LOTUSS HYGIENIC EGG LARGE (L) 30 PCS.</msg>
<var>${clean_text}</var>
<arg>"${text}".strip()</arg>
<doc>Evaluates the given expression in Python and returns the result.</doc>
<status status="PASS" start="2026-01-29T18:55:59.166612" elapsed="0.000567"/>
</kw>
<status status="PASS" start="2026-01-29T18:55:59.166187" elapsed="0.001196"/>
</branch>
<branch type="ELSE">
<kw name="Evaluate" owner="BuiltIn">
<var>${clean_text}</var>
<arg>"".strip()</arg>
<doc>Evaluates the given expression in Python and returns the result.</doc>
<status status="NOT RUN" start="2026-01-29T18:55:59.167778" elapsed="0.000138"/>
</kw>
<status status="NOT RUN" start="2026-01-29T18:55:59.167517" elapsed="0.000517"/>
</branch>
<status status="PASS" start="2026-01-29T18:55:59.166141" elapsed="0.002033"/>
</if>
<kw name="Log To Console" owner="BuiltIn">
<arg>${clean_text}</arg>
<doc>Logs the given message to the console.</doc>
<status status="PASS" start="2026-01-29T18:55:59.168455" elapsed="0.000735"/>
</kw>
<kw name="Run Keyword And Return Status" owner="BuiltIn">
<kw name="Element Should Be Visible" owner="SeleniumLibrary">
<msg time="2026-01-29T18:55:59.181647" level="INFO">Element '&lt;selenium.webdriver.remote.webelement.WebElement (session="91baa7bab2b72164617575a10ad86788", element="f.0872BBD304622278081B7045AE6185B1.d.86CED06124A842C4E01CD5FC910A16CA.e.128")&gt;' is displayed.</msg>
<arg>${elem}</arg>
<doc>Verifies that the element identified by ``locator`` is visible.</doc>
<status status="PASS" start="2026-01-29T18:55:59.169728" elapsed="0.012102"/>
</kw>
<msg time="2026-01-29T18:55:59.182142" level="INFO">${is_visible} = True</msg>
<var>${is_visible}</var>
<arg>SeleniumLibrary.Element should be visible</arg>
<arg>${elem}</arg>
<doc>Runs the given keyword with given arguments and returns the status as a Boolean value.</doc>
<status status="PASS" start="2026-01-29T18:55:59.169403" elapsed="0.012840"/>
</kw>
<if>
<branch type="IF" condition="${is_visible} and '${clean_text}' != '${EMPTY}'">
<kw name="Run Keyword And Return Status" owner="BuiltIn">
<kw name="List Should Not Contain Value" owner="Collections">
<arg>${clean_list}</arg>
<arg>${clean_text}</arg>
<doc>Fails if the ``value`` is found from ``list``.</doc>
<status status="PASS" start="2026-01-29T18:55:59.183744" elapsed="0.000271"/>
</kw>
<msg time="2026-01-29T18:55:59.184176" level="INFO">${not_duplicate} = True</msg>
<var>${not_duplicate}</var>
<arg>Collections.List should not contain value</arg>
<arg>${clean_list}</arg>
<arg>${clean_text}</arg>
<doc>Runs the given keyword with given arguments and returns the status as a Boolean value.</doc>
<status status="PASS" start="2026-01-29T18:55:59.183489" elapsed="0.000733"/>
</kw>
<if>
<branch type="IF" condition="${not_duplicate}">
<kw name="Append To List" owner="Collections">
<arg>${clean_list}</arg>
<arg>${clean_text}</arg>
<doc>Adds ``values`` to the end of ``list``.</doc>
<status status="PASS" start="2026-01-29T18:55:59.184559" elapsed="0.000300"/>
</kw>
<status status="PASS" start="2026-01-29T18:55:59.184362" elapsed="0.000607"/>
</branch>
<status status="PASS" start="2026-01-29T18:55:59.184335" elapsed="0.000711"/>
</if>
<status status="PASS" start="2026-01-29T18:55:59.182470" elapsed="0.002616"/>
</branch>
<status status="PASS" start="2026-01-29T18:55:59.182410" elapsed="0.002767"/>
</if>
<kw name="Get Length" owner="BuiltIn">
<msg time="2026-01-29T18:55:59.185500" level="INFO">Length is 4.</msg>
<msg time="2026-01-29T18:55:59.185643" level="INFO">${count} = 4</msg>
<var>${count}</var>
<arg>${clean_list}</arg>
<doc>Returns and logs the length of the given item as an integer.</doc>
<status status="PASS" start="2026-01-29T18:55:59.185313" elapsed="0.000376"/>
</kw>
<var name="${elem}">&lt;selenium.webdriver.remote.webelement.WebElement (session="91baa7bab2b72164617575a10ad86788", element="f.0872BBD304622278081B7045AE6185B1.d.86CED06124A842C4E01CD5FC910A16CA.e.128")&gt;</var>
<status status="PASS" start="2026-01-29T18:55:59.151136" elapsed="0.034645"/>
</iter>
<iter>
<kw name="Run Keyword And Ignore Error" owner="BuiltIn">
<kw name="Get Text" owner="SeleniumLibrary">
<arg>${elem}</arg>
<doc>Returns the text value of the element identified by ``locator``.</doc>
<status status="PASS" start="2026-01-29T18:55:59.186756" elapsed="0.011616"/>
</kw>
<msg time="2026-01-29T18:55:59.198743" level="INFO">${status} = PASS</msg>
<msg time="2026-01-29T18:55:59.198826" level="INFO">${text} = LOTUSS HYGIENIC EGG NO.3 PACK 10</msg>
<var>${status}</var>
<var>${text}</var>
<arg>SeleniumLibrary.Get text</arg>
<arg>${elem}</arg>
<doc>Runs the given keyword with the given arguments and ignores possible error.</doc>
<status status="PASS" start="2026-01-29T18:55:59.186513" elapsed="0.012358"/>
</kw>
<if>
<branch type="IF" condition="&quot;${status}&quot; == &quot;PASS&quot;">
<kw name="Evaluate" owner="BuiltIn">
<msg time="2026-01-29T18:55:59.199783" level="INFO">${clean_text} = LOTUSS HYGIENIC EGG NO.3 PACK 10</msg>
<var>${clean_text}</var>
<arg>"${text}".strip()</arg>
<doc>Evaluates the given expression in Python and returns the result.</doc>
<status status="PASS" start="2026-01-29T18:55:59.199407" elapsed="0.000413"/>
</kw>
<status status="PASS" start="2026-01-29T18:55:59.199045" elapsed="0.000837"/>
</branch>
<branch type="ELSE">
<kw name="Evaluate" owner="BuiltIn">
<var>${clean_text}</var>
<arg>"".strip()</arg>
<doc>Evaluates the given expression in Python and returns the result.</doc>
<status status="NOT RUN" start="2026-01-29T18:55:59.200046" elapsed="0.000033"/>
</kw>
<status status="NOT RUN" start="2026-01-29T18:55:59.199929" elapsed="0.000195"/>
</branch>
<status status="PASS" start="2026-01-29T18:55:59.199007" elapsed="0.001154"/>
</if>
<kw name="Log To Console" owner="BuiltIn">
<arg>${clean_text}</arg>
<doc>Logs the given message to the console.</doc>
<status status="PASS" start="2026-01-29T18:55:59.200240" elapsed="0.000402"/>
</kw>
<kw name="Run Keyword And Return Status" owner="BuiltIn">
<kw name="Element Should Be Visible" owner="SeleniumLibrary">
<msg time="2026-01-29T18:55:59.210376" level="INFO">Element '&lt;selenium.webdriver.remote.webelement.WebElement (session="91baa7bab2b72164617575a10ad86788", element="f.0872BBD304622278081B7045AE6185B1.d.86CED06124A842C4E01CD5FC910A16CA.e.129")&gt;' is displayed.</msg>
<arg>${elem}</arg>
<doc>Verifies that the element identified by ``locator`` is visible.</doc>
<status status="PASS" start="2026-01-29T18:55:59.200985" elapsed="0.009540"/>
</kw>
<msg time="2026-01-29T18:55:59.210741" level="INFO">${is_visible} = True</msg>
<var>${is_visible}</var>
<arg>SeleniumLibrary.Element should be visible</arg>
<arg>${elem}</arg>
<doc>Runs the given keyword with given arguments and returns the status as a Boolean value.</doc>
<status status="PASS" start="2026-01-29T18:55:59.200810" elapsed="0.009969"/>
</kw>
<if>
<branch type="IF" condition="${is_visible} and '${clean_text}' != '${EMPTY}'">
<kw name="Run Keyword And Return Status" owner="BuiltIn">
<kw name="List Should Not Contain Value" owner="Collections">
<arg>${clean_list}</arg>
<arg>${clean_text}</arg>
<doc>Fails if the ``value`` is found from ``list``.</doc>
<status status="PASS" start="2026-01-29T18:55:59.211783" elapsed="0.000190"/>
</kw>
<msg time="2026-01-29T18:55:59.212123" level="INFO">${not_duplicate} = True</msg>
<var>${not_duplicate}</var>
<arg>Collections.List should not contain value</arg>
<arg>${clean_list}</arg>
<arg>${clean_text}</arg>
<doc>Runs the given keyword with given arguments and returns the status as a Boolean value.</doc>
<status status="PASS" start="2026-01-29T18:55:59.211571" elapsed="0.000590"/>
</kw>
<if>
<branch type="IF" condition="${not_duplicate}">
<kw name="Append To List" owner="Collections">
<arg>${clean_list}</arg>
<arg>${clean_text}</arg>
<doc>Adds ``values`` to the end of ``list``.</doc>
<status status="PASS" start="2026-01-29T18:55:59.212497" elapsed="0.000195"/>
</kw>
<status status="PASS" start="2026-01-29T18:55:59.212313" elapsed="0.000451"/>
</branch>
<status status="PASS" start="2026-01-29T18:55:59.212284" elapsed="0.000539"/>
</if>
<status status="PASS" start="2026-01-29T18:55:59.210929" elapsed="0.001922"/>
</branch>
<status status="PASS" start="2026-01-29T18:55:59.210891" elapsed="0.002035"/>
</if>
<kw name="Get Length" owner="BuiltIn">
<msg time="2026-01-29T18:55:59.213169" level="INFO">Length is 5.</msg>
<msg time="2026-01-29T18:55:59.213240" level="INFO">${count} = 5</msg>
<var>${count}</var>
<arg>${clean_list}</arg>
<doc>Returns and logs the length of the given item as an integer.</doc>
<status status="PASS" start="2026-01-29T18:55:59.213037" elapsed="0.000225"/>
</kw>
<var name="${elem}">&lt;selenium.webdriver.remote.webelement.WebElement (session="91baa7bab2b72164617575a10ad86788", element="f.0872BBD304622278081B7045AE6185B1.d.86CED06124A842C4E01CD5FC910A16CA.e.129")&gt;</var>
<status status="PASS" start="2026-01-29T18:55:59.186298" elapsed="0.027012"/>
</iter>
<iter>
<kw name="Run Keyword And Ignore Error" owner="BuiltIn">
<kw name="Get Text" owner="SeleniumLibrary">
<arg>${elem}</arg>
<doc>Returns the text value of the element identified by ``locator``.</doc>
<status status="PASS" start="2026-01-29T18:55:59.213806" elapsed="0.010880"/>
</kw>
<msg time="2026-01-29T18:55:59.225024" level="INFO">${status} = PASS</msg>
<msg time="2026-01-29T18:55:59.225078" level="INFO">${text} = CP SELECTION EGG NO.1 PACK 4</msg>
<var>${status}</var>
<var>${text}</var>
<arg>SeleniumLibrary.Get text</arg>
<arg>${elem}</arg>
<doc>Runs the given keyword with the given arguments and ignores possible error.</doc>
<status status="PASS" start="2026-01-29T18:55:59.213659" elapsed="0.011446"/>
</kw>
<if>
<branch type="IF" condition="&quot;${status}&quot; == &quot;PASS&quot;">
<kw name="Evaluate" owner="BuiltIn">
<msg time="2026-01-29T18:55:59.225731" level="INFO">${clean_text} = CP SELECTION EGG NO.1 PACK 4</msg>
<var>${clean_text}</var>
<arg>"${text}".strip()</arg>
<doc>Evaluates the given expression in Python and returns the result.</doc>
<status status="PASS" start="2026-01-29T18:55:59.225480" elapsed="0.000283"/>
</kw>
<status status="PASS" start="2026-01-29T18:55:59.225230" elapsed="0.000593"/>
</branch>
<branch type="ELSE">
<kw name="Evaluate" owner="BuiltIn">
<var>${clean_text}</var>
<arg>"".strip()</arg>
<doc>Evaluates the given expression in Python and returns the result.</doc>
<status status="NOT RUN" start="2026-01-29T18:55:59.225990" elapsed="0.000038"/>
</kw>
<status status="NOT RUN" start="2026-01-29T18:55:59.225873" elapsed="0.000228"/>
</branch>
<status status="PASS" start="2026-01-29T18:55:59.225200" elapsed="0.000960"/>
</if>
<kw name="Log To Console" owner="BuiltIn">
<arg>${clean_text}</arg>
<doc>Logs the given message to the console.</doc>
<status status="PASS" start="2026-01-29T18:55:59.226340" elapsed="0.000394"/>
</kw>
<kw name="Run Keyword And Return Status" owner="BuiltIn">
<kw name="Element Should Be Visible" owner="SeleniumLibrary">
<msg time="2026-01-29T18:55:59.235440" level="INFO">Element '&lt;selenium.webdriver.remote.webelement.WebElement (session="91baa7bab2b72164617575a10ad86788", element="f.0872BBD304622278081B7045AE6185B1.d.86CED06124A842C4E01CD5FC910A16CA.e.130")&gt;' is displayed.</msg>
<arg>${elem}</arg>
<doc>Verifies that the element identified by ``locator`` is visible.</doc>
<status status="PASS" start="2026-01-29T18:55:59.227121" elapsed="0.008426"/>
</kw>
<msg time="2026-01-29T18:55:59.235702" level="INFO">${is_visible} = True</msg>
<var>${is_visible}</var>
<arg>SeleniumLibrary.Element should be visible</arg>
<arg>${elem}</arg>
<doc>Runs the given keyword with given arguments and returns the status as a Boolean value.</doc>
<status status="PASS" start="2026-01-29T18:55:59.226900" elapsed="0.008830"/>
</kw>
<if>
<branch type="IF" condition="${is_visible} and '${clean_text}' != '${EMPTY}'">
<kw name="Run Keyword And Return Status" owner="BuiltIn">
<kw name="List Should Not Contain Value" owner="Collections">
<arg>${clean_list}</arg>
<arg>${clean_text}</arg>
<doc>Fails if the ``value`` is found from ``list``.</doc>
<status status="PASS" start="2026-01-29T18:55:59.236625" elapsed="0.000175"/>
</kw>
<msg time="2026-01-29T18:55:59.237100" level="INFO">${not_duplicate} = True</msg>
<var>${not_duplicate}</var>
<arg>Collections.List should not contain value</arg>
<arg>${clean_list}</arg>
<arg>${clean_text}</arg>
<doc>Runs the given keyword with given arguments and returns the status as a Boolean value.</doc>
<status status="PASS" start="2026-01-29T18:55:59.236454" elapsed="0.000707"/>
</kw>
<if>
<branch type="IF" condition="${not_duplicate}">
<kw name="Append To List" owner="Collections">
<arg>${clean_list}</arg>
<arg>${clean_text}</arg>
<doc>Adds ``values`` to the end of ``list``.</doc>
<status status="PASS" start="2026-01-29T18:55:59.237621" elapsed="0.000274"/>
</kw>
<status status="PASS" start="2026-01-29T18:55:59.237353" elapsed="0.000631"/>
</branch>
<status status="PASS" start="2026-01-29T18:55:59.237316" elapsed="0.000745"/>
</if>
<status status="PASS" start="2026-01-29T18:55:59.235843" elapsed="0.002256"/>
</branch>
<status status="PASS" start="2026-01-29T18:55:59.235814" elapsed="0.002350"/>
</if>
<kw name="Get Length" owner="BuiltIn">
<msg time="2026-01-29T18:55:59.238468" level="INFO">Length is 6.</msg>
<msg time="2026-01-29T18:55:59.238574" level="INFO">${count} = 6</msg>
<var>${count}</var>
<arg>${clean_list}</arg>
<doc>Returns and logs the length of the given item as an integer.</doc>
<status status="PASS" start="2026-01-29T18:55:59.238294" elapsed="0.000321"/>
</kw>
<var name="${elem}">&lt;selenium.webdriver.remote.webelement.WebElement (session="91baa7bab2b72164617575a10ad86788", element="f.0872BBD304622278081B7045AE6185B1.d.86CED06124A842C4E01CD5FC910A16CA.e.130")&gt;</var>
<status status="PASS" start="2026-01-29T18:55:59.213538" elapsed="0.025208"/>
</iter>
<iter>
<kw name="Run Keyword And Ignore Error" owner="BuiltIn">
<kw name="Get Text" owner="SeleniumLibrary">
<arg>${elem}</arg>
<doc>Returns the text value of the element identified by ``locator``.</doc>
<status status="PASS" start="2026-01-29T18:55:59.239550" elapsed="0.010858"/>
</kw>
<msg time="2026-01-29T18:55:59.250665" level="INFO">${status} = PASS</msg>
<msg time="2026-01-29T18:55:59.250744" level="INFO">${text} = CP FRESH EGG NO.2 PACK 15</msg>
<var>${status}</var>
<var>${text}</var>
<arg>SeleniumLibrary.Get text</arg>
<arg>${elem}</arg>
<doc>Runs the given keyword with the given arguments and ignores possible error.</doc>
<status status="PASS" start="2026-01-29T18:55:59.239304" elapsed="0.011482"/>
</kw>
<if>
<branch type="IF" condition="&quot;${status}&quot; == &quot;PASS&quot;">
<kw name="Evaluate" owner="BuiltIn">
<msg time="2026-01-29T18:55:59.251869" level="INFO">${clean_text} = CP FRESH EGG NO.2 PACK 15</msg>
<var>${clean_text}</var>
<arg>"${text}".strip()</arg>
<doc>Evaluates the given expression in Python and returns the result.</doc>
<status status="PASS" start="2026-01-29T18:55:59.251386" elapsed="0.000538"/>
</kw>
<status status="PASS" start="2026-01-29T18:55:59.250949" elapsed="0.001094"/>
</branch>
<branch type="ELSE">
<kw name="Evaluate" owner="BuiltIn">
<var>${clean_text}</var>
<arg>"".strip()</arg>
<doc>Evaluates the given expression in Python and returns the result.</doc>
<status status="NOT RUN" start="2026-01-29T18:55:59.252313" elapsed="0.000088"/>
</kw>
<status status="NOT RUN" start="2026-01-29T18:55:59.252121" elapsed="0.000452"/>
</branch>
<status status="PASS" start="2026-01-29T18:55:59.250912" elapsed="0.001734"/>
</if>
<kw name="Log To Console" owner="BuiltIn">
<arg>${clean_text}</arg>
<doc>Logs the given message to the console.</doc>
<status status="PASS" start="2026-01-29T18:55:59.252853" elapsed="0.000568"/>
</kw>
<kw name="Run Keyword And Return Status" owner="BuiltIn">
<kw name="Element Should Be Visible" owner="SeleniumLibrary">
<msg time="2026-01-29T18:55:59.263525" level="INFO">Element '&lt;selenium.webdriver.remote.webelement.WebElement (session="91baa7bab2b72164617575a10ad86788", element="f.0872BBD304622278081B7045AE6185B1.d.86CED06124A842C4E01CD5FC910A16CA.e.131")&gt;' is displayed.</msg>
<arg>${elem}</arg>
<doc>Verifies that the element identified by ``locator`` is visible.</doc>
<status status="PASS" start="2026-01-29T18:55:59.254019" elapsed="0.009653"/>
</kw>
<msg time="2026-01-29T18:55:59.263923" level="INFO">${is_visible} = True</msg>
<var>${is_visible}</var>
<arg>SeleniumLibrary.Element should be visible</arg>
<arg>${elem}</arg>
<doc>Runs the given keyword with given arguments and returns the status as a Boolean value.</doc>
<status status="PASS" start="2026-01-29T18:55:59.253673" elapsed="0.010296"/>
</kw>
<if>
<branch type="IF" condition="${is_visible} and '${clean_text}' != '${EMPTY}'">
<kw name="Run Keyword And Return Status" owner="BuiltIn">
<kw name="List Should Not Contain Value" owner="Collections">
<arg>${clean_list}</arg>
<arg>${clean_text}</arg>
<doc>Fails if the ``value`` is found from ``list``.</doc>
<status status="PASS" start="2026-01-29T18:55:59.265327" elapsed="0.000277"/>
</kw>
<msg time="2026-01-29T18:55:59.265767" level="INFO">${not_duplicate} = True</msg>
<var>${not_duplicate}</var>
<arg>Collections.List should not contain value</arg>
<arg>${clean_list}</arg>
<arg>${clean_text}</arg>
<doc>Runs the given keyword with given arguments and returns the status as a Boolean value.</doc>
<status status="PASS" start="2026-01-29T18:55:59.265073" elapsed="0.000740"/>
</kw>
<if>
<branch type="IF" condition="${not_duplicate}">
<kw name="Append To List" owner="Collections">
<arg>${clean_list}</arg>
<arg>${clean_text}</arg>
<doc>Adds ``values`` to the end of ``list``.</doc>
<status status="PASS" start="2026-01-29T18:55:59.266151" elapsed="0.000221"/>
</kw>
<status status="PASS" start="2026-01-29T18:55:59.265956" elapsed="0.000501"/>
</branch>
<status status="PASS" start="2026-01-29T18:55:59.265929" elapsed="0.000602"/>
</if>
<status status="PASS" start="2026-01-29T18:55:59.264133" elapsed="0.002436"/>
</branch>
<status status="PASS" start="2026-01-29T18:55:59.264095" elapsed="0.002537"/>
</if>
<kw name="Get Length" owner="BuiltIn">
<msg time="2026-01-29T18:55:59.266966" level="INFO">Length is 7.</msg>
<msg time="2026-01-29T18:55:59.267087" level="INFO">${count} = 7</msg>
<var>${count}</var>
<arg>${clean_list}</arg>
<doc>Returns and logs the length of the given item as an integer.</doc>
<status status="PASS" start="2026-01-29T18:55:59.266798" elapsed="0.000333"/>
</kw>
<var name="${elem}">&lt;selenium.webdriver.remote.webelement.WebElement (session="91baa7bab2b72164617575a10ad86788", element="f.0872BBD304622278081B7045AE6185B1.d.86CED06124A842C4E01CD5FC910A16CA.e.131")&gt;</var>
<status status="PASS" start="2026-01-29T18:55:59.239132" elapsed="0.028083"/>
</iter>
<iter>
<kw name="Run Keyword And Ignore Error" owner="BuiltIn">
<kw name="Get Text" owner="SeleniumLibrary">
<arg>${elem}</arg>
<doc>Returns the text value of the element identified by ``locator``.</doc>
<status status="PASS" start="2026-01-29T18:55:59.267929" elapsed="0.012806"/>
</kw>
<msg time="2026-01-29T18:55:59.280941" level="INFO">${status} = PASS</msg>
<msg time="2026-01-29T18:55:59.280997" level="INFO">${text} = EGG TOFU MAEBARN 105 G.</msg>
<var>${status}</var>
<var>${text}</var>
<arg>SeleniumLibrary.Get text</arg>
<arg>${elem}</arg>
<doc>Runs the given keyword with the given arguments and ignores possible error.</doc>
<status status="PASS" start="2026-01-29T18:55:59.267724" elapsed="0.013299"/>
</kw>
<if>
<branch type="IF" condition="&quot;${status}&quot; == &quot;PASS&quot;">
<kw name="Evaluate" owner="BuiltIn">
<msg time="2026-01-29T18:55:59.281699" level="INFO">${clean_text} = EGG TOFU MAEBARN 105 G.</msg>
<var>${clean_text}</var>
<arg>"${text}".strip()</arg>
<doc>Evaluates the given expression in Python and returns the result.</doc>
<status status="PASS" start="2026-01-29T18:55:59.281438" elapsed="0.000295"/>
</kw>
<status status="PASS" start="2026-01-29T18:55:59.281148" elapsed="0.000646"/>
</branch>
<branch type="ELSE">
<kw name="Evaluate" owner="BuiltIn">
<var>${clean_text}</var>
<arg>"".strip()</arg>
<doc>Evaluates the given expression in Python and returns the result.</doc>
<status status="NOT RUN" start="2026-01-29T18:55:59.281964" elapsed="0.000033"/>
</kw>
<status status="NOT RUN" start="2026-01-29T18:55:59.281849" elapsed="0.000196"/>
</branch>
<status status="PASS" start="2026-01-29T18:55:59.281117" elapsed="0.000988"/>
</if>
<kw name="Log To Console" owner="BuiltIn">
<arg>${clean_text}</arg>
<doc>Logs the given message to the console.</doc>
<status status="PASS" start="2026-01-29T18:55:59.282192" elapsed="0.000399"/>
</kw>
<kw name="Run Keyword And Return Status" owner="BuiltIn">
<kw name="Element Should Be Visible" owner="SeleniumLibrary">
<msg time="2026-01-29T18:55:59.293583" level="INFO">Element '&lt;selenium.webdriver.remote.webelement.WebElement (session="91baa7bab2b72164617575a10ad86788", element="f.0872BBD304622278081B7045AE6185B1.d.86CED06124A842C4E01CD5FC910A16CA.e.132")&gt;' is displayed.</msg>
<arg>${elem}</arg>
<doc>Verifies that the element identified by ``locator`` is visible.</doc>
<status status="PASS" start="2026-01-29T18:55:59.282935" elapsed="0.010808"/>
</kw>
<msg time="2026-01-29T18:55:59.293967" level="INFO">${is_visible} = True</msg>
<var>${is_visible}</var>
<arg>SeleniumLibrary.Element should be visible</arg>
<arg>${elem}</arg>
<doc>Runs the given keyword with given arguments and returns the status as a Boolean value.</doc>
<status status="PASS" start="2026-01-29T18:55:59.282768" elapsed="0.011243"/>
</kw>
<if>
<branch type="IF" condition="${is_visible} and '${clean_text}' != '${EMPTY}'">
<kw name="Run Keyword And Return Status" owner="BuiltIn">
<kw name="List Should Not Contain Value" owner="Collections">
<arg>${clean_list}</arg>
<arg>${clean_text}</arg>
<doc>Fails if the ``value`` is found from ``list``.</doc>
<status status="PASS" start="2026-01-29T18:55:59.295303" elapsed="0.000266"/>
</kw>
<msg time="2026-01-29T18:55:59.295725" level="INFO">${not_duplicate} = True</msg>
<var>${not_duplicate}</var>
<arg>Collections.List should not contain value</arg>
<arg>${clean_list}</arg>
<arg>${clean_text}</arg>
<doc>Runs the given keyword with given arguments and returns the status as a Boolean value.</doc>
<status status="PASS" start="2026-01-29T18:55:59.295066" elapsed="0.000702"/>
</kw>
<if>
<branch type="IF" condition="${not_duplicate}">
<kw name="Append To List" owner="Collections">
<arg>${clean_list}</arg>
<arg>${clean_text}</arg>
<doc>Adds ``values`` to the end of ``list``.</doc>
<status status="PASS" start="2026-01-29T18:55:59.296107" elapsed="0.000273"/>
</kw>
<status status="PASS" start="2026-01-29T18:55:59.295914" elapsed="0.000581"/>
</branch>
<status status="PASS" start="2026-01-29T18:55:59.295888" elapsed="0.000729"/>
</if>
<status status="PASS" start="2026-01-29T18:55:59.294177" elapsed="0.002498"/>
</branch>
<status status="PASS" start="2026-01-29T18:55:59.294139" elapsed="0.002605"/>
</if>
<kw name="Get Length" owner="BuiltIn">
<msg time="2026-01-29T18:55:59.297071" level="INFO">Length is 8.</msg>
<msg time="2026-01-29T18:55:59.297179" level="INFO">${count} = 8</msg>
<var>${count}</var>
<arg>${clean_list}</arg>
<doc>Returns and logs the length of the given item as an integer.</doc>
<status status="PASS" start="2026-01-29T18:55:59.296874" elapsed="0.000346"/>
</kw>
<var name="${elem}">&lt;selenium.webdriver.remote.webelement.WebElement (session="91baa7bab2b72164617575a10ad86788", element="f.0872BBD304622278081B7045AE6185B1.d.86CED06124A842C4E01CD5FC910A16CA.e.132")&gt;</var>
<status status="PASS" start="2026-01-29T18:55:59.267571" elapsed="0.029732"/>
</iter>
<iter>
<kw name="Run Keyword And Ignore Error" owner="BuiltIn">
<kw name="Get Text" owner="SeleniumLibrary">
<arg>${elem}</arg>
<doc>Returns the text value of the element identified by ``locator``.</doc>
<status status="PASS" start="2026-01-29T18:55:59.298060" elapsed="0.009734"/>
</kw>
<msg time="2026-01-29T18:55:59.307982" level="INFO">${status} = PASS</msg>
<msg time="2026-01-29T18:55:59.308029" level="INFO">${text} = CHAO SOUR SALTY EGG PACK 4.</msg>
<var>${status}</var>
<var>${text}</var>
<arg>SeleniumLibrary.Get text</arg>
<arg>${elem}</arg>
<doc>Runs the given keyword with the given arguments and ignores possible error.</doc>
<status status="PASS" start="2026-01-29T18:55:59.297843" elapsed="0.010209"/>
</kw>
<if>
<branch type="IF" condition="&quot;${status}&quot; == &quot;PASS&quot;">
<kw name="Evaluate" owner="BuiltIn">
<msg time="2026-01-29T18:55:59.308675" level="INFO">${clean_text} = CHAO SOUR SALTY EGG PACK 4.</msg>
<var>${clean_text}</var>
<arg>"${text}".strip()</arg>
<doc>Evaluates the given expression in Python and returns the result.</doc>
<status status="PASS" start="2026-01-29T18:55:59.308440" elapsed="0.000268"/>
</kw>
<status status="PASS" start="2026-01-29T18:55:59.308182" elapsed="0.000583"/>
</branch>
<branch type="ELSE">
<kw name="Evaluate" owner="BuiltIn">
<var>${clean_text}</var>
<arg>"".strip()</arg>
<doc>Evaluates the given expression in Python and returns the result.</doc>
<status status="NOT RUN" start="2026-01-29T18:55:59.308919" elapsed="0.000033"/>
</kw>
<status status="NOT RUN" start="2026-01-29T18:55:59.308810" elapsed="0.000187"/>
</branch>
<status status="PASS" start="2026-01-29T18:55:59.308154" elapsed="0.000878"/>
</if>
<kw name="Log To Console" owner="BuiltIn">
<arg>${clean_text}</arg>
<doc>Logs the given message to the console.</doc>
<status status="PASS" start="2026-01-29T18:55:59.309110" elapsed="0.000396"/>
</kw>
<kw name="Run Keyword And Return Status" owner="BuiltIn">
<kw name="Element Should Be Visible" owner="SeleniumLibrary">
<msg time="2026-01-29T18:55:59.316638" level="INFO">Element '&lt;selenium.webdriver.remote.webelement.WebElement (session="91baa7bab2b72164617575a10ad86788", element="f.0872BBD304622278081B7045AE6185B1.d.86CED06124A842C4E01CD5FC910A16CA.e.133")&gt;' is displayed.</msg>
<arg>${elem}</arg>
<doc>Verifies that the element identified by ``locator`` is visible.</doc>
<status status="PASS" start="2026-01-29T18:55:59.309851" elapsed="0.006911"/>
</kw>
<msg time="2026-01-29T18:55:59.316964" level="INFO">${is_visible} = True</msg>
<var>${is_visible}</var>
<arg>SeleniumLibrary.Element should be visible</arg>
<arg>${elem}</arg>
<doc>Runs the given keyword with given arguments and returns the status as a Boolean value.</doc>
<status status="PASS" start="2026-01-29T18:55:59.309684" elapsed="0.007327"/>
</kw>
<if>
<branch type="IF" condition="${is_visible} and '${clean_text}' != '${EMPTY}'">
<kw name="Run Keyword And Return Status" owner="BuiltIn">
<kw name="List Should Not Contain Value" owner="Collections">
<arg>${clean_list}</arg>
<arg>${clean_text}</arg>
<doc>Fails if the ``value`` is found from ``list``.</doc>
<status status="PASS" start="2026-01-29T18:55:59.318284" elapsed="0.000288"/>
</kw>
<msg time="2026-01-29T18:55:59.318735" level="INFO">${not_duplicate} = True</msg>
<var>${not_duplicate}</var>
<arg>Collections.List should not contain value</arg>
<arg>${clean_list}</arg>
<arg>${clean_text}</arg>
<doc>Runs the given keyword with given arguments and returns the status as a Boolean value.</doc>
<status status="PASS" start="2026-01-29T18:55:59.318041" elapsed="0.000741"/>
</kw>
<if>
<branch type="IF" condition="${not_duplicate}">
<kw name="Append To List" owner="Collections">
<arg>${clean_list}</arg>
<arg>${clean_text}</arg>
<doc>Adds ``values`` to the end of ``list``.</doc>
<status status="PASS" start="2026-01-29T18:55:59.319125" elapsed="0.000231"/>
</kw>
<status status="PASS" start="2026-01-29T18:55:59.318924" elapsed="0.000521"/>
</branch>
<status status="PASS" start="2026-01-29T18:55:59.318896" elapsed="0.000625"/>
</if>
<status status="PASS" start="2026-01-29T18:55:59.317176" elapsed="0.002386"/>
</branch>
<status status="PASS" start="2026-01-29T18:55:59.317140" elapsed="0.002603"/>
</if>
<kw name="Get Length" owner="BuiltIn">
<msg time="2026-01-29T18:55:59.320263" level="INFO">Length is 9.</msg>
<msg time="2026-01-29T18:55:59.320382" level="INFO">${count} = 9</msg>
<var>${count}</var>
<arg>${clean_list}</arg>
<doc>Returns and logs the length of the given item as an integer.</doc>
<status status="PASS" start="2026-01-29T18:55:59.320022" elapsed="0.000403"/>
</kw>
<var name="${elem}">&lt;selenium.webdriver.remote.webelement.WebElement (session="91baa7bab2b72164617575a10ad86788", element="f.0872BBD304622278081B7045AE6185B1.d.86CED06124A842C4E01CD5FC910A16CA.e.133")&gt;</var>
<status status="PASS" start="2026-01-29T18:55:59.297680" elapsed="0.022836"/>
</iter>
<iter>
<kw name="Run Keyword And Ignore Error" owner="BuiltIn">
<kw name="Get Text" owner="SeleniumLibrary">
<arg>${elem}</arg>
<doc>Returns the text value of the element identified by ``locator``.</doc>
<status status="PASS" start="2026-01-29T18:55:59.321294" elapsed="0.008438"/>
</kw>
<msg time="2026-01-29T18:55:59.329937" level="INFO">${status} = PASS</msg>
<msg time="2026-01-29T18:55:59.329987" level="INFO">${text} = CHAO SOUR PRESERVED EGG PACK 4.</msg>
<var>${status}</var>
<var>${text}</var>
<arg>SeleniumLibrary.Get text</arg>
<arg>${elem}</arg>
<doc>Runs the given keyword with the given arguments and ignores possible error.</doc>
<status status="PASS" start="2026-01-29T18:55:59.321070" elapsed="0.008942"/>
</kw>
<if>
<branch type="IF" condition="&quot;${status}&quot; == &quot;PASS&quot;">
<kw name="Evaluate" owner="BuiltIn">
<msg time="2026-01-29T18:55:59.330640" level="INFO">${clean_text} = CHAO SOUR PRESERVED EGG PACK 4.</msg>
<var>${clean_text}</var>
<arg>"${text}".strip()</arg>
<doc>Evaluates the given expression in Python and returns the result.</doc>
<status status="PASS" start="2026-01-29T18:55:59.330402" elapsed="0.000267"/>
</kw>
<status status="PASS" start="2026-01-29T18:55:59.330131" elapsed="0.000590"/>
</branch>
<branch type="ELSE">
<kw name="Evaluate" owner="BuiltIn">
<var>${clean_text}</var>
<arg>"".strip()</arg>
<doc>Evaluates the given expression in Python and returns the result.</doc>
<status status="NOT RUN" start="2026-01-29T18:55:59.330873" elapsed="0.000031"/>
</kw>
<status status="NOT RUN" start="2026-01-29T18:55:59.330766" elapsed="0.000180"/>
</branch>
<status status="PASS" start="2026-01-29T18:55:59.330101" elapsed="0.000880"/>
</if>
<kw name="Log To Console" owner="BuiltIn">
<arg>${clean_text}</arg>
<doc>Logs the given message to the console.</doc>
<status status="PASS" start="2026-01-29T18:55:59.331203" elapsed="0.000536"/>
</kw>
<kw name="Run Keyword And Return Status" owner="BuiltIn">
<kw name="Element Should Be Visible" owner="SeleniumLibrary">
<msg time="2026-01-29T18:55:59.338152" level="INFO">Element '&lt;selenium.webdriver.remote.webelement.WebElement (session="91baa7bab2b72164617575a10ad86788", element="f.0872BBD304622278081B7045AE6185B1.d.86CED06124A842C4E01CD5FC910A16CA.e.134")&gt;' is displayed.</msg>
<arg>${elem}</arg>
<doc>Verifies that the element identified by ``locator`` is visible.</doc>
<status status="PASS" start="2026-01-29T18:55:59.332032" elapsed="0.006266"/>
</kw>
<msg time="2026-01-29T18:55:59.338564" level="INFO">${is_visible} = True</msg>
<var>${is_visible}</var>
<arg>SeleniumLibrary.Element should be visible</arg>
<arg>${elem}</arg>
<doc>Runs the given keyword with given arguments and returns the status as a Boolean value.</doc>
<status status="PASS" start="2026-01-29T18:55:59.331862" elapsed="0.006749"/>
</kw>
<if>
<branch type="IF" condition="${is_visible} and '${clean_text}' != '${EMPTY}'">
<kw name="Run Keyword And Return Status" owner="BuiltIn">
<kw name="List Should Not Contain Value" owner="Collections">
<arg>${clean_list}</arg>
<arg>${clean_text}</arg>
<doc>Fails if the ``value`` is found from ``list``.</doc>
<status status="PASS" start="2026-01-29T18:55:59.339739" elapsed="0.000174"/>
</kw>
<msg time="2026-01-29T18:55:59.340115" level="INFO">${not_duplicate} = True</msg>
<var>${not_duplicate}</var>
<arg>Collections.List should not contain value</arg>
<arg>${clean_list}</arg>
<arg>${clean_text}</arg>
<doc>Runs the given keyword with given arguments and returns the status as a Boolean value.</doc>
<status status="PASS" start="2026-01-29T18:55:59.339573" elapsed="0.000662"/>
</kw>
<if>
<branch type="IF" condition="${not_duplicate}">
<kw name="Append To List" owner="Collections">
<arg>${clean_list}</arg>
<arg>${clean_text}</arg>
<doc>Adds ``values`` to the end of ``list``.</doc>
<status status="PASS" start="2026-01-29T18:55:59.340842" elapsed="0.000426"/>
</kw>
<status status="PASS" start="2026-01-29T18:55:59.340458" elapsed="0.001016"/>
</branch>
<status status="PASS" start="2026-01-29T18:55:59.340421" elapsed="0.001142"/>
</if>
<status status="PASS" start="2026-01-29T18:55:59.338822" elapsed="0.002783"/>
</branch>
<status status="PASS" start="2026-01-29T18:55:59.338783" elapsed="0.002889"/>
</if>
<kw name="Get Length" owner="BuiltIn">
<msg time="2026-01-29T18:55:59.342027" level="INFO">Length is 10.</msg>
<msg time="2026-01-29T18:55:59.342183" level="INFO">${count} = 10</msg>
<var>${count}</var>
<arg>${clean_list}</arg>
<doc>Returns and logs the length of the given item as an integer.</doc>
<status status="PASS" start="2026-01-29T18:55:59.341821" elapsed="0.000407"/>
</kw>
<var name="${elem}">&lt;selenium.webdriver.remote.webelement.WebElement (session="91baa7bab2b72164617575a10ad86788", element="f.0872BBD304622278081B7045AE6185B1.d.86CED06124A842C4E01CD5FC910A16CA.e.134")&gt;</var>
<status status="PASS" start="2026-01-29T18:55:59.320895" elapsed="0.021466"/>
</iter>
<iter>
<kw name="Run Keyword And Ignore Error" owner="BuiltIn">
<kw name="Get Text" owner="SeleniumLibrary">
<arg>${elem}</arg>
<doc>Returns the text value of the element identified by ``locator``.</doc>
<status status="PASS" start="2026-01-29T18:55:59.343168" elapsed="0.008723"/>
</kw>
<msg time="2026-01-29T18:55:59.352082" level="INFO">${status} = PASS</msg>
<msg time="2026-01-29T18:55:59.352133" level="INFO">${text} = HILL TRIBE ORGANICS EGG PACK 10</msg>
<var>${status}</var>
<var>${text}</var>
<arg>SeleniumLibrary.Get text</arg>
<arg>${elem}</arg>
<doc>Runs the given keyword with the given arguments and ignores possible error.</doc>
<status status="PASS" start="2026-01-29T18:55:59.342937" elapsed="0.009219"/>
</kw>
<if>
<branch type="IF" condition="&quot;${status}&quot; == &quot;PASS&quot;">
<kw name="Evaluate" owner="BuiltIn">
<msg time="2026-01-29T18:55:59.352758" level="INFO">${clean_text} = HILL TRIBE ORGANICS EGG PACK 10</msg>
<var>${clean_text}</var>
<arg>"${text}".strip()</arg>
<doc>Evaluates the given expression in Python and returns the result.</doc>
<status status="PASS" start="2026-01-29T18:55:59.352525" elapsed="0.000264"/>
</kw>
<status status="PASS" start="2026-01-29T18:55:59.352272" elapsed="0.000573"/>
</branch>
<branch type="ELSE">
<kw name="Evaluate" owner="BuiltIn">
<var>${clean_text}</var>
<arg>"".strip()</arg>
<doc>Evaluates the given expression in Python and returns the result.</doc>
<status status="NOT RUN" start="2026-01-29T18:55:59.353002" elapsed="0.000031"/>
</kw>
<status status="NOT RUN" start="2026-01-29T18:55:59.352889" elapsed="0.000188"/>
</branch>
<status status="PASS" start="2026-01-29T18:55:59.352242" elapsed="0.000868"/>
</if>
<kw name="Log To Console" owner="BuiltIn">
<arg>${clean_text}</arg>
<doc>Logs the given message to the console.</doc>
<status status="PASS" start="2026-01-29T18:55:59.353187" elapsed="0.000310"/>
</kw>
<kw name="Run Keyword And Return Status" owner="BuiltIn">
<kw name="Element Should Be Visible" owner="SeleniumLibrary">
<msg time="2026-01-29T18:55:59.360912" level="INFO">Element '&lt;selenium.webdriver.remote.webelement.WebElement (session="91baa7bab2b72164617575a10ad86788", element="f.0872BBD304622278081B7045AE6185B1.d.86CED06124A842C4E01CD5FC910A16CA.e.135")&gt;' is displayed.</msg>
<arg>${elem}</arg>
<doc>Verifies that the element identified by ``locator`` is visible.</doc>
<status status="PASS" start="2026-01-29T18:55:59.353777" elapsed="0.007346"/>
</kw>
<msg time="2026-01-29T18:55:59.361364" level="INFO">${is_visible} = True</msg>
<var>${is_visible}</var>
<arg>SeleniumLibrary.Element should be visible</arg>
<arg>${elem}</arg>
<doc>Runs the given keyword with given arguments and returns the status as a Boolean value.</doc>
<status status="PASS" start="2026-01-29T18:55:59.353633" elapsed="0.007777"/>
</kw>
<if>
<branch type="IF" condition="${is_visible} and '${clean_text}' != '${EMPTY}'">
<kw name="Run Keyword And Return Status" owner="BuiltIn">
<kw name="List Should Not Contain Value" owner="Collections">
<arg>${clean_list}</arg>
<arg>${clean_text}</arg>
<doc>Fails if the ``value`` is found from ``list``.</doc>
<status status="PASS" start="2026-01-29T18:55:59.362866" elapsed="0.000275"/>
</kw>
<msg time="2026-01-29T18:55:59.363299" level="INFO">${not_duplicate} = True</msg>
<var>${not_duplicate}</var>
<arg>Collections.List should not contain value</arg>
<arg>${clean_list}</arg>
<arg>${clean_text}</arg>
<doc>Runs the given keyword with given arguments and returns the status as a Boolean value.</doc>
<status status="PASS" start="2026-01-29T18:55:59.362611" elapsed="0.000732"/>
</kw>
<if>
<branch type="IF" condition="${not_duplicate}">
<kw name="Append To List" owner="Collections">
<arg>${clean_list}</arg>
<arg>${clean_text}</arg>
<doc>Adds ``values`` to the end of ``list``.</doc>
<status status="PASS" start="2026-01-29T18:55:59.363717" elapsed="0.000239"/>
</kw>
<status status="PASS" start="2026-01-29T18:55:59.363514" elapsed="0.000529"/>
</branch>
<status status="PASS" start="2026-01-29T18:55:59.363485" elapsed="0.000633"/>
</if>
<status status="PASS" start="2026-01-29T18:55:59.361617" elapsed="0.002540"/>
</branch>
<status status="PASS" start="2026-01-29T18:55:59.361574" elapsed="0.002647"/>
</if>
<kw name="Get Length" owner="BuiltIn">
<msg time="2026-01-29T18:55:59.364543" level="INFO">Length is 11.</msg>
<msg time="2026-01-29T18:55:59.364653" level="INFO">${count} = 11</msg>
<var>${count}</var>
<arg>${clean_list}</arg>
<doc>Returns and logs the length of the given item as an integer.</doc>
<status status="PASS" start="2026-01-29T18:55:59.364348" elapsed="0.000347"/>
</kw>
<var name="${elem}">&lt;selenium.webdriver.remote.webelement.WebElement (session="91baa7bab2b72164617575a10ad86788", element="f.0872BBD304622278081B7045AE6185B1.d.86CED06124A842C4E01CD5FC910A16CA.e.135")&gt;</var>
<status status="PASS" start="2026-01-29T18:55:59.342762" elapsed="0.022017"/>
</iter>
<iter>
<kw name="Run Keyword And Ignore Error" owner="BuiltIn">
<kw name="Get Text" owner="SeleniumLibrary">
<arg>${elem}</arg>
<doc>Returns the text value of the element identified by ``locator``.</doc>
<status status="PASS" start="2026-01-29T18:55:59.365556" elapsed="0.009239"/>
</kw>
<msg time="2026-01-29T18:55:59.375094" level="INFO">${status} = PASS</msg>
<msg time="2026-01-29T18:55:59.375142" level="INFO">${text} = LOTUSS FRESH EGG NO.0 PACK 30</msg>
<var>${status}</var>
<var>${text}</var>
<arg>SeleniumLibrary.Get text</arg>
<arg>${elem}</arg>
<doc>Runs the given keyword with the given arguments and ignores possible error.</doc>
<status status="PASS" start="2026-01-29T18:55:59.365313" elapsed="0.009852"/>
</kw>
<if>
<branch type="IF" condition="&quot;${status}&quot; == &quot;PASS&quot;">
<kw name="Evaluate" owner="BuiltIn">
<msg time="2026-01-29T18:55:59.375810" level="INFO">${clean_text} = LOTUSS FRESH EGG NO.0 PACK 30</msg>
<var>${clean_text}</var>
<arg>"${text}".strip()</arg>
<doc>Evaluates the given expression in Python and returns the result.</doc>
<status status="PASS" start="2026-01-29T18:55:59.375549" elapsed="0.000293"/>
</kw>
<status status="PASS" start="2026-01-29T18:55:59.375281" elapsed="0.000619"/>
</branch>
<branch type="ELSE">
<kw name="Evaluate" owner="BuiltIn">
<var>${clean_text}</var>
<arg>"".strip()</arg>
<doc>Evaluates the given expression in Python and returns the result.</doc>
<status status="NOT RUN" start="2026-01-29T18:55:59.376089" elapsed="0.000032"/>
</kw>
<status status="NOT RUN" start="2026-01-29T18:55:59.375968" elapsed="0.000198"/>
</branch>
<status status="PASS" start="2026-01-29T18:55:59.375252" elapsed="0.000948"/>
</if>
<kw name="Log To Console" owner="BuiltIn">
<arg>${clean_text}</arg>
<doc>Logs the given message to the console.</doc>
<status status="PASS" start="2026-01-29T18:55:59.376284" elapsed="0.000461"/>
</kw>
<kw name="Run Keyword And Return Status" owner="BuiltIn">
<kw name="Element Should Be Visible" owner="SeleniumLibrary">
<msg time="2026-01-29T18:55:59.385495" level="INFO">Element '&lt;selenium.webdriver.remote.webelement.WebElement (session="91baa7bab2b72164617575a10ad86788", element="f.0872BBD304622278081B7045AE6185B1.d.86CED06124A842C4E01CD5FC910A16CA.e.136")&gt;' is displayed.</msg>
<arg>${elem}</arg>
<doc>Verifies that the element identified by ``locator`` is visible.</doc>
<status status="PASS" start="2026-01-29T18:55:59.377157" elapsed="0.008492"/>
</kw>
<msg time="2026-01-29T18:55:59.385879" level="INFO">${is_visible} = True</msg>
<var>${is_visible}</var>
<arg>SeleniumLibrary.Element should be visible</arg>
<arg>${elem}</arg>
<doc>Runs the given keyword with given arguments and returns the status as a Boolean value.</doc>
<status status="PASS" start="2026-01-29T18:55:59.376953" elapsed="0.009005"/>
</kw>
<if>
<branch type="IF" condition="${is_visible} and '${clean_text}' != '${EMPTY}'">
<kw name="Run Keyword And Return Status" owner="BuiltIn">
<kw name="List Should Not Contain Value" owner="Collections">
<arg>${clean_list}</arg>
<arg>${clean_text}</arg>
<doc>Fails if the ``value`` is found from ``list``.</doc>
<status status="PASS" start="2026-01-29T18:55:59.387294" elapsed="0.000266"/>
</kw>
<msg time="2026-01-29T18:55:59.387716" level="INFO">${not_duplicate} = True</msg>
<var>${not_duplicate}</var>
<arg>Collections.List should not contain value</arg>
<arg>${clean_list}</arg>
<arg>${clean_text}</arg>
<doc>Runs the given keyword with given arguments and returns the status as a Boolean value.</doc>
<status status="PASS" start="2026-01-29T18:55:59.387057" elapsed="0.000703"/>
</kw>
<if>
<branch type="IF" condition="${not_duplicate}">
<kw name="Append To List" owner="Collections">
<arg>${clean_list}</arg>
<arg>${clean_text}</arg>
<doc>Adds ``values`` to the end of ``list``.</doc>
<status status="PASS" start="2026-01-29T18:55:59.388149" elapsed="0.000263"/>
</kw>
<status status="PASS" start="2026-01-29T18:55:59.387941" elapsed="0.000562"/>
</branch>
<status status="PASS" start="2026-01-29T18:55:59.387877" elapsed="0.000744"/>
</if>
<status status="PASS" start="2026-01-29T18:55:59.386139" elapsed="0.002538"/>
</branch>
<status status="PASS" start="2026-01-29T18:55:59.386096" elapsed="0.002681"/>
</if>
<kw name="Get Length" owner="BuiltIn">
<msg time="2026-01-29T18:55:59.389110" level="INFO">Length is 12.</msg>
<msg time="2026-01-29T18:55:59.389217" level="INFO">${count} = 12</msg>
<var>${count}</var>
<arg>${clean_list}</arg>
<doc>Returns and logs the length of the given item as an integer.</doc>
<status status="PASS" start="2026-01-29T18:55:59.388930" elapsed="0.000330"/>
</kw>
<var name="${elem}">&lt;selenium.webdriver.remote.webelement.WebElement (session="91baa7bab2b72164617575a10ad86788", element="f.0872BBD304622278081B7045AE6185B1.d.86CED06124A842C4E01CD5FC910A16CA.e.136")&gt;</var>
<status status="PASS" start="2026-01-29T18:55:59.365150" elapsed="0.024217"/>
</iter>
<iter>
<kw name="Run Keyword And Ignore Error" owner="BuiltIn">
<kw name="Get Text" owner="SeleniumLibrary">
<arg>${elem}</arg>
<doc>Returns the text value of the element identified by ``locator``.</doc>
<status status="PASS" start="2026-01-29T18:55:59.390266" elapsed="0.008472"/>
</kw>
<msg time="2026-01-29T18:55:59.398944" level="INFO">${status} = PASS</msg>
<msg time="2026-01-29T18:55:59.398994" level="INFO">${text} = CP LIQUID PASTEURIZED EGG WHITE 430 ML.</msg>
<var>${status}</var>
<var>${text}</var>
<arg>SeleniumLibrary.Get text</arg>
<arg>${elem}</arg>
<doc>Runs the given keyword with the given arguments and ignores possible error.</doc>
<status status="PASS" start="2026-01-29T18:55:59.389981" elapsed="0.009037"/>
</kw>
<if>
<branch type="IF" condition="&quot;${status}&quot; == &quot;PASS&quot;">
<kw name="Evaluate" owner="BuiltIn">
<msg time="2026-01-29T18:55:59.399658" level="INFO">${clean_text} = CP LIQUID PASTEURIZED EGG WHITE 430 ML.</msg>
<var>${clean_text}</var>
<arg>"${text}".strip()</arg>
<doc>Evaluates the given expression in Python and returns the result.</doc>
<status status="PASS" start="2026-01-29T18:55:59.399419" elapsed="0.000268"/>
</kw>
<status status="PASS" start="2026-01-29T18:55:59.399141" elapsed="0.000600"/>
</branch>
<branch type="ELSE">
<kw name="Evaluate" owner="BuiltIn">
<var>${clean_text}</var>
<arg>"".strip()</arg>
<doc>Evaluates the given expression in Python and returns the result.</doc>
<status status="NOT RUN" start="2026-01-29T18:55:59.399895" elapsed="0.000029"/>
</kw>
<status status="NOT RUN" start="2026-01-29T18:55:59.399789" elapsed="0.000178"/>
</branch>
<status status="PASS" start="2026-01-29T18:55:59.399107" elapsed="0.000897"/>
</if>
<kw name="Log To Console" owner="BuiltIn">
<arg>${clean_text}</arg>
<doc>Logs the given message to the console.</doc>
<status status="PASS" start="2026-01-29T18:55:59.400100" elapsed="0.000319"/>
</kw>
<kw name="Run Keyword And Return Status" owner="BuiltIn">
<kw name="Element Should Be Visible" owner="SeleniumLibrary">
<msg time="2026-01-29T18:55:59.407583" level="INFO">Element '&lt;selenium.webdriver.remote.webelement.WebElement (session="91baa7bab2b72164617575a10ad86788", element="f.0872BBD304622278081B7045AE6185B1.d.86CED06124A842C4E01CD5FC910A16CA.e.137")&gt;' is displayed.</msg>
<arg>${elem}</arg>
<doc>Verifies that the element identified by ``locator`` is visible.</doc>
<status status="PASS" start="2026-01-29T18:55:59.400726" elapsed="0.007026"/>
</kw>
<msg time="2026-01-29T18:55:59.407924" level="INFO">${is_visible} = True</msg>
<var>${is_visible}</var>
<arg>SeleniumLibrary.Element should be visible</arg>
<arg>${elem}</arg>
<doc>Runs the given keyword with given arguments and returns the status as a Boolean value.</doc>
<status status="PASS" start="2026-01-29T18:55:59.400568" elapsed="0.007384"/>
</kw>
<if>
<branch type="IF" condition="${is_visible} and '${clean_text}' != '${EMPTY}'">
<kw name="Run Keyword And Return Status" owner="BuiltIn">
<kw name="List Should Not Contain Value" owner="Collections">
<arg>${clean_list}</arg>
<arg>${clean_text}</arg>
<doc>Fails if the ``value`` is found from ``list``.</doc>
<status status="PASS" start="2026-01-29T18:55:59.408837" elapsed="0.000179"/>
</kw>
<msg time="2026-01-29T18:55:59.409121" level="INFO">${not_duplicate} = True</msg>
<var>${not_duplicate}</var>
<arg>Collections.List should not contain value</arg>
<arg>${clean_list}</arg>
<arg>${clean_text}</arg>
<doc>Runs the given keyword with given arguments and returns the status as a Boolean value.</doc>
<status status="PASS" start="2026-01-29T18:55:59.408669" elapsed="0.000481"/>
</kw>
<if>
<branch type="IF" condition="${not_duplicate}">
<kw name="Append To List" owner="Collections">
<arg>${clean_list}</arg>
<arg>${clean_text}</arg>
<doc>Adds ``values`` to the end of ``list``.</doc>
<status status="PASS" start="2026-01-29T18:55:59.409573" elapsed="0.000386"/>
</kw>
<status status="PASS" start="2026-01-29T18:55:59.409244" elapsed="0.000839"/>
</branch>
<status status="PASS" start="2026-01-29T18:55:59.409224" elapsed="0.000951"/>
</if>
<status status="PASS" start="2026-01-29T18:55:59.408064" elapsed="0.002158"/>
</branch>
<status status="PASS" start="2026-01-29T18:55:59.408036" elapsed="0.002254"/>
</if>
<kw name="Get Length" owner="BuiltIn">
<msg time="2026-01-29T18:55:59.410620" level="INFO">Length is 13.</msg>
<msg time="2026-01-29T18:55:59.410743" level="INFO">${count} = 13</msg>
<var>${count}</var>
<arg>${clean_list}</arg>
<doc>Returns and logs the length of the given item as an integer.</doc>
<status status="PASS" start="2026-01-29T18:55:59.410431" elapsed="0.000357"/>
</kw>
<var name="${elem}">&lt;selenium.webdriver.remote.webelement.WebElement (session="91baa7bab2b72164617575a10ad86788", element="f.0872BBD304622278081B7045AE6185B1.d.86CED06124A842C4E01CD5FC910A16CA.e.137")&gt;</var>
<status status="PASS" start="2026-01-29T18:55:59.389776" elapsed="0.021099"/>
</iter>
<iter>
<kw name="Run Keyword And Ignore Error" owner="BuiltIn">
<kw name="Get Text" owner="SeleniumLibrary">
<arg>${elem}</arg>
<doc>Returns the text value of the element identified by ``locator``.</doc>
<status status="PASS" start="2026-01-29T18:55:59.411688" elapsed="0.007432"/>
</kw>
<msg time="2026-01-29T18:55:59.419329" level="INFO">${status} = PASS</msg>
<msg time="2026-01-29T18:55:59.419380" level="INFO">${text} = HILLTRIBE ORGANICS EGG PACK 6</msg>
<var>${status}</var>
<var>${text}</var>
<arg>SeleniumLibrary.Get text</arg>
<arg>${elem}</arg>
<doc>Runs the given keyword with the given arguments and ignores possible error.</doc>
<status status="PASS" start="2026-01-29T18:55:59.411460" elapsed="0.007945"/>
</kw>
<if>
<branch type="IF" condition="&quot;${status}&quot; == &quot;PASS&quot;">
<kw name="Evaluate" owner="BuiltIn">
<msg time="2026-01-29T18:55:59.420003" level="INFO">${clean_text} = HILLTRIBE ORGANICS EGG PACK 6</msg>
<var>${clean_text}</var>
<arg>"${text}".strip()</arg>
<doc>Evaluates the given expression in Python and returns the result.</doc>
<status status="PASS" start="2026-01-29T18:55:59.419767" elapsed="0.000269"/>
</kw>
<status status="PASS" start="2026-01-29T18:55:59.419518" elapsed="0.000576"/>
</branch>
<branch type="ELSE">
<kw name="Evaluate" owner="BuiltIn">
<var>${clean_text}</var>
<arg>"".strip()</arg>
<doc>Evaluates the given expression in Python and returns the result.</doc>
<status status="NOT RUN" start="2026-01-29T18:55:59.420252" elapsed="0.000032"/>
</kw>
<status status="NOT RUN" start="2026-01-29T18:55:59.420142" elapsed="0.000186"/>
</branch>
<status status="PASS" start="2026-01-29T18:55:59.419491" elapsed="0.000873"/>
</if>
<kw name="Log To Console" owner="BuiltIn">
<arg>${clean_text}</arg>
<doc>Logs the given message to the console.</doc>
<status status="PASS" start="2026-01-29T18:55:59.420439" elapsed="0.000455"/>
</kw>
<kw name="Run Keyword And Return Status" owner="BuiltIn">
<kw name="Element Should Be Visible" owner="SeleniumLibrary">
<msg time="2026-01-29T18:55:59.427509" level="INFO">Element '&lt;selenium.webdriver.remote.webelement.WebElement (session="91baa7bab2b72164617575a10ad86788", element="f.0872BBD304622278081B7045AE6185B1.d.86CED06124A842C4E01CD5FC910A16CA.e.138")&gt;' is displayed.</msg>
<arg>${elem}</arg>
<doc>Verifies that the element identified by ``locator`` is visible.</doc>
<status status="PASS" start="2026-01-29T18:55:59.421271" elapsed="0.006362"/>
</kw>
<msg time="2026-01-29T18:55:59.427808" level="INFO">${is_visible} = True</msg>
<var>${is_visible}</var>
<arg>SeleniumLibrary.Element should be visible</arg>
<arg>${elem}</arg>
<doc>Runs the given keyword with given arguments and returns the status as a Boolean value.</doc>
<status status="PASS" start="2026-01-29T18:55:59.421090" elapsed="0.006748"/>
</kw>
<if>
<branch type="IF" condition="${is_visible} and '${clean_text}' != '${EMPTY}'">
<kw name="Run Keyword And Return Status" owner="BuiltIn">
<kw name="List Should Not Contain Value" owner="Collections">
<arg>${clean_list}</arg>
<arg>${clean_text}</arg>
<doc>Fails if the ``value`` is found from ``list``.</doc>
<status status="PASS" start="2026-01-29T18:55:59.429150" elapsed="0.000221"/>
</kw>
<msg time="2026-01-29T18:55:59.429500" level="INFO">${not_duplicate} = True</msg>
<var>${not_duplicate}</var>
<arg>Collections.List should not contain value</arg>
<arg>${clean_list}</arg>
<arg>${clean_text}</arg>
<doc>Runs the given keyword with given arguments and returns the status as a Boolean value.</doc>
<status status="PASS" start="2026-01-29T18:55:59.428819" elapsed="0.000711"/>
</kw>
<if>
<branch type="IF" condition="${not_duplicate}">
<kw name="Append To List" owner="Collections">
<arg>${clean_list}</arg>
<arg>${clean_text}</arg>
<doc>Adds ``values`` to the end of ``list``.</doc>
<status status="PASS" start="2026-01-29T18:55:59.429763" elapsed="0.000160"/>
</kw>
<status status="PASS" start="2026-01-29T18:55:59.429628" elapsed="0.000353"/>
</branch>
<status status="PASS" start="2026-01-29T18:55:59.429606" elapsed="0.000421"/>
</if>
<status status="PASS" start="2026-01-29T18:55:59.427960" elapsed="0.002089"/>
</branch>
<status status="PASS" start="2026-01-29T18:55:59.427929" elapsed="0.002150"/>
</if>
<kw name="Get Length" owner="BuiltIn">
<msg time="2026-01-29T18:55:59.430273" level="INFO">Length is 14.</msg>
<msg time="2026-01-29T18:55:59.430340" level="INFO">${count} = 14</msg>
<var>${count}</var>
<arg>${clean_list}</arg>
<doc>Returns and logs the length of the given item as an integer.</doc>
<status status="PASS" start="2026-01-29T18:55:59.430161" elapsed="0.000201"/>
</kw>
<var name="${elem}">&lt;selenium.webdriver.remote.webelement.WebElement (session="91baa7bab2b72164617575a10ad86788", element="f.0872BBD304622278081B7045AE6185B1.d.86CED06124A842C4E01CD5FC910A16CA.e.138")&gt;</var>
<status status="PASS" start="2026-01-29T18:55:59.411288" elapsed="0.019121"/>
</iter>
<iter>
<kw name="Run Keyword And Ignore Error" owner="BuiltIn">
<kw name="Get Text" owner="SeleniumLibrary">
<arg>${elem}</arg>
<doc>Returns the text value of the element identified by ``locator``.</doc>
<status status="PASS" start="2026-01-29T18:55:59.430889" elapsed="0.036194"/>
</kw>
<msg time="2026-01-29T18:55:59.467368" level="INFO">${status} = PASS</msg>
<msg time="2026-01-29T18:55:59.467445" level="INFO">${text} = CP SELECTION EGG NO.2 PACK 10 EGGS</msg>
<var>${status}</var>
<var>${text}</var>
<arg>SeleniumLibrary.Get text</arg>
<arg>${elem}</arg>
<doc>Runs the given keyword with the given arguments and ignores possible error.</doc>
<status status="PASS" start="2026-01-29T18:55:59.430747" elapsed="0.036736"/>
</kw>
<if>
<branch type="IF" condition="&quot;${status}&quot; == &quot;PASS&quot;">
<kw name="Evaluate" owner="BuiltIn">
<msg time="2026-01-29T18:55:59.468498" level="INFO">${clean_text} = CP SELECTION EGG NO.2 PACK 10 EGGS</msg>
<var>${clean_text}</var>
<arg>"${text}".strip()</arg>
<doc>Evaluates the given expression in Python and returns the result.</doc>
<status status="PASS" start="2026-01-29T18:55:59.468063" elapsed="0.000489"/>
</kw>
<status status="PASS" start="2026-01-29T18:55:59.467656" elapsed="0.000997"/>
</branch>
<branch type="ELSE">
<kw name="Evaluate" owner="BuiltIn">
<var>${clean_text}</var>
<arg>"".strip()</arg>
<doc>Evaluates the given expression in Python and returns the result.</doc>
<status status="NOT RUN" start="2026-01-29T18:55:59.468910" elapsed="0.000046"/>
</kw>
<status status="NOT RUN" start="2026-01-29T18:55:59.468731" elapsed="0.000291"/>
</branch>
<status status="PASS" start="2026-01-29T18:55:59.467613" elapsed="0.001463"/>
</if>
<kw name="Log To Console" owner="BuiltIn">
<arg>${clean_text}</arg>
<doc>Logs the given message to the console.</doc>
<status status="PASS" start="2026-01-29T18:55:59.469192" elapsed="0.000635"/>
</kw>
<kw name="Run Keyword And Return Status" owner="BuiltIn">
<kw name="Element Should Be Visible" owner="SeleniumLibrary">
<msg time="2026-01-29T18:55:59.479859" level="INFO">Element '&lt;selenium.webdriver.remote.webelement.WebElement (session="91baa7bab2b72164617575a10ad86788", element="f.0872BBD304622278081B7045AE6185B1.d.86CED06124A842C4E01CD5FC910A16CA.e.139")&gt;' is displayed.</msg>
<arg>${elem}</arg>
<doc>Verifies that the element identified by ``locator`` is visible.</doc>
<status status="PASS" start="2026-01-29T18:55:59.470307" elapsed="0.009662"/>
</kw>
<msg time="2026-01-29T18:55:59.480128" level="INFO">${is_visible} = True</msg>
<var>${is_visible}</var>
<arg>SeleniumLibrary.Element should be visible</arg>
<arg>${elem}</arg>
<doc>Runs the given keyword with given arguments and returns the status as a Boolean value.</doc>
<status status="PASS" start="2026-01-29T18:55:59.470078" elapsed="0.010078"/>
</kw>
<if>
<branch type="IF" condition="${is_visible} and '${clean_text}' != '${EMPTY}'">
<kw name="Run Keyword And Return Status" owner="BuiltIn">
<kw name="List Should Not Contain Value" owner="Collections">
<arg>${clean_list}</arg>
<arg>${clean_text}</arg>
<doc>Fails if the ``value`` is found from ``list``.</doc>
<status status="PASS" start="2026-01-29T18:55:59.481035" elapsed="0.000165"/>
</kw>
<msg time="2026-01-29T18:55:59.481336" level="INFO">${not_duplicate} = True</msg>
<var>${not_duplicate}</var>
<arg>Collections.List should not contain value</arg>
<arg>${clean_list}</arg>
<arg>${clean_text}</arg>
<doc>Runs the given keyword with given arguments and returns the status as a Boolean value.</doc>
<status status="PASS" start="2026-01-29T18:55:59.480877" elapsed="0.000486"/>
</kw>
<if>
<branch type="IF" condition="${not_duplicate}">
<kw name="Append To List" owner="Collections">
<arg>${clean_list}</arg>
<arg>${clean_text}</arg>
<doc>Adds ``values`` to the end of ``list``.</doc>
<status status="PASS" start="2026-01-29T18:55:59.481571" elapsed="0.000128"/>
</kw>
<status status="PASS" start="2026-01-29T18:55:59.481445" elapsed="0.000303"/>
</branch>
<status status="PASS" start="2026-01-29T18:55:59.481428" elapsed="0.000367"/>
</if>
<status status="PASS" start="2026-01-29T18:55:59.480267" elapsed="0.001548"/>
</branch>
<status status="PASS" start="2026-01-29T18:55:59.480239" elapsed="0.001606"/>
</if>
<kw name="Get Length" owner="BuiltIn">
<msg time="2026-01-29T18:55:59.482029" level="INFO">Length is 15.</msg>
<msg time="2026-01-29T18:55:59.482091" level="INFO">${count} = 15</msg>
<var>${count}</var>
<arg>${clean_list}</arg>
<doc>Returns and logs the length of the given item as an integer.</doc>
<status status="PASS" start="2026-01-29T18:55:59.481923" elapsed="0.000192"/>
</kw>
<var name="${elem}">&lt;selenium.webdriver.remote.webelement.WebElement (session="91baa7bab2b72164617575a10ad86788", element="f.0872BBD304622278081B7045AE6185B1.d.86CED06124A842C4E01CD5FC910A16CA.e.139")&gt;</var>
<status status="PASS" start="2026-01-29T18:55:59.430641" elapsed="0.051519"/>
</iter>
<var>${elem}</var>
<value>@{all_elements}</value>
<status status="PASS" start="2026-01-29T18:55:59.010064" elapsed="0.472153"/>
</for>
<kw name="Log To Console" owner="BuiltIn">
<arg>จำนวนที่พบ: ${clean_list.__len__()} ตัว</arg>
<doc>Logs the given message to the console.</doc>
<status status="PASS" start="2026-01-29T18:55:59.482342" elapsed="0.000787"/>
</kw>
<return>
<value>${clean_list}</value>
<status status="PASS" start="2026-01-29T18:55:59.483231" elapsed="0.000072"/>
</return>
<msg time="2026-01-29T18:55:59.483466" level="INFO">${all_names} = ['LOTUSS HYGIENIC EGG MEDIUM SIZE M 30 PCS.', 'AKARA CAGE FREE EGG PACK 10', 'CP SELECTION EGG NO.1 PACK 10', 'LOTUSS HYGIENIC EGG LARGE (L) 30 PCS.', 'LOTUSS HYGIENIC EGG NO.3 PACK 10', 'CP SELECTION...</msg>
<var>${all_names}</var>
<arg>${plp_locator.lbl_product_name}</arg>
<status status="PASS" start="2026-01-29T18:55:58.993616" elapsed="0.489880"/>
</kw>
<variable name="${expected_name}">
<msg time="2026-01-29T18:55:59.483786" level="INFO">${expected_name} = LOTUSS HYGIENIC EGG MEDIUM SIZE M 30 PCS.</msg>
<var>${all_names}[${index}]</var>
<status status="PASS" start="2026-01-29T18:55:59.483557" elapsed="0.000266"/>
</variable>
<kw name="Log To Console" owner="BuiltIn">
<arg>คุณเลือกสินค้าลำดับที่ ${index+1}: ${expected_name}</arg>
<doc>Logs the given message to the console.</doc>
<status status="PASS" start="2026-01-29T18:55:59.483962" elapsed="0.000584"/>
</kw>
<kw name="Select Product By Index" owner="Page_plp">
<kw name="Get WebElements" owner="SeleniumLibrary">
<msg time="2026-01-29T18:55:59.512127" level="INFO">@{elements} = [ &lt;selenium.webdriver.remote.webelement.WebElement (session="91baa7bab2b72164617575a10ad86788", element="f.0872BBD304622278081B7045AE6185B1.d.86CED06124A842C4E01CD5FC910A16CA.e.125")&gt; | &lt;selenium.webd...</msg>
<var>@{elements}</var>
<arg>${plp_locator.lbl_product_name}</arg>
<doc>Returns a list of WebElement objects matching the ``locator``.</doc>
<status status="PASS" start="2026-01-29T18:55:59.485037" elapsed="0.027147"/>
</kw>
<kw name="Click Element" owner="SeleniumLibrary">
<msg time="2026-01-29T18:55:59.512654" level="INFO">Clicking element '&lt;selenium.webdriver.remote.webelement.WebElement (session="91baa7bab2b72164617575a10ad86788", element="f.0872BBD304622278081B7045AE6185B1.d.86CED06124A842C4E01CD5FC910A16CA.e.125")&gt;'.</msg>
<arg>${elements}[${index}]</arg>
<doc>Click the element identified by ``locator``.</doc>
<status status="PASS" start="2026-01-29T18:55:59.512386" elapsed="0.474464"/>
</kw>
<kw name="Sleep" owner="BuiltIn">
<msg time="2026-01-29T18:56:04.988223" level="INFO">Slept 5 seconds.</msg>
<arg>${browser_settings.delay_long}</arg>
<doc>Pauses the test executed for the given time.</doc>
<status status="PASS" start="2026-01-29T18:55:59.987080" elapsed="5.001572"/>
</kw>
<arg>${index}</arg>
<status status="PASS" start="2026-01-29T18:55:59.484744" elapsed="5.504286"/>
</kw>
<kw name="Wait Until Element Is Visible" owner="SeleniumLibrary">
<arg>${pdp_locator.lbl_detail_name}</arg>
<doc>Waits until the element ``locator`` is visible.</doc>
<status status="PASS" start="2026-01-29T18:56:04.989574" elapsed="0.021974"/>
</kw>
<kw name="Get Text" owner="SeleniumLibrary">
<msg time="2026-01-29T18:56:05.025364" level="INFO">${actual_name} = LOTUSS HYGIENIC EGG MEDIUM SIZE M 30 PCS.</msg>
<var>${actual_name}</var>
<arg>${pdp_locator.lbl_detail_name}</arg>
<doc>Returns the text value of the element identified by ``locator``.</doc>
<status status="PASS" start="2026-01-29T18:56:05.011786" elapsed="0.013623"/>
</kw>
<kw name="Should Be Equal" owner="BuiltIn">
<arg>${actual_name.strip()}</arg>
<arg>${expected_name}</arg>
<doc>Fails if the given objects are unequal.</doc>
<status status="PASS" start="2026-01-29T18:56:05.025589" elapsed="0.000497"/>
</kw>
<kw name="Log To Console" owner="BuiltIn">
<arg>Success! ชื่อสินค้าตรงกัน: ${actual_name.strip()}</arg>
<doc>Logs the given message to the console.</doc>
<status status="PASS" start="2026-01-29T18:56:05.026218" elapsed="0.000530"/>
</kw>
<arg>${Product.product_1st}</arg>
<status status="PASS" start="2026-01-29T18:55:58.288596" elapsed="6.738238"/>
</kw>
<kw name="Close Browser" owner="SeleniumLibrary" type="TEARDOWN">
<doc>Closes the current browser.</doc>
<status status="PASS" start="2026-01-29T18:56:05.027121" elapsed="2.453703"/>
</kw>
<tag>END-END</tag>
<tag>TC6</tag>
<status status="PASS" start="2026-01-29T18:55:24.239497" elapsed="43.242031"/>
</test>
<status status="PASS" start="2026-01-29T18:55:23.678403" elapsed="43.805318"/>
</suite>
<statistics>
<total>
<stat pass="1" fail="0" skip="0">All Tests</stat>
</total>
<tag>
<stat pass="1" fail="0" skip="0">END-END</stat>
<stat pass="1" fail="0" skip="0">TC6</stat>
</tag>
<suite>
<stat name="TC 6" id="s1" pass="1" fail="0" skip="0">TC 6</stat>
</suite>
</statistics>
<errors>
</errors>
</robot>
